[2023-02-27T00:00:07.517+0000] {processor.py:153} INFO - Started process (PID=7404) to work on /opt/airflow/dags/cms_pg/updates.py
[2023-02-27T00:00:07.520+0000] {processor.py:743} INFO - Processing file /opt/airflow/dags/cms_pg/updates.py for tasks to queue
[2023-02-27T00:00:07.535+0000] {logging_mixin.py:137} INFO - [2023-02-27T00:00:07.534+0000] {dagbag.py:538} INFO - Filling up the DagBag from /opt/airflow/dags/cms_pg/updates.py
[2023-02-27T00:00:09.190+0000] {logging_mixin.py:137} INFO - Website is not changed.
[2023-02-27T00:00:10.186+0000] {processor.py:755} WARNING - No viable dags retrieved from /opt/airflow/dags/cms_pg/updates.py
[2023-02-27T00:00:10.281+0000] {processor.py:175} INFO - Processing /opt/airflow/dags/cms_pg/updates.py took 2.786 seconds
[2023-02-27T00:00:40.632+0000] {processor.py:153} INFO - Started process (PID=7439) to work on /opt/airflow/dags/cms_pg/updates.py
[2023-02-27T00:00:40.634+0000] {processor.py:743} INFO - Processing file /opt/airflow/dags/cms_pg/updates.py for tasks to queue
[2023-02-27T00:00:40.636+0000] {logging_mixin.py:137} INFO - [2023-02-27T00:00:40.636+0000] {dagbag.py:538} INFO - Filling up the DagBag from /opt/airflow/dags/cms_pg/updates.py
[2023-02-27T00:00:41.628+0000] {logging_mixin.py:137} INFO - Website is not changed.
[2023-02-27T00:00:41.861+0000] {processor.py:755} WARNING - No viable dags retrieved from /opt/airflow/dags/cms_pg/updates.py
[2023-02-27T00:00:41.887+0000] {processor.py:175} INFO - Processing /opt/airflow/dags/cms_pg/updates.py took 1.260 seconds
[2023-02-27T00:01:12.341+0000] {processor.py:153} INFO - Started process (PID=7482) to work on /opt/airflow/dags/cms_pg/updates.py
[2023-02-27T00:01:12.344+0000] {processor.py:743} INFO - Processing file /opt/airflow/dags/cms_pg/updates.py for tasks to queue
[2023-02-27T00:01:12.345+0000] {logging_mixin.py:137} INFO - [2023-02-27T00:01:12.345+0000] {dagbag.py:538} INFO - Filling up the DagBag from /opt/airflow/dags/cms_pg/updates.py
[2023-02-27T00:01:13.413+0000] {logging_mixin.py:137} INFO - Website is not changed.
[2023-02-27T00:01:13.582+0000] {processor.py:755} WARNING - No viable dags retrieved from /opt/airflow/dags/cms_pg/updates.py
[2023-02-27T00:01:13.598+0000] {processor.py:175} INFO - Processing /opt/airflow/dags/cms_pg/updates.py took 1.263 seconds
[2023-02-27T00:01:44.048+0000] {processor.py:153} INFO - Started process (PID=7512) to work on /opt/airflow/dags/cms_pg/updates.py
[2023-02-27T00:01:44.050+0000] {processor.py:743} INFO - Processing file /opt/airflow/dags/cms_pg/updates.py for tasks to queue
[2023-02-27T00:01:44.052+0000] {logging_mixin.py:137} INFO - [2023-02-27T00:01:44.052+0000] {dagbag.py:538} INFO - Filling up the DagBag from /opt/airflow/dags/cms_pg/updates.py
[2023-02-27T00:01:45.384+0000] {logging_mixin.py:137} INFO - Website is not changed.
[2023-02-27T00:01:46.010+0000] {processor.py:755} WARNING - No viable dags retrieved from /opt/airflow/dags/cms_pg/updates.py
[2023-02-27T00:01:46.047+0000] {processor.py:175} INFO - Processing /opt/airflow/dags/cms_pg/updates.py took 2.003 seconds
[2023-02-27T00:02:16.678+0000] {processor.py:153} INFO - Started process (PID=7556) to work on /opt/airflow/dags/cms_pg/updates.py
[2023-02-27T00:02:16.680+0000] {processor.py:743} INFO - Processing file /opt/airflow/dags/cms_pg/updates.py for tasks to queue
[2023-02-27T00:02:16.681+0000] {logging_mixin.py:137} INFO - [2023-02-27T00:02:16.681+0000] {dagbag.py:538} INFO - Filling up the DagBag from /opt/airflow/dags/cms_pg/updates.py
[2023-02-27T00:02:17.589+0000] {logging_mixin.py:137} INFO - Website is not changed.
[2023-02-27T00:02:18.075+0000] {processor.py:755} WARNING - No viable dags retrieved from /opt/airflow/dags/cms_pg/updates.py
[2023-02-27T00:02:18.091+0000] {processor.py:175} INFO - Processing /opt/airflow/dags/cms_pg/updates.py took 1.419 seconds
[2023-02-27T00:02:48.439+0000] {processor.py:153} INFO - Started process (PID=7600) to work on /opt/airflow/dags/cms_pg/updates.py
[2023-02-27T00:02:48.443+0000] {processor.py:743} INFO - Processing file /opt/airflow/dags/cms_pg/updates.py for tasks to queue
[2023-02-27T00:02:48.451+0000] {logging_mixin.py:137} INFO - [2023-02-27T00:02:48.447+0000] {dagbag.py:538} INFO - Filling up the DagBag from /opt/airflow/dags/cms_pg/updates.py
[2023-02-27T00:02:49.096+0000] {logging_mixin.py:137} INFO - Website is not changed.
[2023-02-27T00:02:49.610+0000] {processor.py:755} WARNING - No viable dags retrieved from /opt/airflow/dags/cms_pg/updates.py
[2023-02-27T00:02:49.630+0000] {processor.py:175} INFO - Processing /opt/airflow/dags/cms_pg/updates.py took 1.209 seconds
[2023-02-27T00:03:20.204+0000] {processor.py:153} INFO - Started process (PID=7638) to work on /opt/airflow/dags/cms_pg/updates.py
[2023-02-27T00:03:20.207+0000] {processor.py:743} INFO - Processing file /opt/airflow/dags/cms_pg/updates.py for tasks to queue
[2023-02-27T00:03:20.208+0000] {logging_mixin.py:137} INFO - [2023-02-27T00:03:20.208+0000] {dagbag.py:538} INFO - Filling up the DagBag from /opt/airflow/dags/cms_pg/updates.py
[2023-02-27T00:03:21.880+0000] {logging_mixin.py:137} INFO - Website is not changed.
[2023-02-27T00:03:22.060+0000] {processor.py:755} WARNING - No viable dags retrieved from /opt/airflow/dags/cms_pg/updates.py
[2023-02-27T00:03:22.101+0000] {processor.py:175} INFO - Processing /opt/airflow/dags/cms_pg/updates.py took 1.916 seconds
[2023-02-27T00:03:52.649+0000] {processor.py:153} INFO - Started process (PID=7676) to work on /opt/airflow/dags/cms_pg/updates.py
[2023-02-27T00:03:52.652+0000] {processor.py:743} INFO - Processing file /opt/airflow/dags/cms_pg/updates.py for tasks to queue
[2023-02-27T00:03:52.653+0000] {logging_mixin.py:137} INFO - [2023-02-27T00:03:52.653+0000] {dagbag.py:538} INFO - Filling up the DagBag from /opt/airflow/dags/cms_pg/updates.py
[2023-02-27T00:03:53.869+0000] {logging_mixin.py:137} INFO - Website is not changed.
[2023-02-27T00:03:54.140+0000] {processor.py:755} WARNING - No viable dags retrieved from /opt/airflow/dags/cms_pg/updates.py
[2023-02-27T00:03:54.160+0000] {processor.py:175} INFO - Processing /opt/airflow/dags/cms_pg/updates.py took 1.530 seconds
[2023-02-27T00:04:24.507+0000] {processor.py:153} INFO - Started process (PID=7721) to work on /opt/airflow/dags/cms_pg/updates.py
[2023-02-27T00:04:24.511+0000] {processor.py:743} INFO - Processing file /opt/airflow/dags/cms_pg/updates.py for tasks to queue
[2023-02-27T00:04:24.514+0000] {logging_mixin.py:137} INFO - [2023-02-27T00:04:24.513+0000] {dagbag.py:538} INFO - Filling up the DagBag from /opt/airflow/dags/cms_pg/updates.py
[2023-02-27T00:04:25.865+0000] {logging_mixin.py:137} INFO - Website is not changed.
[2023-02-27T00:04:26.138+0000] {processor.py:755} WARNING - No viable dags retrieved from /opt/airflow/dags/cms_pg/updates.py
[2023-02-27T00:04:26.158+0000] {processor.py:175} INFO - Processing /opt/airflow/dags/cms_pg/updates.py took 1.662 seconds
[2023-02-27T00:04:56.549+0000] {processor.py:153} INFO - Started process (PID=7765) to work on /opt/airflow/dags/cms_pg/updates.py
[2023-02-27T00:04:56.551+0000] {processor.py:743} INFO - Processing file /opt/airflow/dags/cms_pg/updates.py for tasks to queue
[2023-02-27T00:04:56.553+0000] {logging_mixin.py:137} INFO - [2023-02-27T00:04:56.553+0000] {dagbag.py:538} INFO - Filling up the DagBag from /opt/airflow/dags/cms_pg/updates.py
[2023-02-27T00:04:57.402+0000] {logging_mixin.py:137} INFO - Website is not changed.
[2023-02-27T00:04:57.645+0000] {processor.py:755} WARNING - No viable dags retrieved from /opt/airflow/dags/cms_pg/updates.py
[2023-02-27T00:04:57.669+0000] {processor.py:175} INFO - Processing /opt/airflow/dags/cms_pg/updates.py took 1.125 seconds
[2023-02-27T00:05:28.085+0000] {processor.py:153} INFO - Started process (PID=7796) to work on /opt/airflow/dags/cms_pg/updates.py
[2023-02-27T00:05:28.088+0000] {processor.py:743} INFO - Processing file /opt/airflow/dags/cms_pg/updates.py for tasks to queue
[2023-02-27T00:05:28.090+0000] {logging_mixin.py:137} INFO - [2023-02-27T00:05:28.090+0000] {dagbag.py:538} INFO - Filling up the DagBag from /opt/airflow/dags/cms_pg/updates.py
[2023-02-27T00:05:28.552+0000] {logging_mixin.py:137} INFO - Website is not changed.
[2023-02-27T00:05:29.079+0000] {processor.py:755} WARNING - No viable dags retrieved from /opt/airflow/dags/cms_pg/updates.py
[2023-02-27T00:05:29.114+0000] {processor.py:175} INFO - Processing /opt/airflow/dags/cms_pg/updates.py took 1.039 seconds
[2023-02-27T00:05:59.552+0000] {processor.py:153} INFO - Started process (PID=7840) to work on /opt/airflow/dags/cms_pg/updates.py
[2023-02-27T00:05:59.555+0000] {processor.py:743} INFO - Processing file /opt/airflow/dags/cms_pg/updates.py for tasks to queue
[2023-02-27T00:05:59.556+0000] {logging_mixin.py:137} INFO - [2023-02-27T00:05:59.556+0000] {dagbag.py:538} INFO - Filling up the DagBag from /opt/airflow/dags/cms_pg/updates.py
[2023-02-27T00:06:00.713+0000] {logging_mixin.py:137} INFO - Website is not changed.
[2023-02-27T00:06:00.972+0000] {processor.py:755} WARNING - No viable dags retrieved from /opt/airflow/dags/cms_pg/updates.py
[2023-02-27T00:06:00.995+0000] {processor.py:175} INFO - Processing /opt/airflow/dags/cms_pg/updates.py took 1.449 seconds
[2023-02-27T00:06:31.473+0000] {processor.py:153} INFO - Started process (PID=7884) to work on /opt/airflow/dags/cms_pg/updates.py
[2023-02-27T00:06:31.479+0000] {processor.py:743} INFO - Processing file /opt/airflow/dags/cms_pg/updates.py for tasks to queue
[2023-02-27T00:06:31.480+0000] {logging_mixin.py:137} INFO - [2023-02-27T00:06:31.480+0000] {dagbag.py:538} INFO - Filling up the DagBag from /opt/airflow/dags/cms_pg/updates.py
[2023-02-27T00:06:32.388+0000] {logging_mixin.py:137} INFO - Website is not changed.
[2023-02-27T00:06:32.661+0000] {processor.py:755} WARNING - No viable dags retrieved from /opt/airflow/dags/cms_pg/updates.py
[2023-02-27T00:06:32.682+0000] {processor.py:175} INFO - Processing /opt/airflow/dags/cms_pg/updates.py took 1.218 seconds
[2023-02-27T00:07:03.054+0000] {processor.py:153} INFO - Started process (PID=7924) to work on /opt/airflow/dags/cms_pg/updates.py
[2023-02-27T00:07:03.060+0000] {processor.py:743} INFO - Processing file /opt/airflow/dags/cms_pg/updates.py for tasks to queue
[2023-02-27T00:07:03.063+0000] {logging_mixin.py:137} INFO - [2023-02-27T00:07:03.062+0000] {dagbag.py:538} INFO - Filling up the DagBag from /opt/airflow/dags/cms_pg/updates.py
[2023-02-27T00:07:04.580+0000] {logging_mixin.py:137} INFO - Website is not changed.
[2023-02-27T00:07:04.765+0000] {processor.py:755} WARNING - No viable dags retrieved from /opt/airflow/dags/cms_pg/updates.py
[2023-02-27T00:07:04.798+0000] {processor.py:175} INFO - Processing /opt/airflow/dags/cms_pg/updates.py took 1.758 seconds
[2023-02-27T00:07:35.340+0000] {processor.py:153} INFO - Started process (PID=7959) to work on /opt/airflow/dags/cms_pg/updates.py
[2023-02-27T00:07:35.342+0000] {processor.py:743} INFO - Processing file /opt/airflow/dags/cms_pg/updates.py for tasks to queue
[2023-02-27T00:07:35.344+0000] {logging_mixin.py:137} INFO - [2023-02-27T00:07:35.343+0000] {dagbag.py:538} INFO - Filling up the DagBag from /opt/airflow/dags/cms_pg/updates.py
[2023-02-27T00:07:36.400+0000] {logging_mixin.py:137} INFO - Website is not changed.
[2023-02-27T00:07:36.855+0000] {processor.py:755} WARNING - No viable dags retrieved from /opt/airflow/dags/cms_pg/updates.py
[2023-02-27T00:07:36.888+0000] {processor.py:175} INFO - Processing /opt/airflow/dags/cms_pg/updates.py took 1.559 seconds
[2023-02-27T00:08:07.365+0000] {processor.py:153} INFO - Started process (PID=8003) to work on /opt/airflow/dags/cms_pg/updates.py
[2023-02-27T00:08:07.368+0000] {processor.py:743} INFO - Processing file /opt/airflow/dags/cms_pg/updates.py for tasks to queue
[2023-02-27T00:08:07.370+0000] {logging_mixin.py:137} INFO - [2023-02-27T00:08:07.370+0000] {dagbag.py:538} INFO - Filling up the DagBag from /opt/airflow/dags/cms_pg/updates.py
[2023-02-27T00:08:08.470+0000] {logging_mixin.py:137} INFO - Website is not changed.
[2023-02-27T00:08:08.682+0000] {processor.py:755} WARNING - No viable dags retrieved from /opt/airflow/dags/cms_pg/updates.py
[2023-02-27T00:08:08.702+0000] {processor.py:175} INFO - Processing /opt/airflow/dags/cms_pg/updates.py took 1.347 seconds
[2023-02-27T00:08:39.138+0000] {processor.py:153} INFO - Started process (PID=8048) to work on /opt/airflow/dags/cms_pg/updates.py
[2023-02-27T00:08:39.141+0000] {processor.py:743} INFO - Processing file /opt/airflow/dags/cms_pg/updates.py for tasks to queue
[2023-02-27T00:08:39.143+0000] {logging_mixin.py:137} INFO - [2023-02-27T00:08:39.142+0000] {dagbag.py:538} INFO - Filling up the DagBag from /opt/airflow/dags/cms_pg/updates.py
[2023-02-27T00:08:39.857+0000] {logging_mixin.py:137} INFO - Website is not changed.
[2023-02-27T00:08:40.403+0000] {processor.py:755} WARNING - No viable dags retrieved from /opt/airflow/dags/cms_pg/updates.py
[2023-02-27T00:08:40.445+0000] {processor.py:175} INFO - Processing /opt/airflow/dags/cms_pg/updates.py took 1.316 seconds
[2023-02-27T00:09:11.009+0000] {processor.py:153} INFO - Started process (PID=8086) to work on /opt/airflow/dags/cms_pg/updates.py
[2023-02-27T00:09:11.015+0000] {processor.py:743} INFO - Processing file /opt/airflow/dags/cms_pg/updates.py for tasks to queue
[2023-02-27T00:09:11.019+0000] {logging_mixin.py:137} INFO - [2023-02-27T00:09:11.019+0000] {dagbag.py:538} INFO - Filling up the DagBag from /opt/airflow/dags/cms_pg/updates.py
[2023-02-27T00:09:12.909+0000] {logging_mixin.py:137} INFO - Website is not changed.
[2023-02-27T00:09:13.222+0000] {processor.py:755} WARNING - No viable dags retrieved from /opt/airflow/dags/cms_pg/updates.py
[2023-02-27T00:09:13.262+0000] {processor.py:175} INFO - Processing /opt/airflow/dags/cms_pg/updates.py took 2.263 seconds
[2023-02-27T00:09:43.653+0000] {processor.py:153} INFO - Started process (PID=8123) to work on /opt/airflow/dags/cms_pg/updates.py
[2023-02-27T00:09:43.655+0000] {processor.py:743} INFO - Processing file /opt/airflow/dags/cms_pg/updates.py for tasks to queue
[2023-02-27T00:09:43.656+0000] {logging_mixin.py:137} INFO - [2023-02-27T00:09:43.656+0000] {dagbag.py:538} INFO - Filling up the DagBag from /opt/airflow/dags/cms_pg/updates.py
[2023-02-27T00:09:45.042+0000] {logging_mixin.py:137} INFO - Website is not changed.
[2023-02-27T00:09:45.339+0000] {processor.py:755} WARNING - No viable dags retrieved from /opt/airflow/dags/cms_pg/updates.py
[2023-02-27T00:09:45.371+0000] {processor.py:175} INFO - Processing /opt/airflow/dags/cms_pg/updates.py took 1.723 seconds
[2023-02-27T00:16:08.819+0000] {processor.py:153} INFO - Started process (PID=8128) to work on /opt/airflow/dags/cms_pg/updates.py
[2023-02-27T00:16:08.821+0000] {processor.py:743} INFO - Processing file /opt/airflow/dags/cms_pg/updates.py for tasks to queue
[2023-02-27T00:16:08.822+0000] {logging_mixin.py:137} INFO - [2023-02-27T00:16:08.822+0000] {dagbag.py:538} INFO - Filling up the DagBag from /opt/airflow/dags/cms_pg/updates.py
[2023-02-27T00:16:11.254+0000] {logging_mixin.py:137} INFO - Website is not changed.
[2023-02-27T00:16:12.527+0000] {processor.py:755} WARNING - No viable dags retrieved from /opt/airflow/dags/cms_pg/updates.py
[2023-02-27T00:16:12.733+0000] {processor.py:175} INFO - Processing /opt/airflow/dags/cms_pg/updates.py took 3.918 seconds
[2023-02-27T00:16:43.655+0000] {processor.py:153} INFO - Started process (PID=8159) to work on /opt/airflow/dags/cms_pg/updates.py
[2023-02-27T00:16:43.659+0000] {processor.py:743} INFO - Processing file /opt/airflow/dags/cms_pg/updates.py for tasks to queue
[2023-02-27T00:16:43.660+0000] {logging_mixin.py:137} INFO - [2023-02-27T00:16:43.660+0000] {dagbag.py:538} INFO - Filling up the DagBag from /opt/airflow/dags/cms_pg/updates.py
[2023-02-27T00:16:44.912+0000] {logging_mixin.py:137} INFO - Website is not changed.
[2023-02-27T00:16:45.395+0000] {processor.py:755} WARNING - No viable dags retrieved from /opt/airflow/dags/cms_pg/updates.py
[2023-02-27T00:16:45.415+0000] {processor.py:175} INFO - Processing /opt/airflow/dags/cms_pg/updates.py took 1.781 seconds
[2023-02-27T00:17:15.759+0000] {processor.py:153} INFO - Started process (PID=8203) to work on /opt/airflow/dags/cms_pg/updates.py
[2023-02-27T00:17:15.761+0000] {processor.py:743} INFO - Processing file /opt/airflow/dags/cms_pg/updates.py for tasks to queue
[2023-02-27T00:17:15.763+0000] {logging_mixin.py:137} INFO - [2023-02-27T00:17:15.763+0000] {dagbag.py:538} INFO - Filling up the DagBag from /opt/airflow/dags/cms_pg/updates.py
[2023-02-27T00:17:16.233+0000] {logging_mixin.py:137} INFO - Website is not changed.
[2023-02-27T00:17:16.518+0000] {processor.py:755} WARNING - No viable dags retrieved from /opt/airflow/dags/cms_pg/updates.py
[2023-02-27T00:17:16.535+0000] {processor.py:175} INFO - Processing /opt/airflow/dags/cms_pg/updates.py took 0.781 seconds
[2023-02-27T00:17:47.160+0000] {processor.py:153} INFO - Started process (PID=8247) to work on /opt/airflow/dags/cms_pg/updates.py
[2023-02-27T00:17:47.171+0000] {processor.py:743} INFO - Processing file /opt/airflow/dags/cms_pg/updates.py for tasks to queue
[2023-02-27T00:17:47.172+0000] {logging_mixin.py:137} INFO - [2023-02-27T00:17:47.172+0000] {dagbag.py:538} INFO - Filling up the DagBag from /opt/airflow/dags/cms_pg/updates.py
[2023-02-27T00:17:48.078+0000] {logging_mixin.py:137} INFO - Website is not changed.
[2023-02-27T00:17:48.735+0000] {processor.py:755} WARNING - No viable dags retrieved from /opt/airflow/dags/cms_pg/updates.py
[2023-02-27T00:17:48.753+0000] {processor.py:175} INFO - Processing /opt/airflow/dags/cms_pg/updates.py took 1.607 seconds
[2023-02-27T00:18:19.137+0000] {processor.py:153} INFO - Started process (PID=8279) to work on /opt/airflow/dags/cms_pg/updates.py
[2023-02-27T00:18:19.146+0000] {processor.py:743} INFO - Processing file /opt/airflow/dags/cms_pg/updates.py for tasks to queue
[2023-02-27T00:18:19.148+0000] {logging_mixin.py:137} INFO - [2023-02-27T00:18:19.147+0000] {dagbag.py:538} INFO - Filling up the DagBag from /opt/airflow/dags/cms_pg/updates.py
[2023-02-27T00:18:20.004+0000] {logging_mixin.py:137} INFO - Website is not changed.
[2023-02-27T00:18:20.436+0000] {processor.py:755} WARNING - No viable dags retrieved from /opt/airflow/dags/cms_pg/updates.py
[2023-02-27T00:18:20.458+0000] {processor.py:175} INFO - Processing /opt/airflow/dags/cms_pg/updates.py took 1.332 seconds
[2023-02-27T00:18:50.678+0000] {processor.py:153} INFO - Started process (PID=8323) to work on /opt/airflow/dags/cms_pg/updates.py
[2023-02-27T00:18:50.681+0000] {processor.py:743} INFO - Processing file /opt/airflow/dags/cms_pg/updates.py for tasks to queue
[2023-02-27T00:18:50.683+0000] {logging_mixin.py:137} INFO - [2023-02-27T00:18:50.683+0000] {dagbag.py:538} INFO - Filling up the DagBag from /opt/airflow/dags/cms_pg/updates.py
[2023-02-27T00:18:51.519+0000] {logging_mixin.py:137} INFO - Website is not changed.
[2023-02-27T00:18:51.715+0000] {processor.py:755} WARNING - No viable dags retrieved from /opt/airflow/dags/cms_pg/updates.py
[2023-02-27T00:18:51.732+0000] {processor.py:175} INFO - Processing /opt/airflow/dags/cms_pg/updates.py took 1.063 seconds
[2023-02-27T00:19:22.078+0000] {processor.py:153} INFO - Started process (PID=8367) to work on /opt/airflow/dags/cms_pg/updates.py
[2023-02-27T00:19:22.080+0000] {processor.py:743} INFO - Processing file /opt/airflow/dags/cms_pg/updates.py for tasks to queue
[2023-02-27T00:19:22.081+0000] {logging_mixin.py:137} INFO - [2023-02-27T00:19:22.081+0000] {dagbag.py:538} INFO - Filling up the DagBag from /opt/airflow/dags/cms_pg/updates.py
[2023-02-27T00:19:22.941+0000] {logging_mixin.py:137} INFO - Website is not changed.
[2023-02-27T00:19:23.174+0000] {processor.py:755} WARNING - No viable dags retrieved from /opt/airflow/dags/cms_pg/updates.py
[2023-02-27T00:19:23.192+0000] {processor.py:175} INFO - Processing /opt/airflow/dags/cms_pg/updates.py took 1.119 seconds
[2023-02-27T00:19:53.628+0000] {processor.py:153} INFO - Started process (PID=8398) to work on /opt/airflow/dags/cms_pg/updates.py
[2023-02-27T00:19:53.630+0000] {processor.py:743} INFO - Processing file /opt/airflow/dags/cms_pg/updates.py for tasks to queue
[2023-02-27T00:19:53.631+0000] {logging_mixin.py:137} INFO - [2023-02-27T00:19:53.631+0000] {dagbag.py:538} INFO - Filling up the DagBag from /opt/airflow/dags/cms_pg/updates.py
[2023-02-27T00:19:54.827+0000] {logging_mixin.py:137} INFO - Website is not changed.
[2023-02-27T00:19:55.025+0000] {processor.py:755} WARNING - No viable dags retrieved from /opt/airflow/dags/cms_pg/updates.py
[2023-02-27T00:19:55.045+0000] {processor.py:175} INFO - Processing /opt/airflow/dags/cms_pg/updates.py took 1.422 seconds
[2023-02-27T00:20:25.400+0000] {processor.py:153} INFO - Started process (PID=8442) to work on /opt/airflow/dags/cms_pg/updates.py
[2023-02-27T00:20:25.403+0000] {processor.py:743} INFO - Processing file /opt/airflow/dags/cms_pg/updates.py for tasks to queue
[2023-02-27T00:20:25.404+0000] {logging_mixin.py:137} INFO - [2023-02-27T00:20:25.404+0000] {dagbag.py:538} INFO - Filling up the DagBag from /opt/airflow/dags/cms_pg/updates.py
[2023-02-27T00:20:26.415+0000] {logging_mixin.py:137} INFO - Website is not changed.
[2023-02-27T00:20:26.694+0000] {processor.py:755} WARNING - No viable dags retrieved from /opt/airflow/dags/cms_pg/updates.py
[2023-02-27T00:20:26.721+0000] {processor.py:175} INFO - Processing /opt/airflow/dags/cms_pg/updates.py took 1.327 seconds
[2023-02-27T00:20:57.128+0000] {processor.py:153} INFO - Started process (PID=8485) to work on /opt/airflow/dags/cms_pg/updates.py
[2023-02-27T00:20:57.131+0000] {processor.py:743} INFO - Processing file /opt/airflow/dags/cms_pg/updates.py for tasks to queue
[2023-02-27T00:20:57.132+0000] {logging_mixin.py:137} INFO - [2023-02-27T00:20:57.132+0000] {dagbag.py:538} INFO - Filling up the DagBag from /opt/airflow/dags/cms_pg/updates.py
[2023-02-27T00:20:57.798+0000] {logging_mixin.py:137} INFO - Website is not changed.
[2023-02-27T00:20:58.305+0000] {processor.py:755} WARNING - No viable dags retrieved from /opt/airflow/dags/cms_pg/updates.py
[2023-02-27T00:20:58.323+0000] {processor.py:175} INFO - Processing /opt/airflow/dags/cms_pg/updates.py took 1.201 seconds
[2023-02-27T00:21:28.487+0000] {processor.py:153} INFO - Started process (PID=8516) to work on /opt/airflow/dags/cms_pg/updates.py
[2023-02-27T00:21:28.489+0000] {processor.py:743} INFO - Processing file /opt/airflow/dags/cms_pg/updates.py for tasks to queue
[2023-02-27T00:21:28.490+0000] {logging_mixin.py:137} INFO - [2023-02-27T00:21:28.490+0000] {dagbag.py:538} INFO - Filling up the DagBag from /opt/airflow/dags/cms_pg/updates.py
[2023-02-27T00:21:29.243+0000] {logging_mixin.py:137} INFO - Website is not changed.
[2023-02-27T00:21:29.442+0000] {processor.py:755} WARNING - No viable dags retrieved from /opt/airflow/dags/cms_pg/updates.py
[2023-02-27T00:21:29.470+0000] {processor.py:175} INFO - Processing /opt/airflow/dags/cms_pg/updates.py took 0.987 seconds
[2023-02-27T00:21:59.541+0000] {processor.py:153} INFO - Started process (PID=8560) to work on /opt/airflow/dags/cms_pg/updates.py
[2023-02-27T00:21:59.543+0000] {processor.py:743} INFO - Processing file /opt/airflow/dags/cms_pg/updates.py for tasks to queue
[2023-02-27T00:21:59.544+0000] {logging_mixin.py:137} INFO - [2023-02-27T00:21:59.544+0000] {dagbag.py:538} INFO - Filling up the DagBag from /opt/airflow/dags/cms_pg/updates.py
[2023-02-27T00:22:00.263+0000] {logging_mixin.py:137} INFO - Website is not changed.
[2023-02-27T00:22:00.502+0000] {processor.py:755} WARNING - No viable dags retrieved from /opt/airflow/dags/cms_pg/updates.py
[2023-02-27T00:22:00.518+0000] {processor.py:175} INFO - Processing /opt/airflow/dags/cms_pg/updates.py took 0.982 seconds
[2023-02-27T00:22:30.868+0000] {processor.py:153} INFO - Started process (PID=8597) to work on /opt/airflow/dags/cms_pg/updates.py
[2023-02-27T00:22:30.871+0000] {processor.py:743} INFO - Processing file /opt/airflow/dags/cms_pg/updates.py for tasks to queue
[2023-02-27T00:22:30.872+0000] {logging_mixin.py:137} INFO - [2023-02-27T00:22:30.872+0000] {dagbag.py:538} INFO - Filling up the DagBag from /opt/airflow/dags/cms_pg/updates.py
[2023-02-27T00:22:32.281+0000] {logging_mixin.py:137} INFO - Website is not changed.
[2023-02-27T00:22:33.034+0000] {processor.py:755} WARNING - No viable dags retrieved from /opt/airflow/dags/cms_pg/updates.py
[2023-02-27T00:22:33.068+0000] {processor.py:175} INFO - Processing /opt/airflow/dags/cms_pg/updates.py took 2.204 seconds
[2023-02-27T00:23:03.616+0000] {processor.py:153} INFO - Started process (PID=8635) to work on /opt/airflow/dags/cms_pg/updates.py
[2023-02-27T00:23:03.618+0000] {processor.py:743} INFO - Processing file /opt/airflow/dags/cms_pg/updates.py for tasks to queue
[2023-02-27T00:23:03.619+0000] {logging_mixin.py:137} INFO - [2023-02-27T00:23:03.619+0000] {dagbag.py:538} INFO - Filling up the DagBag from /opt/airflow/dags/cms_pg/updates.py
[2023-02-27T00:23:04.502+0000] {logging_mixin.py:137} INFO - Website is not changed.
[2023-02-27T00:23:04.656+0000] {processor.py:755} WARNING - No viable dags retrieved from /opt/airflow/dags/cms_pg/updates.py
[2023-02-27T00:23:04.669+0000] {processor.py:175} INFO - Processing /opt/airflow/dags/cms_pg/updates.py took 1.061 seconds
[2023-02-27T00:23:35.060+0000] {processor.py:153} INFO - Started process (PID=8679) to work on /opt/airflow/dags/cms_pg/updates.py
[2023-02-27T00:23:35.063+0000] {processor.py:743} INFO - Processing file /opt/airflow/dags/cms_pg/updates.py for tasks to queue
[2023-02-27T00:23:35.064+0000] {logging_mixin.py:137} INFO - [2023-02-27T00:23:35.064+0000] {dagbag.py:538} INFO - Filling up the DagBag from /opt/airflow/dags/cms_pg/updates.py
[2023-02-27T00:23:35.838+0000] {logging_mixin.py:137} INFO - Website is not changed.
[2023-02-27T00:23:36.002+0000] {processor.py:755} WARNING - No viable dags retrieved from /opt/airflow/dags/cms_pg/updates.py
[2023-02-27T00:23:36.018+0000] {processor.py:175} INFO - Processing /opt/airflow/dags/cms_pg/updates.py took 0.963 seconds
[2023-02-27T00:24:06.338+0000] {processor.py:153} INFO - Started process (PID=8710) to work on /opt/airflow/dags/cms_pg/updates.py
[2023-02-27T00:24:06.341+0000] {processor.py:743} INFO - Processing file /opt/airflow/dags/cms_pg/updates.py for tasks to queue
[2023-02-27T00:24:06.342+0000] {logging_mixin.py:137} INFO - [2023-02-27T00:24:06.342+0000] {dagbag.py:538} INFO - Filling up the DagBag from /opt/airflow/dags/cms_pg/updates.py
[2023-02-27T00:24:06.972+0000] {logging_mixin.py:137} INFO - Website is not changed.
[2023-02-27T00:24:08.043+0000] {processor.py:755} WARNING - No viable dags retrieved from /opt/airflow/dags/cms_pg/updates.py
[2023-02-27T00:24:08.082+0000] {processor.py:175} INFO - Processing /opt/airflow/dags/cms_pg/updates.py took 1.763 seconds
[2023-02-27T00:24:38.437+0000] {processor.py:153} INFO - Started process (PID=8754) to work on /opt/airflow/dags/cms_pg/updates.py
[2023-02-27T00:24:38.439+0000] {processor.py:743} INFO - Processing file /opt/airflow/dags/cms_pg/updates.py for tasks to queue
[2023-02-27T00:24:38.441+0000] {logging_mixin.py:137} INFO - [2023-02-27T00:24:38.441+0000] {dagbag.py:538} INFO - Filling up the DagBag from /opt/airflow/dags/cms_pg/updates.py
[2023-02-27T00:24:39.442+0000] {logging_mixin.py:137} INFO - Website is not changed.
[2023-02-27T00:24:39.633+0000] {processor.py:755} WARNING - No viable dags retrieved from /opt/airflow/dags/cms_pg/updates.py
[2023-02-27T00:24:39.647+0000] {processor.py:175} INFO - Processing /opt/airflow/dags/cms_pg/updates.py took 1.215 seconds
[2023-02-27T00:25:09.954+0000] {processor.py:153} INFO - Started process (PID=8798) to work on /opt/airflow/dags/cms_pg/updates.py
[2023-02-27T00:25:09.957+0000] {processor.py:743} INFO - Processing file /opt/airflow/dags/cms_pg/updates.py for tasks to queue
[2023-02-27T00:25:09.958+0000] {logging_mixin.py:137} INFO - [2023-02-27T00:25:09.958+0000] {dagbag.py:538} INFO - Filling up the DagBag from /opt/airflow/dags/cms_pg/updates.py
[2023-02-27T00:25:10.548+0000] {logging_mixin.py:137} INFO - Website is not changed.
[2023-02-27T00:25:10.719+0000] {processor.py:755} WARNING - No viable dags retrieved from /opt/airflow/dags/cms_pg/updates.py
[2023-02-27T00:25:10.735+0000] {processor.py:175} INFO - Processing /opt/airflow/dags/cms_pg/updates.py took 0.786 seconds
[2023-02-27T00:25:41.100+0000] {processor.py:153} INFO - Started process (PID=8828) to work on /opt/airflow/dags/cms_pg/updates.py
[2023-02-27T00:25:41.101+0000] {processor.py:743} INFO - Processing file /opt/airflow/dags/cms_pg/updates.py for tasks to queue
[2023-02-27T00:25:41.103+0000] {logging_mixin.py:137} INFO - [2023-02-27T00:25:41.103+0000] {dagbag.py:538} INFO - Filling up the DagBag from /opt/airflow/dags/cms_pg/updates.py
[2023-02-27T00:25:41.793+0000] {logging_mixin.py:137} INFO - Website is not changed.
[2023-02-27T00:25:42.026+0000] {processor.py:755} WARNING - No viable dags retrieved from /opt/airflow/dags/cms_pg/updates.py
[2023-02-27T00:25:42.046+0000] {processor.py:175} INFO - Processing /opt/airflow/dags/cms_pg/updates.py took 0.950 seconds
[2023-02-27T00:26:12.358+0000] {processor.py:153} INFO - Started process (PID=8872) to work on /opt/airflow/dags/cms_pg/updates.py
[2023-02-27T00:26:12.360+0000] {processor.py:743} INFO - Processing file /opt/airflow/dags/cms_pg/updates.py for tasks to queue
[2023-02-27T00:26:12.361+0000] {logging_mixin.py:137} INFO - [2023-02-27T00:26:12.361+0000] {dagbag.py:538} INFO - Filling up the DagBag from /opt/airflow/dags/cms_pg/updates.py
[2023-02-27T00:26:13.218+0000] {logging_mixin.py:137} INFO - Website is not changed.
[2023-02-27T00:26:13.456+0000] {processor.py:755} WARNING - No viable dags retrieved from /opt/airflow/dags/cms_pg/updates.py
[2023-02-27T00:26:13.478+0000] {processor.py:175} INFO - Processing /opt/airflow/dags/cms_pg/updates.py took 1.124 seconds
[2023-02-27T00:26:43.864+0000] {processor.py:153} INFO - Started process (PID=8916) to work on /opt/airflow/dags/cms_pg/updates.py
[2023-02-27T00:26:43.866+0000] {processor.py:743} INFO - Processing file /opt/airflow/dags/cms_pg/updates.py for tasks to queue
[2023-02-27T00:26:43.867+0000] {logging_mixin.py:137} INFO - [2023-02-27T00:26:43.867+0000] {dagbag.py:538} INFO - Filling up the DagBag from /opt/airflow/dags/cms_pg/updates.py
[2023-02-27T00:26:44.401+0000] {logging_mixin.py:137} INFO - Website is not changed.
[2023-02-27T00:26:44.571+0000] {processor.py:755} WARNING - No viable dags retrieved from /opt/airflow/dags/cms_pg/updates.py
[2023-02-27T00:26:44.585+0000] {processor.py:175} INFO - Processing /opt/airflow/dags/cms_pg/updates.py took 0.724 seconds
[2023-02-27T00:27:14.915+0000] {processor.py:153} INFO - Started process (PID=8947) to work on /opt/airflow/dags/cms_pg/updates.py
[2023-02-27T00:27:14.922+0000] {processor.py:743} INFO - Processing file /opt/airflow/dags/cms_pg/updates.py for tasks to queue
[2023-02-27T00:27:14.926+0000] {logging_mixin.py:137} INFO - [2023-02-27T00:27:14.926+0000] {dagbag.py:538} INFO - Filling up the DagBag from /opt/airflow/dags/cms_pg/updates.py
[2023-02-27T00:27:15.317+0000] {logging_mixin.py:137} INFO - Website is not changed.
[2023-02-27T00:27:15.691+0000] {processor.py:755} WARNING - No viable dags retrieved from /opt/airflow/dags/cms_pg/updates.py
[2023-02-27T00:27:15.714+0000] {processor.py:175} INFO - Processing /opt/airflow/dags/cms_pg/updates.py took 0.803 seconds
[2023-02-27T00:27:46.070+0000] {processor.py:153} INFO - Started process (PID=8990) to work on /opt/airflow/dags/cms_pg/updates.py
[2023-02-27T00:27:46.086+0000] {processor.py:743} INFO - Processing file /opt/airflow/dags/cms_pg/updates.py for tasks to queue
[2023-02-27T00:27:46.090+0000] {logging_mixin.py:137} INFO - [2023-02-27T00:27:46.089+0000] {dagbag.py:538} INFO - Filling up the DagBag from /opt/airflow/dags/cms_pg/updates.py
[2023-02-27T00:27:47.402+0000] {logging_mixin.py:137} INFO - Website is not changed.
[2023-02-27T00:27:47.576+0000] {processor.py:755} WARNING - No viable dags retrieved from /opt/airflow/dags/cms_pg/updates.py
[2023-02-27T00:27:47.591+0000] {processor.py:175} INFO - Processing /opt/airflow/dags/cms_pg/updates.py took 1.530 seconds
[2023-02-27T00:28:17.904+0000] {processor.py:153} INFO - Started process (PID=9033) to work on /opt/airflow/dags/cms_pg/updates.py
[2023-02-27T00:28:17.906+0000] {processor.py:743} INFO - Processing file /opt/airflow/dags/cms_pg/updates.py for tasks to queue
[2023-02-27T00:28:17.908+0000] {logging_mixin.py:137} INFO - [2023-02-27T00:28:17.908+0000] {dagbag.py:538} INFO - Filling up the DagBag from /opt/airflow/dags/cms_pg/updates.py
[2023-02-27T00:28:18.713+0000] {logging_mixin.py:137} INFO - Website is not changed.
[2023-02-27T00:28:18.917+0000] {processor.py:755} WARNING - No viable dags retrieved from /opt/airflow/dags/cms_pg/updates.py
[2023-02-27T00:28:18.939+0000] {processor.py:175} INFO - Processing /opt/airflow/dags/cms_pg/updates.py took 1.040 seconds
[2023-02-27T00:28:49.332+0000] {processor.py:153} INFO - Started process (PID=9064) to work on /opt/airflow/dags/cms_pg/updates.py
[2023-02-27T00:28:49.340+0000] {processor.py:743} INFO - Processing file /opt/airflow/dags/cms_pg/updates.py for tasks to queue
[2023-02-27T00:28:49.342+0000] {logging_mixin.py:137} INFO - [2023-02-27T00:28:49.342+0000] {dagbag.py:538} INFO - Filling up the DagBag from /opt/airflow/dags/cms_pg/updates.py
[2023-02-27T00:28:50.228+0000] {logging_mixin.py:137} INFO - Website is not changed.
[2023-02-27T00:28:50.389+0000] {processor.py:755} WARNING - No viable dags retrieved from /opt/airflow/dags/cms_pg/updates.py
[2023-02-27T00:28:50.404+0000] {processor.py:175} INFO - Processing /opt/airflow/dags/cms_pg/updates.py took 1.089 seconds
[2023-02-27T00:29:20.705+0000] {processor.py:153} INFO - Started process (PID=9108) to work on /opt/airflow/dags/cms_pg/updates.py
[2023-02-27T00:29:20.708+0000] {processor.py:743} INFO - Processing file /opt/airflow/dags/cms_pg/updates.py for tasks to queue
[2023-02-27T00:29:20.709+0000] {logging_mixin.py:137} INFO - [2023-02-27T00:29:20.709+0000] {dagbag.py:538} INFO - Filling up the DagBag from /opt/airflow/dags/cms_pg/updates.py
[2023-02-27T00:29:21.776+0000] {logging_mixin.py:137} INFO - Website is not changed.
[2023-02-27T00:29:21.955+0000] {processor.py:755} WARNING - No viable dags retrieved from /opt/airflow/dags/cms_pg/updates.py
[2023-02-27T00:29:21.969+0000] {processor.py:175} INFO - Processing /opt/airflow/dags/cms_pg/updates.py took 1.269 seconds
[2023-02-27T00:29:52.154+0000] {processor.py:153} INFO - Started process (PID=9151) to work on /opt/airflow/dags/cms_pg/updates.py
[2023-02-27T00:29:52.156+0000] {processor.py:743} INFO - Processing file /opt/airflow/dags/cms_pg/updates.py for tasks to queue
[2023-02-27T00:29:52.157+0000] {logging_mixin.py:137} INFO - [2023-02-27T00:29:52.157+0000] {dagbag.py:538} INFO - Filling up the DagBag from /opt/airflow/dags/cms_pg/updates.py
[2023-02-27T00:29:53.163+0000] {logging_mixin.py:137} INFO - Website is not changed.
[2023-02-27T00:29:53.364+0000] {processor.py:755} WARNING - No viable dags retrieved from /opt/airflow/dags/cms_pg/updates.py
[2023-02-27T00:29:53.387+0000] {processor.py:175} INFO - Processing /opt/airflow/dags/cms_pg/updates.py took 1.239 seconds
[2023-02-27T00:30:23.790+0000] {processor.py:153} INFO - Started process (PID=9183) to work on /opt/airflow/dags/cms_pg/updates.py
[2023-02-27T00:30:23.793+0000] {processor.py:743} INFO - Processing file /opt/airflow/dags/cms_pg/updates.py for tasks to queue
[2023-02-27T00:30:23.794+0000] {logging_mixin.py:137} INFO - [2023-02-27T00:30:23.793+0000] {dagbag.py:538} INFO - Filling up the DagBag from /opt/airflow/dags/cms_pg/updates.py
[2023-02-27T00:30:24.583+0000] {logging_mixin.py:137} INFO - Website is not changed.
[2023-02-27T00:30:25.153+0000] {processor.py:755} WARNING - No viable dags retrieved from /opt/airflow/dags/cms_pg/updates.py
[2023-02-27T00:30:25.171+0000] {processor.py:175} INFO - Processing /opt/airflow/dags/cms_pg/updates.py took 1.386 seconds
[2023-02-27T00:30:55.623+0000] {processor.py:153} INFO - Started process (PID=9227) to work on /opt/airflow/dags/cms_pg/updates.py
[2023-02-27T00:30:55.626+0000] {processor.py:743} INFO - Processing file /opt/airflow/dags/cms_pg/updates.py for tasks to queue
[2023-02-27T00:30:55.628+0000] {logging_mixin.py:137} INFO - [2023-02-27T00:30:55.627+0000] {dagbag.py:538} INFO - Filling up the DagBag from /opt/airflow/dags/cms_pg/updates.py
[2023-02-27T00:30:56.916+0000] {logging_mixin.py:137} INFO - Website is not changed.
[2023-02-27T00:30:57.245+0000] {processor.py:755} WARNING - No viable dags retrieved from /opt/airflow/dags/cms_pg/updates.py
[2023-02-27T00:30:57.278+0000] {processor.py:175} INFO - Processing /opt/airflow/dags/cms_pg/updates.py took 1.663 seconds
[2023-02-27T00:31:27.883+0000] {processor.py:153} INFO - Started process (PID=9271) to work on /opt/airflow/dags/cms_pg/updates.py
[2023-02-27T00:31:27.885+0000] {processor.py:743} INFO - Processing file /opt/airflow/dags/cms_pg/updates.py for tasks to queue
[2023-02-27T00:31:27.886+0000] {logging_mixin.py:137} INFO - [2023-02-27T00:31:27.886+0000] {dagbag.py:538} INFO - Filling up the DagBag from /opt/airflow/dags/cms_pg/updates.py
[2023-02-27T00:31:28.976+0000] {logging_mixin.py:137} INFO - Website is not changed.
[2023-02-27T00:31:29.184+0000] {processor.py:755} WARNING - No viable dags retrieved from /opt/airflow/dags/cms_pg/updates.py
[2023-02-27T00:31:29.203+0000] {processor.py:175} INFO - Processing /opt/airflow/dags/cms_pg/updates.py took 1.327 seconds
[2023-02-27T00:31:59.557+0000] {processor.py:153} INFO - Started process (PID=9302) to work on /opt/airflow/dags/cms_pg/updates.py
[2023-02-27T00:31:59.559+0000] {processor.py:743} INFO - Processing file /opt/airflow/dags/cms_pg/updates.py for tasks to queue
[2023-02-27T00:31:59.560+0000] {logging_mixin.py:137} INFO - [2023-02-27T00:31:59.560+0000] {dagbag.py:538} INFO - Filling up the DagBag from /opt/airflow/dags/cms_pg/updates.py
[2023-02-27T00:32:04.610+0000] {logging_mixin.py:137} INFO - Website is not changed.
[2023-02-27T00:32:05.799+0000] {processor.py:755} WARNING - No viable dags retrieved from /opt/airflow/dags/cms_pg/updates.py
[2023-02-27T00:32:05.900+0000] {processor.py:175} INFO - Processing /opt/airflow/dags/cms_pg/updates.py took 6.349 seconds
[2023-02-27T00:33:05.076+0000] {processor.py:153} INFO - Started process (PID=9320) to work on /opt/airflow/dags/cms_pg/updates.py
[2023-02-27T00:33:05.087+0000] {processor.py:743} INFO - Processing file /opt/airflow/dags/cms_pg/updates.py for tasks to queue
[2023-02-27T00:33:05.132+0000] {logging_mixin.py:137} INFO - [2023-02-27T00:33:05.124+0000] {dagbag.py:538} INFO - Filling up the DagBag from /opt/airflow/dags/cms_pg/updates.py
[2023-02-27T00:33:07.204+0000] {logging_mixin.py:137} INFO - Website is not changed.
[2023-02-27T00:33:07.721+0000] {processor.py:755} WARNING - No viable dags retrieved from /opt/airflow/dags/cms_pg/updates.py
[2023-02-27T00:33:07.786+0000] {processor.py:175} INFO - Processing /opt/airflow/dags/cms_pg/updates.py took 2.731 seconds
[2023-02-27T00:33:38.607+0000] {processor.py:153} INFO - Started process (PID=9364) to work on /opt/airflow/dags/cms_pg/updates.py
[2023-02-27T00:33:38.635+0000] {processor.py:743} INFO - Processing file /opt/airflow/dags/cms_pg/updates.py for tasks to queue
[2023-02-27T00:33:38.667+0000] {logging_mixin.py:137} INFO - [2023-02-27T00:33:38.653+0000] {dagbag.py:538} INFO - Filling up the DagBag from /opt/airflow/dags/cms_pg/updates.py
[2023-02-27T00:33:40.145+0000] {logging_mixin.py:137} INFO - Website is not changed.
[2023-02-27T00:33:40.496+0000] {processor.py:755} WARNING - No viable dags retrieved from /opt/airflow/dags/cms_pg/updates.py
[2023-02-27T00:33:40.520+0000] {processor.py:175} INFO - Processing /opt/airflow/dags/cms_pg/updates.py took 1.946 seconds
[2023-02-27T00:34:10.691+0000] {processor.py:153} INFO - Started process (PID=9395) to work on /opt/airflow/dags/cms_pg/updates.py
[2023-02-27T00:34:10.694+0000] {processor.py:743} INFO - Processing file /opt/airflow/dags/cms_pg/updates.py for tasks to queue
[2023-02-27T00:34:10.696+0000] {logging_mixin.py:137} INFO - [2023-02-27T00:34:10.696+0000] {dagbag.py:538} INFO - Filling up the DagBag from /opt/airflow/dags/cms_pg/updates.py
[2023-02-27T00:34:11.568+0000] {logging_mixin.py:137} INFO - Website is not changed.
[2023-02-27T00:34:12.321+0000] {processor.py:755} WARNING - No viable dags retrieved from /opt/airflow/dags/cms_pg/updates.py
[2023-02-27T00:34:12.342+0000] {processor.py:175} INFO - Processing /opt/airflow/dags/cms_pg/updates.py took 1.656 seconds
[2023-02-27T00:34:42.761+0000] {processor.py:153} INFO - Started process (PID=9438) to work on /opt/airflow/dags/cms_pg/updates.py
[2023-02-27T00:34:42.765+0000] {processor.py:743} INFO - Processing file /opt/airflow/dags/cms_pg/updates.py for tasks to queue
[2023-02-27T00:34:42.766+0000] {logging_mixin.py:137} INFO - [2023-02-27T00:34:42.766+0000] {dagbag.py:538} INFO - Filling up the DagBag from /opt/airflow/dags/cms_pg/updates.py
[2023-02-27T00:34:43.715+0000] {logging_mixin.py:137} INFO - Website is not changed.
[2023-02-27T00:34:43.942+0000] {processor.py:755} WARNING - No viable dags retrieved from /opt/airflow/dags/cms_pg/updates.py
[2023-02-27T00:34:43.967+0000] {processor.py:175} INFO - Processing /opt/airflow/dags/cms_pg/updates.py took 1.215 seconds
[2023-02-27T00:35:14.398+0000] {processor.py:153} INFO - Started process (PID=9482) to work on /opt/airflow/dags/cms_pg/updates.py
[2023-02-27T00:35:14.400+0000] {processor.py:743} INFO - Processing file /opt/airflow/dags/cms_pg/updates.py for tasks to queue
[2023-02-27T00:35:14.401+0000] {logging_mixin.py:137} INFO - [2023-02-27T00:35:14.401+0000] {dagbag.py:538} INFO - Filling up the DagBag from /opt/airflow/dags/cms_pg/updates.py
[2023-02-27T00:35:15.388+0000] {logging_mixin.py:137} INFO - Website is not changed.
[2023-02-27T00:35:15.688+0000] {processor.py:755} WARNING - No viable dags retrieved from /opt/airflow/dags/cms_pg/updates.py
[2023-02-27T00:35:15.724+0000] {processor.py:175} INFO - Processing /opt/airflow/dags/cms_pg/updates.py took 1.333 seconds
[2023-02-27T00:35:46.148+0000] {processor.py:153} INFO - Started process (PID=9513) to work on /opt/airflow/dags/cms_pg/updates.py
[2023-02-27T00:35:46.151+0000] {processor.py:743} INFO - Processing file /opt/airflow/dags/cms_pg/updates.py for tasks to queue
[2023-02-27T00:35:46.152+0000] {logging_mixin.py:137} INFO - [2023-02-27T00:35:46.152+0000] {dagbag.py:538} INFO - Filling up the DagBag from /opt/airflow/dags/cms_pg/updates.py
[2023-02-27T00:35:47.494+0000] {logging_mixin.py:137} INFO - Website is not changed.
[2023-02-27T00:35:47.681+0000] {processor.py:755} WARNING - No viable dags retrieved from /opt/airflow/dags/cms_pg/updates.py
[2023-02-27T00:35:47.697+0000] {processor.py:175} INFO - Processing /opt/airflow/dags/cms_pg/updates.py took 1.558 seconds
[2023-02-27T00:36:18.035+0000] {processor.py:153} INFO - Started process (PID=9558) to work on /opt/airflow/dags/cms_pg/updates.py
[2023-02-27T00:36:18.038+0000] {processor.py:743} INFO - Processing file /opt/airflow/dags/cms_pg/updates.py for tasks to queue
[2023-02-27T00:36:18.039+0000] {logging_mixin.py:137} INFO - [2023-02-27T00:36:18.039+0000] {dagbag.py:538} INFO - Filling up the DagBag from /opt/airflow/dags/cms_pg/updates.py
[2023-02-27T00:36:19.223+0000] {logging_mixin.py:137} INFO - Website is not changed.
[2023-02-27T00:36:19.553+0000] {processor.py:755} WARNING - No viable dags retrieved from /opt/airflow/dags/cms_pg/updates.py
[2023-02-27T00:36:19.611+0000] {processor.py:175} INFO - Processing /opt/airflow/dags/cms_pg/updates.py took 1.582 seconds
[2023-02-27T00:36:50.104+0000] {processor.py:153} INFO - Started process (PID=9603) to work on /opt/airflow/dags/cms_pg/updates.py
[2023-02-27T00:36:50.107+0000] {processor.py:743} INFO - Processing file /opt/airflow/dags/cms_pg/updates.py for tasks to queue
[2023-02-27T00:36:50.110+0000] {logging_mixin.py:137} INFO - [2023-02-27T00:36:50.109+0000] {dagbag.py:538} INFO - Filling up the DagBag from /opt/airflow/dags/cms_pg/updates.py
[2023-02-27T00:36:50.975+0000] {logging_mixin.py:137} INFO - Website is not changed.
[2023-02-27T00:36:51.195+0000] {processor.py:755} WARNING - No viable dags retrieved from /opt/airflow/dags/cms_pg/updates.py
[2023-02-27T00:36:51.221+0000] {processor.py:175} INFO - Processing /opt/airflow/dags/cms_pg/updates.py took 1.125 seconds
[2023-02-27T00:37:21.643+0000] {processor.py:153} INFO - Started process (PID=9634) to work on /opt/airflow/dags/cms_pg/updates.py
[2023-02-27T00:37:21.646+0000] {processor.py:743} INFO - Processing file /opt/airflow/dags/cms_pg/updates.py for tasks to queue
[2023-02-27T00:37:21.647+0000] {logging_mixin.py:137} INFO - [2023-02-27T00:37:21.646+0000] {dagbag.py:538} INFO - Filling up the DagBag from /opt/airflow/dags/cms_pg/updates.py
[2023-02-27T00:37:23.035+0000] {logging_mixin.py:137} INFO - Website is not changed.
[2023-02-27T00:37:23.703+0000] {processor.py:755} WARNING - No viable dags retrieved from /opt/airflow/dags/cms_pg/updates.py
[2023-02-27T00:37:23.741+0000] {processor.py:175} INFO - Processing /opt/airflow/dags/cms_pg/updates.py took 2.104 seconds
[2023-02-27T00:37:53.988+0000] {processor.py:153} INFO - Started process (PID=9677) to work on /opt/airflow/dags/cms_pg/updates.py
[2023-02-27T00:37:53.991+0000] {processor.py:743} INFO - Processing file /opt/airflow/dags/cms_pg/updates.py for tasks to queue
[2023-02-27T00:37:53.993+0000] {logging_mixin.py:137} INFO - [2023-02-27T00:37:53.993+0000] {dagbag.py:538} INFO - Filling up the DagBag from /opt/airflow/dags/cms_pg/updates.py
[2023-02-27T00:37:55.115+0000] {logging_mixin.py:137} INFO - Website is not changed.
[2023-02-27T00:37:55.341+0000] {processor.py:755} WARNING - No viable dags retrieved from /opt/airflow/dags/cms_pg/updates.py
[2023-02-27T00:37:55.360+0000] {processor.py:175} INFO - Processing /opt/airflow/dags/cms_pg/updates.py took 1.379 seconds
[2023-02-27T00:38:25.680+0000] {processor.py:153} INFO - Started process (PID=9721) to work on /opt/airflow/dags/cms_pg/updates.py
[2023-02-27T00:38:25.683+0000] {processor.py:743} INFO - Processing file /opt/airflow/dags/cms_pg/updates.py for tasks to queue
[2023-02-27T00:38:25.685+0000] {logging_mixin.py:137} INFO - [2023-02-27T00:38:25.684+0000] {dagbag.py:538} INFO - Filling up the DagBag from /opt/airflow/dags/cms_pg/updates.py
[2023-02-27T00:38:26.686+0000] {logging_mixin.py:137} INFO - Website is not changed.
[2023-02-27T00:38:26.970+0000] {processor.py:755} WARNING - No viable dags retrieved from /opt/airflow/dags/cms_pg/updates.py
[2023-02-27T00:38:27.002+0000] {processor.py:175} INFO - Processing /opt/airflow/dags/cms_pg/updates.py took 1.327 seconds
[2023-02-27T00:38:57.423+0000] {processor.py:153} INFO - Started process (PID=9752) to work on /opt/airflow/dags/cms_pg/updates.py
[2023-02-27T00:38:57.427+0000] {processor.py:743} INFO - Processing file /opt/airflow/dags/cms_pg/updates.py for tasks to queue
[2023-02-27T00:38:57.431+0000] {logging_mixin.py:137} INFO - [2023-02-27T00:38:57.430+0000] {dagbag.py:538} INFO - Filling up the DagBag from /opt/airflow/dags/cms_pg/updates.py
[2023-02-27T00:38:59.115+0000] {logging_mixin.py:137} INFO - Website is not changed.
[2023-02-27T00:38:59.373+0000] {processor.py:755} WARNING - No viable dags retrieved from /opt/airflow/dags/cms_pg/updates.py
[2023-02-27T00:38:59.389+0000] {processor.py:175} INFO - Processing /opt/airflow/dags/cms_pg/updates.py took 1.978 seconds
[2023-02-27T00:39:29.931+0000] {processor.py:153} INFO - Started process (PID=9796) to work on /opt/airflow/dags/cms_pg/updates.py
[2023-02-27T00:39:29.934+0000] {processor.py:743} INFO - Processing file /opt/airflow/dags/cms_pg/updates.py for tasks to queue
[2023-02-27T00:39:29.935+0000] {logging_mixin.py:137} INFO - [2023-02-27T00:39:29.935+0000] {dagbag.py:538} INFO - Filling up the DagBag from /opt/airflow/dags/cms_pg/updates.py
[2023-02-27T00:39:31.025+0000] {logging_mixin.py:137} INFO - Website is not changed.
[2023-02-27T00:39:31.224+0000] {processor.py:755} WARNING - No viable dags retrieved from /opt/airflow/dags/cms_pg/updates.py
[2023-02-27T00:39:31.238+0000] {processor.py:175} INFO - Processing /opt/airflow/dags/cms_pg/updates.py took 1.313 seconds
[2023-02-27T00:40:01.614+0000] {processor.py:153} INFO - Started process (PID=9840) to work on /opt/airflow/dags/cms_pg/updates.py
[2023-02-27T00:40:01.619+0000] {processor.py:743} INFO - Processing file /opt/airflow/dags/cms_pg/updates.py for tasks to queue
[2023-02-27T00:40:01.622+0000] {logging_mixin.py:137} INFO - [2023-02-27T00:40:01.621+0000] {dagbag.py:538} INFO - Filling up the DagBag from /opt/airflow/dags/cms_pg/updates.py
[2023-02-27T00:40:02.907+0000] {logging_mixin.py:137} INFO - Website is not changed.
[2023-02-27T00:40:03.079+0000] {processor.py:755} WARNING - No viable dags retrieved from /opt/airflow/dags/cms_pg/updates.py
[2023-02-27T00:40:03.101+0000] {processor.py:175} INFO - Processing /opt/airflow/dags/cms_pg/updates.py took 1.500 seconds
[2023-02-27T00:40:33.585+0000] {processor.py:153} INFO - Started process (PID=9871) to work on /opt/airflow/dags/cms_pg/updates.py
[2023-02-27T00:40:33.587+0000] {processor.py:743} INFO - Processing file /opt/airflow/dags/cms_pg/updates.py for tasks to queue
[2023-02-27T00:40:33.588+0000] {logging_mixin.py:137} INFO - [2023-02-27T00:40:33.588+0000] {dagbag.py:538} INFO - Filling up the DagBag from /opt/airflow/dags/cms_pg/updates.py
[2023-02-27T00:40:34.347+0000] {logging_mixin.py:137} INFO - Website is not changed.
[2023-02-27T00:40:34.524+0000] {processor.py:755} WARNING - No viable dags retrieved from /opt/airflow/dags/cms_pg/updates.py
[2023-02-27T00:40:34.547+0000] {processor.py:175} INFO - Processing /opt/airflow/dags/cms_pg/updates.py took 0.969 seconds
[2023-02-27T00:41:04.816+0000] {processor.py:153} INFO - Started process (PID=9915) to work on /opt/airflow/dags/cms_pg/updates.py
[2023-02-27T00:41:04.818+0000] {processor.py:743} INFO - Processing file /opt/airflow/dags/cms_pg/updates.py for tasks to queue
[2023-02-27T00:41:04.819+0000] {logging_mixin.py:137} INFO - [2023-02-27T00:41:04.819+0000] {dagbag.py:538} INFO - Filling up the DagBag from /opt/airflow/dags/cms_pg/updates.py
[2023-02-27T00:41:05.858+0000] {logging_mixin.py:137} INFO - Website is not changed.
[2023-02-27T00:41:06.117+0000] {processor.py:755} WARNING - No viable dags retrieved from /opt/airflow/dags/cms_pg/updates.py
[2023-02-27T00:41:06.132+0000] {processor.py:175} INFO - Processing /opt/airflow/dags/cms_pg/updates.py took 1.322 seconds
[2023-02-27T00:41:36.528+0000] {processor.py:153} INFO - Started process (PID=9956) to work on /opt/airflow/dags/cms_pg/updates.py
[2023-02-27T00:41:36.530+0000] {processor.py:743} INFO - Processing file /opt/airflow/dags/cms_pg/updates.py for tasks to queue
[2023-02-27T00:41:36.532+0000] {logging_mixin.py:137} INFO - [2023-02-27T00:41:36.532+0000] {dagbag.py:538} INFO - Filling up the DagBag from /opt/airflow/dags/cms_pg/updates.py
[2023-02-27T00:41:38.212+0000] {logging_mixin.py:137} INFO - Website is not changed.
[2023-02-27T00:41:38.415+0000] {processor.py:755} WARNING - No viable dags retrieved from /opt/airflow/dags/cms_pg/updates.py
[2023-02-27T00:41:38.444+0000] {processor.py:175} INFO - Processing /opt/airflow/dags/cms_pg/updates.py took 1.921 seconds
[2023-02-27T00:42:08.707+0000] {processor.py:153} INFO - Started process (PID=9991) to work on /opt/airflow/dags/cms_pg/updates.py
[2023-02-27T00:42:08.710+0000] {processor.py:743} INFO - Processing file /opt/airflow/dags/cms_pg/updates.py for tasks to queue
[2023-02-27T00:42:08.713+0000] {logging_mixin.py:137} INFO - [2023-02-27T00:42:08.713+0000] {dagbag.py:538} INFO - Filling up the DagBag from /opt/airflow/dags/cms_pg/updates.py
[2023-02-27T00:42:09.538+0000] {logging_mixin.py:137} INFO - Website is not changed.
[2023-02-27T00:42:09.788+0000] {processor.py:755} WARNING - No viable dags retrieved from /opt/airflow/dags/cms_pg/updates.py
[2023-02-27T00:42:09.821+0000] {processor.py:175} INFO - Processing /opt/airflow/dags/cms_pg/updates.py took 1.123 seconds
[2023-02-27T00:42:40.322+0000] {processor.py:153} INFO - Started process (PID=10035) to work on /opt/airflow/dags/cms_pg/updates.py
[2023-02-27T00:42:40.324+0000] {processor.py:743} INFO - Processing file /opt/airflow/dags/cms_pg/updates.py for tasks to queue
[2023-02-27T00:42:40.325+0000] {logging_mixin.py:137} INFO - [2023-02-27T00:42:40.325+0000] {dagbag.py:538} INFO - Filling up the DagBag from /opt/airflow/dags/cms_pg/updates.py
[2023-02-27T00:42:41.572+0000] {logging_mixin.py:137} INFO - Website is not changed.
[2023-02-27T00:42:41.726+0000] {processor.py:755} WARNING - No viable dags retrieved from /opt/airflow/dags/cms_pg/updates.py
[2023-02-27T00:42:41.739+0000] {processor.py:175} INFO - Processing /opt/airflow/dags/cms_pg/updates.py took 1.423 seconds
[2023-02-27T00:43:11.826+0000] {processor.py:153} INFO - Started process (PID=10074) to work on /opt/airflow/dags/cms_pg/updates.py
[2023-02-27T00:43:11.829+0000] {processor.py:743} INFO - Processing file /opt/airflow/dags/cms_pg/updates.py for tasks to queue
[2023-02-27T00:43:11.831+0000] {logging_mixin.py:137} INFO - [2023-02-27T00:43:11.830+0000] {dagbag.py:538} INFO - Filling up the DagBag from /opt/airflow/dags/cms_pg/updates.py
[2023-02-27T00:43:12.575+0000] {logging_mixin.py:137} INFO - Website is not changed.
[2023-02-27T00:43:13.310+0000] {processor.py:755} WARNING - No viable dags retrieved from /opt/airflow/dags/cms_pg/updates.py
[2023-02-27T00:43:13.330+0000] {processor.py:175} INFO - Processing /opt/airflow/dags/cms_pg/updates.py took 1.518 seconds
[2023-02-27T00:43:43.708+0000] {processor.py:153} INFO - Started process (PID=10109) to work on /opt/airflow/dags/cms_pg/updates.py
[2023-02-27T00:43:43.711+0000] {processor.py:743} INFO - Processing file /opt/airflow/dags/cms_pg/updates.py for tasks to queue
[2023-02-27T00:43:43.712+0000] {logging_mixin.py:137} INFO - [2023-02-27T00:43:43.712+0000] {dagbag.py:538} INFO - Filling up the DagBag from /opt/airflow/dags/cms_pg/updates.py
[2023-02-27T00:43:44.752+0000] {logging_mixin.py:137} INFO - Website is not changed.
[2023-02-27T00:43:44.958+0000] {processor.py:755} WARNING - No viable dags retrieved from /opt/airflow/dags/cms_pg/updates.py
[2023-02-27T00:43:44.973+0000] {processor.py:175} INFO - Processing /opt/airflow/dags/cms_pg/updates.py took 1.271 seconds
[2023-02-27T00:44:15.445+0000] {processor.py:153} INFO - Started process (PID=10153) to work on /opt/airflow/dags/cms_pg/updates.py
[2023-02-27T00:44:15.447+0000] {processor.py:743} INFO - Processing file /opt/airflow/dags/cms_pg/updates.py for tasks to queue
[2023-02-27T00:44:15.449+0000] {logging_mixin.py:137} INFO - [2023-02-27T00:44:15.449+0000] {dagbag.py:538} INFO - Filling up the DagBag from /opt/airflow/dags/cms_pg/updates.py
[2023-02-27T00:44:16.422+0000] {logging_mixin.py:137} INFO - Website is not changed.
[2023-02-27T00:44:16.644+0000] {processor.py:755} WARNING - No viable dags retrieved from /opt/airflow/dags/cms_pg/updates.py
[2023-02-27T00:44:16.659+0000] {processor.py:175} INFO - Processing /opt/airflow/dags/cms_pg/updates.py took 1.224 seconds
[2023-02-27T00:44:47.023+0000] {processor.py:153} INFO - Started process (PID=10197) to work on /opt/airflow/dags/cms_pg/updates.py
[2023-02-27T00:44:47.025+0000] {processor.py:743} INFO - Processing file /opt/airflow/dags/cms_pg/updates.py for tasks to queue
[2023-02-27T00:44:47.027+0000] {logging_mixin.py:137} INFO - [2023-02-27T00:44:47.027+0000] {dagbag.py:538} INFO - Filling up the DagBag from /opt/airflow/dags/cms_pg/updates.py
[2023-02-27T00:44:48.222+0000] {logging_mixin.py:137} INFO - Website is not changed.
[2023-02-27T00:44:48.408+0000] {processor.py:755} WARNING - No viable dags retrieved from /opt/airflow/dags/cms_pg/updates.py
[2023-02-27T00:44:48.439+0000] {processor.py:175} INFO - Processing /opt/airflow/dags/cms_pg/updates.py took 1.423 seconds
[2023-02-27T00:45:18.865+0000] {processor.py:153} INFO - Started process (PID=10228) to work on /opt/airflow/dags/cms_pg/updates.py
[2023-02-27T00:45:18.869+0000] {processor.py:743} INFO - Processing file /opt/airflow/dags/cms_pg/updates.py for tasks to queue
[2023-02-27T00:45:18.870+0000] {logging_mixin.py:137} INFO - [2023-02-27T00:45:18.870+0000] {dagbag.py:538} INFO - Filling up the DagBag from /opt/airflow/dags/cms_pg/updates.py
[2023-02-27T00:45:19.965+0000] {logging_mixin.py:137} INFO - Website is not changed.
[2023-02-27T00:45:20.194+0000] {processor.py:755} WARNING - No viable dags retrieved from /opt/airflow/dags/cms_pg/updates.py
[2023-02-27T00:45:20.208+0000] {processor.py:175} INFO - Processing /opt/airflow/dags/cms_pg/updates.py took 1.350 seconds
[2023-02-27T00:45:50.607+0000] {processor.py:153} INFO - Started process (PID=10272) to work on /opt/airflow/dags/cms_pg/updates.py
[2023-02-27T00:45:50.613+0000] {processor.py:743} INFO - Processing file /opt/airflow/dags/cms_pg/updates.py for tasks to queue
[2023-02-27T00:45:50.616+0000] {logging_mixin.py:137} INFO - [2023-02-27T00:45:50.616+0000] {dagbag.py:538} INFO - Filling up the DagBag from /opt/airflow/dags/cms_pg/updates.py
[2023-02-27T00:45:51.502+0000] {logging_mixin.py:137} INFO - Website is not changed.
[2023-02-27T00:45:51.727+0000] {processor.py:755} WARNING - No viable dags retrieved from /opt/airflow/dags/cms_pg/updates.py
[2023-02-27T00:45:51.764+0000] {processor.py:175} INFO - Processing /opt/airflow/dags/cms_pg/updates.py took 1.173 seconds
[2023-02-27T00:46:22.187+0000] {processor.py:153} INFO - Started process (PID=10309) to work on /opt/airflow/dags/cms_pg/updates.py
[2023-02-27T00:46:22.188+0000] {processor.py:743} INFO - Processing file /opt/airflow/dags/cms_pg/updates.py for tasks to queue
[2023-02-27T00:46:22.190+0000] {logging_mixin.py:137} INFO - [2023-02-27T00:46:22.190+0000] {dagbag.py:538} INFO - Filling up the DagBag from /opt/airflow/dags/cms_pg/updates.py
[2023-02-27T00:46:23.266+0000] {logging_mixin.py:137} INFO - Website is not changed.
[2023-02-27T00:46:23.529+0000] {processor.py:755} WARNING - No viable dags retrieved from /opt/airflow/dags/cms_pg/updates.py
[2023-02-27T00:46:23.557+0000] {processor.py:175} INFO - Processing /opt/airflow/dags/cms_pg/updates.py took 1.379 seconds
[2023-02-27T00:46:53.749+0000] {processor.py:153} INFO - Started process (PID=10347) to work on /opt/airflow/dags/cms_pg/updates.py
[2023-02-27T00:46:53.751+0000] {processor.py:743} INFO - Processing file /opt/airflow/dags/cms_pg/updates.py for tasks to queue
[2023-02-27T00:46:53.753+0000] {logging_mixin.py:137} INFO - [2023-02-27T00:46:53.753+0000] {dagbag.py:538} INFO - Filling up the DagBag from /opt/airflow/dags/cms_pg/updates.py
[2023-02-27T00:46:54.872+0000] {logging_mixin.py:137} INFO - Website is not changed.
[2023-02-27T00:46:55.087+0000] {processor.py:755} WARNING - No viable dags retrieved from /opt/airflow/dags/cms_pg/updates.py
[2023-02-27T00:46:55.117+0000] {processor.py:175} INFO - Processing /opt/airflow/dags/cms_pg/updates.py took 1.374 seconds
[2023-02-27T00:47:25.508+0000] {processor.py:153} INFO - Started process (PID=10391) to work on /opt/airflow/dags/cms_pg/updates.py
[2023-02-27T00:47:25.510+0000] {processor.py:743} INFO - Processing file /opt/airflow/dags/cms_pg/updates.py for tasks to queue
[2023-02-27T00:47:25.511+0000] {logging_mixin.py:137} INFO - [2023-02-27T00:47:25.511+0000] {dagbag.py:538} INFO - Filling up the DagBag from /opt/airflow/dags/cms_pg/updates.py
[2023-02-27T00:47:27.388+0000] {logging_mixin.py:137} INFO - Website is not changed.
[2023-02-27T00:47:27.709+0000] {processor.py:755} WARNING - No viable dags retrieved from /opt/airflow/dags/cms_pg/updates.py
[2023-02-27T00:47:27.752+0000] {processor.py:175} INFO - Processing /opt/airflow/dags/cms_pg/updates.py took 2.249 seconds
[2023-02-27T01:04:51.090+0000] {processor.py:153} INFO - Started process (PID=10405) to work on /opt/airflow/dags/cms_pg/updates.py
[2023-02-27T01:04:51.091+0000] {processor.py:743} INFO - Processing file /opt/airflow/dags/cms_pg/updates.py for tasks to queue
[2023-02-27T01:04:51.092+0000] {logging_mixin.py:137} INFO - [2023-02-27T01:04:51.092+0000] {dagbag.py:538} INFO - Filling up the DagBag from /opt/airflow/dags/cms_pg/updates.py
[2023-02-27T01:04:53.733+0000] {logging_mixin.py:137} INFO - Website is not changed.
[2023-02-27T01:04:55.696+0000] {processor.py:755} WARNING - No viable dags retrieved from /opt/airflow/dags/cms_pg/updates.py
[2023-02-27T01:04:55.951+0000] {processor.py:175} INFO - Processing /opt/airflow/dags/cms_pg/updates.py took 4.866 seconds
[2023-02-27T01:36:19.717+0000] {processor.py:153} INFO - Started process (PID=10426) to work on /opt/airflow/dags/cms_pg/updates.py
[2023-02-27T01:36:19.719+0000] {processor.py:743} INFO - Processing file /opt/airflow/dags/cms_pg/updates.py for tasks to queue
[2023-02-27T01:36:19.720+0000] {logging_mixin.py:137} INFO - [2023-02-27T01:36:19.720+0000] {dagbag.py:538} INFO - Filling up the DagBag from /opt/airflow/dags/cms_pg/updates.py
[2023-02-27T01:36:23.672+0000] {logging_mixin.py:137} INFO - [2023-02-27T01:36:23.533+0000] {dagbag.py:343} ERROR - Failed to import: /opt/airflow/dags/cms_pg/updates.py
Traceback (most recent call last):
  File "/home/airflow/.local/lib/python3.7/site-packages/urllib3/connectionpool.py", line 710, in urlopen
    chunked=chunked,
  File "/home/airflow/.local/lib/python3.7/site-packages/urllib3/connectionpool.py", line 386, in _make_request
    self._validate_conn(conn)
  File "/home/airflow/.local/lib/python3.7/site-packages/urllib3/connectionpool.py", line 1042, in _validate_conn
    conn.connect()
  File "/home/airflow/.local/lib/python3.7/site-packages/urllib3/connection.py", line 424, in connect
    tls_in_tls=tls_in_tls,
  File "/home/airflow/.local/lib/python3.7/site-packages/urllib3/util/ssl_.py", line 450, in ssl_wrap_socket
    sock, context, tls_in_tls, server_hostname=server_hostname
  File "/home/airflow/.local/lib/python3.7/site-packages/urllib3/util/ssl_.py", line 493, in _ssl_wrap_socket_impl
    return ssl_context.wrap_socket(sock, server_hostname=server_hostname)
  File "/usr/local/lib/python3.7/ssl.py", line 423, in wrap_socket
    session=session
  File "/usr/local/lib/python3.7/ssl.py", line 870, in _create
    self.do_handshake()
  File "/usr/local/lib/python3.7/ssl.py", line 1139, in do_handshake
    self._sslobj.do_handshake()
OSError: [Errno 0] Error

During handling of the above exception, another exception occurred:

Traceback (most recent call last):
  File "/home/airflow/.local/lib/python3.7/site-packages/requests/adapters.py", line 499, in send
    timeout=timeout,
  File "/home/airflow/.local/lib/python3.7/site-packages/urllib3/connectionpool.py", line 788, in urlopen
    method, url, error=e, _pool=self, _stacktrace=sys.exc_info()[2]
  File "/home/airflow/.local/lib/python3.7/site-packages/urllib3/util/retry.py", line 550, in increment
    raise six.reraise(type(error), error, _stacktrace)
  File "/home/airflow/.local/lib/python3.7/site-packages/urllib3/packages/six.py", line 769, in reraise
    raise value.with_traceback(tb)
  File "/home/airflow/.local/lib/python3.7/site-packages/urllib3/connectionpool.py", line 710, in urlopen
    chunked=chunked,
  File "/home/airflow/.local/lib/python3.7/site-packages/urllib3/connectionpool.py", line 386, in _make_request
    self._validate_conn(conn)
  File "/home/airflow/.local/lib/python3.7/site-packages/urllib3/connectionpool.py", line 1042, in _validate_conn
    conn.connect()
  File "/home/airflow/.local/lib/python3.7/site-packages/urllib3/connection.py", line 424, in connect
    tls_in_tls=tls_in_tls,
  File "/home/airflow/.local/lib/python3.7/site-packages/urllib3/util/ssl_.py", line 450, in ssl_wrap_socket
    sock, context, tls_in_tls, server_hostname=server_hostname
  File "/home/airflow/.local/lib/python3.7/site-packages/urllib3/util/ssl_.py", line 493, in _ssl_wrap_socket_impl
    return ssl_context.wrap_socket(sock, server_hostname=server_hostname)
  File "/usr/local/lib/python3.7/ssl.py", line 423, in wrap_socket
    session=session
  File "/usr/local/lib/python3.7/ssl.py", line 870, in _create
    self.do_handshake()
  File "/usr/local/lib/python3.7/ssl.py", line 1139, in do_handshake
    self._sslobj.do_handshake()
urllib3.exceptions.ProtocolError: ('Connection aborted.', OSError(0, 'Error'))

During handling of the above exception, another exception occurred:

Traceback (most recent call last):
  File "/home/airflow/.local/lib/python3.7/site-packages/airflow/models/dagbag.py", line 339, in parse
    loader.exec_module(new_module)
  File "<frozen importlib._bootstrap_external>", line 728, in exec_module
  File "<frozen importlib._bootstrap>", line 219, in _call_with_frames_removed
  File "/opt/airflow/dags/cms_pg/updates.py", line 9, in <module>
    from cms_pg.download_file import download_file
  File "/opt/airflow/dags/cms_pg/download_file.py", line 16, in <module>
    result = website_changed(web)
  File "/opt/airflow/dags/cms_pg/page_change.py", line 5, in website_changed
    reqs = requests.get(url)
  File "/home/airflow/.local/lib/python3.7/site-packages/requests/api.py", line 73, in get
    return request("get", url, params=params, **kwargs)
  File "/home/airflow/.local/lib/python3.7/site-packages/requests/api.py", line 59, in request
    return session.request(method=method, url=url, **kwargs)
  File "/home/airflow/.local/lib/python3.7/site-packages/requests/sessions.py", line 587, in request
    resp = self.send(prep, **send_kwargs)
  File "/home/airflow/.local/lib/python3.7/site-packages/requests/sessions.py", line 701, in send
    r = adapter.send(request, **kwargs)
  File "/home/airflow/.local/lib/python3.7/site-packages/requests/adapters.py", line 547, in send
    raise ConnectionError(err, request=request)
requests.exceptions.ConnectionError: ('Connection aborted.', OSError(0, 'Error'))
[2023-02-27T01:36:23.676+0000] {processor.py:755} WARNING - No viable dags retrieved from /opt/airflow/dags/cms_pg/updates.py
[2023-02-27T01:36:24.022+0000] {processor.py:175} INFO - Processing /opt/airflow/dags/cms_pg/updates.py took 4.311 seconds
[2023-02-27T02:40:52.170+0000] {processor.py:153} INFO - Started process (PID=10456) to work on /opt/airflow/dags/cms_pg/updates.py
[2023-02-27T02:40:52.180+0000] {processor.py:743} INFO - Processing file /opt/airflow/dags/cms_pg/updates.py for tasks to queue
[2023-02-27T02:40:52.184+0000] {logging_mixin.py:137} INFO - [2023-02-27T02:40:52.183+0000] {dagbag.py:538} INFO - Filling up the DagBag from /opt/airflow/dags/cms_pg/updates.py
[2023-02-27T02:41:00.622+0000] {logging_mixin.py:137} INFO - Website is not changed.
[2023-02-27T02:41:01.443+0000] {processor.py:755} WARNING - No viable dags retrieved from /opt/airflow/dags/cms_pg/updates.py
[2023-02-27T02:41:01.502+0000] {processor.py:175} INFO - Processing /opt/airflow/dags/cms_pg/updates.py took 9.406 seconds
[2023-02-27T03:13:04.966+0000] {processor.py:153} INFO - Started process (PID=10487) to work on /opt/airflow/dags/cms_pg/updates.py
[2023-02-27T03:13:04.987+0000] {processor.py:743} INFO - Processing file /opt/airflow/dags/cms_pg/updates.py for tasks to queue
[2023-02-27T03:13:04.997+0000] {logging_mixin.py:137} INFO - [2023-02-27T03:13:04.997+0000] {dagbag.py:538} INFO - Filling up the DagBag from /opt/airflow/dags/cms_pg/updates.py
[2023-02-27T03:13:07.835+0000] {logging_mixin.py:137} INFO - Website is not changed.
[2023-02-27T03:13:15.158+0000] {processor.py:755} WARNING - No viable dags retrieved from /opt/airflow/dags/cms_pg/updates.py
[2023-02-27T03:13:15.451+0000] {processor.py:175} INFO - Processing /opt/airflow/dags/cms_pg/updates.py took 10.503 seconds
[2023-02-27T04:20:08.151+0000] {processor.py:153} INFO - Started process (PID=10517) to work on /opt/airflow/dags/cms_pg/updates.py
[2023-02-27T04:20:08.158+0000] {processor.py:743} INFO - Processing file /opt/airflow/dags/cms_pg/updates.py for tasks to queue
[2023-02-27T04:20:08.162+0000] {logging_mixin.py:137} INFO - [2023-02-27T04:20:08.161+0000] {dagbag.py:538} INFO - Filling up the DagBag from /opt/airflow/dags/cms_pg/updates.py
[2023-02-27T04:20:12.137+0000] {logging_mixin.py:137} INFO - [2023-02-27T04:20:12.087+0000] {dagbag.py:343} ERROR - Failed to import: /opt/airflow/dags/cms_pg/updates.py
Traceback (most recent call last):
  File "/home/airflow/.local/lib/python3.7/site-packages/urllib3/connectionpool.py", line 710, in urlopen
    chunked=chunked,
  File "/home/airflow/.local/lib/python3.7/site-packages/urllib3/connectionpool.py", line 386, in _make_request
    self._validate_conn(conn)
  File "/home/airflow/.local/lib/python3.7/site-packages/urllib3/connectionpool.py", line 1042, in _validate_conn
    conn.connect()
  File "/home/airflow/.local/lib/python3.7/site-packages/urllib3/connection.py", line 424, in connect
    tls_in_tls=tls_in_tls,
  File "/home/airflow/.local/lib/python3.7/site-packages/urllib3/util/ssl_.py", line 450, in ssl_wrap_socket
    sock, context, tls_in_tls, server_hostname=server_hostname
  File "/home/airflow/.local/lib/python3.7/site-packages/urllib3/util/ssl_.py", line 493, in _ssl_wrap_socket_impl
    return ssl_context.wrap_socket(sock, server_hostname=server_hostname)
  File "/usr/local/lib/python3.7/ssl.py", line 423, in wrap_socket
    session=session
  File "/usr/local/lib/python3.7/ssl.py", line 870, in _create
    self.do_handshake()
  File "/usr/local/lib/python3.7/ssl.py", line 1139, in do_handshake
    self._sslobj.do_handshake()
OSError: [Errno 0] Error

During handling of the above exception, another exception occurred:

Traceback (most recent call last):
  File "/home/airflow/.local/lib/python3.7/site-packages/requests/adapters.py", line 499, in send
    timeout=timeout,
  File "/home/airflow/.local/lib/python3.7/site-packages/urllib3/connectionpool.py", line 788, in urlopen
    method, url, error=e, _pool=self, _stacktrace=sys.exc_info()[2]
  File "/home/airflow/.local/lib/python3.7/site-packages/urllib3/util/retry.py", line 550, in increment
    raise six.reraise(type(error), error, _stacktrace)
  File "/home/airflow/.local/lib/python3.7/site-packages/urllib3/packages/six.py", line 769, in reraise
    raise value.with_traceback(tb)
  File "/home/airflow/.local/lib/python3.7/site-packages/urllib3/connectionpool.py", line 710, in urlopen
    chunked=chunked,
  File "/home/airflow/.local/lib/python3.7/site-packages/urllib3/connectionpool.py", line 386, in _make_request
    self._validate_conn(conn)
  File "/home/airflow/.local/lib/python3.7/site-packages/urllib3/connectionpool.py", line 1042, in _validate_conn
    conn.connect()
  File "/home/airflow/.local/lib/python3.7/site-packages/urllib3/connection.py", line 424, in connect
    tls_in_tls=tls_in_tls,
  File "/home/airflow/.local/lib/python3.7/site-packages/urllib3/util/ssl_.py", line 450, in ssl_wrap_socket
    sock, context, tls_in_tls, server_hostname=server_hostname
  File "/home/airflow/.local/lib/python3.7/site-packages/urllib3/util/ssl_.py", line 493, in _ssl_wrap_socket_impl
    return ssl_context.wrap_socket(sock, server_hostname=server_hostname)
  File "/usr/local/lib/python3.7/ssl.py", line 423, in wrap_socket
    session=session
  File "/usr/local/lib/python3.7/ssl.py", line 870, in _create
    self.do_handshake()
  File "/usr/local/lib/python3.7/ssl.py", line 1139, in do_handshake
    self._sslobj.do_handshake()
urllib3.exceptions.ProtocolError: ('Connection aborted.', OSError(0, 'Error'))

During handling of the above exception, another exception occurred:

Traceback (most recent call last):
  File "/home/airflow/.local/lib/python3.7/site-packages/airflow/models/dagbag.py", line 339, in parse
    loader.exec_module(new_module)
  File "<frozen importlib._bootstrap_external>", line 728, in exec_module
  File "<frozen importlib._bootstrap>", line 219, in _call_with_frames_removed
  File "/opt/airflow/dags/cms_pg/updates.py", line 9, in <module>
    from cms_pg.download_file import download_file
  File "/opt/airflow/dags/cms_pg/download_file.py", line 16, in <module>
    result = website_changed(web)
  File "/opt/airflow/dags/cms_pg/page_change.py", line 5, in website_changed
    reqs = requests.get(url)
  File "/home/airflow/.local/lib/python3.7/site-packages/requests/api.py", line 73, in get
    return request("get", url, params=params, **kwargs)
  File "/home/airflow/.local/lib/python3.7/site-packages/requests/api.py", line 59, in request
    return session.request(method=method, url=url, **kwargs)
  File "/home/airflow/.local/lib/python3.7/site-packages/requests/sessions.py", line 587, in request
    resp = self.send(prep, **send_kwargs)
  File "/home/airflow/.local/lib/python3.7/site-packages/requests/sessions.py", line 701, in send
    r = adapter.send(request, **kwargs)
  File "/home/airflow/.local/lib/python3.7/site-packages/requests/adapters.py", line 547, in send
    raise ConnectionError(err, request=request)
requests.exceptions.ConnectionError: ('Connection aborted.', OSError(0, 'Error'))
[2023-02-27T04:20:12.142+0000] {processor.py:755} WARNING - No viable dags retrieved from /opt/airflow/dags/cms_pg/updates.py
[2023-02-27T04:20:12.333+0000] {processor.py:175} INFO - Processing /opt/airflow/dags/cms_pg/updates.py took 4.223 seconds
[2023-02-27T05:26:15.761+0000] {processor.py:153} INFO - Started process (PID=10546) to work on /opt/airflow/dags/cms_pg/updates.py
[2023-02-27T05:26:15.764+0000] {processor.py:743} INFO - Processing file /opt/airflow/dags/cms_pg/updates.py for tasks to queue
[2023-02-27T05:26:15.773+0000] {logging_mixin.py:137} INFO - [2023-02-27T05:26:15.773+0000] {dagbag.py:538} INFO - Filling up the DagBag from /opt/airflow/dags/cms_pg/updates.py
[2023-02-27T05:26:22.724+0000] {logging_mixin.py:137} INFO - Website is not changed.
[2023-02-27T05:26:26.399+0000] {processor.py:755} WARNING - No viable dags retrieved from /opt/airflow/dags/cms_pg/updates.py
[2023-02-27T05:26:26.638+0000] {processor.py:175} INFO - Processing /opt/airflow/dags/cms_pg/updates.py took 10.954 seconds
[2023-02-27T06:31:05.182+0000] {processor.py:153} INFO - Started process (PID=10571) to work on /opt/airflow/dags/cms_pg/updates.py
[2023-02-27T06:31:05.196+0000] {processor.py:743} INFO - Processing file /opt/airflow/dags/cms_pg/updates.py for tasks to queue
[2023-02-27T06:31:05.209+0000] {logging_mixin.py:137} INFO - [2023-02-27T06:31:05.209+0000] {dagbag.py:538} INFO - Filling up the DagBag from /opt/airflow/dags/cms_pg/updates.py
[2023-02-27T06:31:09.720+0000] {logging_mixin.py:137} INFO - Website is not changed.
[2023-02-27T06:31:15.769+0000] {processor.py:755} WARNING - No viable dags retrieved from /opt/airflow/dags/cms_pg/updates.py
[2023-02-27T06:31:17.039+0000] {processor.py:175} INFO - Processing /opt/airflow/dags/cms_pg/updates.py took 11.886 seconds
[2023-02-27T07:39:51.721+0000] {processor.py:153} INFO - Started process (PID=10594) to work on /opt/airflow/dags/cms_pg/updates.py
[2023-02-27T07:39:51.761+0000] {processor.py:743} INFO - Processing file /opt/airflow/dags/cms_pg/updates.py for tasks to queue
[2023-02-27T07:39:51.772+0000] {logging_mixin.py:137} INFO - [2023-02-27T07:39:51.772+0000] {dagbag.py:538} INFO - Filling up the DagBag from /opt/airflow/dags/cms_pg/updates.py
[2023-02-27T07:40:00.453+0000] {logging_mixin.py:137} INFO - Website is not changed.
[2023-02-27T07:40:03.091+0000] {processor.py:755} WARNING - No viable dags retrieved from /opt/airflow/dags/cms_pg/updates.py
[2023-02-27T07:40:03.492+0000] {processor.py:175} INFO - Processing /opt/airflow/dags/cms_pg/updates.py took 11.840 seconds
[2023-02-27T08:29:21.668+0000] {processor.py:153} INFO - Started process (PID=10618) to work on /opt/airflow/dags/cms_pg/updates.py
[2023-02-27T08:29:21.686+0000] {processor.py:743} INFO - Processing file /opt/airflow/dags/cms_pg/updates.py for tasks to queue
[2023-02-27T08:29:21.700+0000] {logging_mixin.py:137} INFO - [2023-02-27T08:29:21.695+0000] {dagbag.py:538} INFO - Filling up the DagBag from /opt/airflow/dags/cms_pg/updates.py
[2023-02-27T08:29:31.986+0000] {logging_mixin.py:137} INFO - Website is not changed.
[2023-02-27T08:29:35.690+0000] {processor.py:755} WARNING - No viable dags retrieved from /opt/airflow/dags/cms_pg/updates.py
[2023-02-27T08:29:35.910+0000] {processor.py:175} INFO - Processing /opt/airflow/dags/cms_pg/updates.py took 14.322 seconds
[2023-02-27T08:48:10.202+0000] {processor.py:153} INFO - Started process (PID=10642) to work on /opt/airflow/dags/cms_pg/updates.py
[2023-02-27T08:48:10.207+0000] {processor.py:743} INFO - Processing file /opt/airflow/dags/cms_pg/updates.py for tasks to queue
[2023-02-27T08:48:10.217+0000] {logging_mixin.py:137} INFO - [2023-02-27T08:48:10.217+0000] {dagbag.py:538} INFO - Filling up the DagBag from /opt/airflow/dags/cms_pg/updates.py
[2023-02-27T08:48:11.645+0000] {logging_mixin.py:137} INFO - Website is not changed.
[2023-02-27T08:48:15.321+0000] {processor.py:755} WARNING - No viable dags retrieved from /opt/airflow/dags/cms_pg/updates.py
[2023-02-27T08:48:15.597+0000] {processor.py:175} INFO - Processing /opt/airflow/dags/cms_pg/updates.py took 5.502 seconds
[2023-02-27T09:36:15.848+0000] {processor.py:153} INFO - Started process (PID=10673) to work on /opt/airflow/dags/cms_pg/updates.py
[2023-02-27T09:36:15.851+0000] {processor.py:743} INFO - Processing file /opt/airflow/dags/cms_pg/updates.py for tasks to queue
[2023-02-27T09:36:15.856+0000] {logging_mixin.py:137} INFO - [2023-02-27T09:36:15.856+0000] {dagbag.py:538} INFO - Filling up the DagBag from /opt/airflow/dags/cms_pg/updates.py
[2023-02-27T09:36:18.371+0000] {logging_mixin.py:137} INFO - Website is not changed.
[2023-02-27T09:36:19.694+0000] {processor.py:755} WARNING - No viable dags retrieved from /opt/airflow/dags/cms_pg/updates.py
[2023-02-27T09:36:19.839+0000] {processor.py:175} INFO - Processing /opt/airflow/dags/cms_pg/updates.py took 4.013 seconds
[2023-02-27T10:41:49.679+0000] {processor.py:153} INFO - Started process (PID=10706) to work on /opt/airflow/dags/cms_pg/updates.py
[2023-02-27T10:41:49.681+0000] {processor.py:743} INFO - Processing file /opt/airflow/dags/cms_pg/updates.py for tasks to queue
[2023-02-27T10:41:49.683+0000] {logging_mixin.py:137} INFO - [2023-02-27T10:41:49.683+0000] {dagbag.py:538} INFO - Filling up the DagBag from /opt/airflow/dags/cms_pg/updates.py
[2023-02-27T10:41:52.599+0000] {logging_mixin.py:137} INFO - Website is not changed.
[2023-02-27T10:41:53.612+0000] {processor.py:755} WARNING - No viable dags retrieved from /opt/airflow/dags/cms_pg/updates.py
[2023-02-27T10:41:53.714+0000] {processor.py:175} INFO - Processing /opt/airflow/dags/cms_pg/updates.py took 4.042 seconds
[2023-02-27T11:48:29.991+0000] {processor.py:153} INFO - Started process (PID=10737) to work on /opt/airflow/dags/cms_pg/updates.py
[2023-02-27T11:48:29.992+0000] {processor.py:743} INFO - Processing file /opt/airflow/dags/cms_pg/updates.py for tasks to queue
[2023-02-27T11:48:29.993+0000] {logging_mixin.py:137} INFO - [2023-02-27T11:48:29.993+0000] {dagbag.py:538} INFO - Filling up the DagBag from /opt/airflow/dags/cms_pg/updates.py
[2023-02-27T11:48:32.335+0000] {logging_mixin.py:137} INFO - Website is not changed.
[2023-02-27T11:48:33.615+0000] {processor.py:755} WARNING - No viable dags retrieved from /opt/airflow/dags/cms_pg/updates.py
[2023-02-27T11:48:33.686+0000] {processor.py:175} INFO - Processing /opt/airflow/dags/cms_pg/updates.py took 3.702 seconds
[2023-02-27T12:56:19.962+0000] {processor.py:153} INFO - Started process (PID=10768) to work on /opt/airflow/dags/cms_pg/updates.py
[2023-02-27T12:56:19.982+0000] {processor.py:743} INFO - Processing file /opt/airflow/dags/cms_pg/updates.py for tasks to queue
[2023-02-27T12:56:19.994+0000] {logging_mixin.py:137} INFO - [2023-02-27T12:56:19.988+0000] {dagbag.py:538} INFO - Filling up the DagBag from /opt/airflow/dags/cms_pg/updates.py
[2023-02-27T12:56:24.723+0000] {logging_mixin.py:137} INFO - Website is not changed.
[2023-02-27T12:56:26.247+0000] {processor.py:755} WARNING - No viable dags retrieved from /opt/airflow/dags/cms_pg/updates.py
[2023-02-27T12:56:26.392+0000] {processor.py:175} INFO - Processing /opt/airflow/dags/cms_pg/updates.py took 6.494 seconds
[2023-02-27T14:03:23.091+0000] {processor.py:153} INFO - Started process (PID=10799) to work on /opt/airflow/dags/cms_pg/updates.py
[2023-02-27T14:03:23.098+0000] {processor.py:743} INFO - Processing file /opt/airflow/dags/cms_pg/updates.py for tasks to queue
[2023-02-27T14:03:23.101+0000] {logging_mixin.py:137} INFO - [2023-02-27T14:03:23.100+0000] {dagbag.py:538} INFO - Filling up the DagBag from /opt/airflow/dags/cms_pg/updates.py
[2023-02-27T14:03:27.506+0000] {logging_mixin.py:137} INFO - Website is not changed.
[2023-02-27T14:03:28.911+0000] {processor.py:755} WARNING - No viable dags retrieved from /opt/airflow/dags/cms_pg/updates.py
[2023-02-27T14:03:29.082+0000] {processor.py:175} INFO - Processing /opt/airflow/dags/cms_pg/updates.py took 6.027 seconds
[2023-02-27T14:42:54.154+0000] {processor.py:153} INFO - Started process (PID=10824) to work on /opt/airflow/dags/cms_pg/updates.py
[2023-02-27T14:42:54.238+0000] {processor.py:743} INFO - Processing file /opt/airflow/dags/cms_pg/updates.py for tasks to queue
[2023-02-27T14:42:54.266+0000] {logging_mixin.py:137} INFO - [2023-02-27T14:42:54.266+0000] {dagbag.py:538} INFO - Filling up the DagBag from /opt/airflow/dags/cms_pg/updates.py
[2023-02-27T14:42:57.738+0000] {logging_mixin.py:137} INFO - Website is not changed.
[2023-02-27T14:43:10.962+0000] {processor.py:755} WARNING - No viable dags retrieved from /opt/airflow/dags/cms_pg/updates.py
[2023-02-27T14:43:11.346+0000] {processor.py:175} INFO - Processing /opt/airflow/dags/cms_pg/updates.py took 17.372 seconds
[2023-02-27T14:43:42.289+0000] {processor.py:153} INFO - Started process (PID=10861) to work on /opt/airflow/dags/cms_pg/updates.py
[2023-02-27T14:43:42.292+0000] {processor.py:743} INFO - Processing file /opt/airflow/dags/cms_pg/updates.py for tasks to queue
[2023-02-27T14:43:42.294+0000] {logging_mixin.py:137} INFO - [2023-02-27T14:43:42.293+0000] {dagbag.py:538} INFO - Filling up the DagBag from /opt/airflow/dags/cms_pg/updates.py
[2023-02-27T14:43:44.352+0000] {logging_mixin.py:137} INFO - Website is not changed.
[2023-02-27T14:43:44.747+0000] {processor.py:755} WARNING - No viable dags retrieved from /opt/airflow/dags/cms_pg/updates.py
[2023-02-27T14:43:44.766+0000] {processor.py:175} INFO - Processing /opt/airflow/dags/cms_pg/updates.py took 2.496 seconds
[2023-02-27T14:44:14.923+0000] {processor.py:153} INFO - Started process (PID=10905) to work on /opt/airflow/dags/cms_pg/updates.py
[2023-02-27T14:44:14.928+0000] {processor.py:743} INFO - Processing file /opt/airflow/dags/cms_pg/updates.py for tasks to queue
[2023-02-27T14:44:14.931+0000] {logging_mixin.py:137} INFO - [2023-02-27T14:44:14.931+0000] {dagbag.py:538} INFO - Filling up the DagBag from /opt/airflow/dags/cms_pg/updates.py
[2023-02-27T14:44:16.213+0000] {logging_mixin.py:137} INFO - Website is not changed.
[2023-02-27T14:44:16.412+0000] {processor.py:755} WARNING - No viable dags retrieved from /opt/airflow/dags/cms_pg/updates.py
[2023-02-27T14:44:16.425+0000] {processor.py:175} INFO - Processing /opt/airflow/dags/cms_pg/updates.py took 1.508 seconds
[2023-02-27T14:44:46.957+0000] {processor.py:153} INFO - Started process (PID=10936) to work on /opt/airflow/dags/cms_pg/updates.py
[2023-02-27T14:44:46.960+0000] {processor.py:743} INFO - Processing file /opt/airflow/dags/cms_pg/updates.py for tasks to queue
[2023-02-27T14:44:46.961+0000] {logging_mixin.py:137} INFO - [2023-02-27T14:44:46.961+0000] {dagbag.py:538} INFO - Filling up the DagBag from /opt/airflow/dags/cms_pg/updates.py
[2023-02-27T14:44:48.189+0000] {logging_mixin.py:137} INFO - Website is not changed.
[2023-02-27T14:44:48.485+0000] {processor.py:755} WARNING - No viable dags retrieved from /opt/airflow/dags/cms_pg/updates.py
[2023-02-27T14:44:48.523+0000] {processor.py:175} INFO - Processing /opt/airflow/dags/cms_pg/updates.py took 1.572 seconds
[2023-02-27T14:45:18.753+0000] {processor.py:153} INFO - Started process (PID=10979) to work on /opt/airflow/dags/cms_pg/updates.py
[2023-02-27T14:45:18.755+0000] {processor.py:743} INFO - Processing file /opt/airflow/dags/cms_pg/updates.py for tasks to queue
[2023-02-27T14:45:18.756+0000] {logging_mixin.py:137} INFO - [2023-02-27T14:45:18.756+0000] {dagbag.py:538} INFO - Filling up the DagBag from /opt/airflow/dags/cms_pg/updates.py
[2023-02-27T14:45:19.615+0000] {logging_mixin.py:137} INFO - Website is not changed.
[2023-02-27T14:45:19.857+0000] {processor.py:755} WARNING - No viable dags retrieved from /opt/airflow/dags/cms_pg/updates.py
[2023-02-27T14:45:19.872+0000] {processor.py:175} INFO - Processing /opt/airflow/dags/cms_pg/updates.py took 1.126 seconds
[2023-02-27T14:45:50.221+0000] {processor.py:153} INFO - Started process (PID=11023) to work on /opt/airflow/dags/cms_pg/updates.py
[2023-02-27T14:45:50.224+0000] {processor.py:743} INFO - Processing file /opt/airflow/dags/cms_pg/updates.py for tasks to queue
[2023-02-27T14:45:50.232+0000] {logging_mixin.py:137} INFO - [2023-02-27T14:45:50.231+0000] {dagbag.py:538} INFO - Filling up the DagBag from /opt/airflow/dags/cms_pg/updates.py
[2023-02-27T14:45:51.162+0000] {logging_mixin.py:137} INFO - Website is not changed.
[2023-02-27T14:45:51.361+0000] {processor.py:755} WARNING - No viable dags retrieved from /opt/airflow/dags/cms_pg/updates.py
[2023-02-27T14:45:51.382+0000] {processor.py:175} INFO - Processing /opt/airflow/dags/cms_pg/updates.py took 1.183 seconds
[2023-02-27T14:46:21.767+0000] {processor.py:153} INFO - Started process (PID=11054) to work on /opt/airflow/dags/cms_pg/updates.py
[2023-02-27T14:46:21.770+0000] {processor.py:743} INFO - Processing file /opt/airflow/dags/cms_pg/updates.py for tasks to queue
[2023-02-27T14:46:21.771+0000] {logging_mixin.py:137} INFO - [2023-02-27T14:46:21.771+0000] {dagbag.py:538} INFO - Filling up the DagBag from /opt/airflow/dags/cms_pg/updates.py
[2023-02-27T14:46:22.647+0000] {logging_mixin.py:137} INFO - Website is not changed.
[2023-02-27T14:46:22.907+0000] {processor.py:755} WARNING - No viable dags retrieved from /opt/airflow/dags/cms_pg/updates.py
[2023-02-27T14:46:22.935+0000] {processor.py:175} INFO - Processing /opt/airflow/dags/cms_pg/updates.py took 1.174 seconds
[2023-02-27T14:46:53.304+0000] {processor.py:153} INFO - Started process (PID=11098) to work on /opt/airflow/dags/cms_pg/updates.py
[2023-02-27T14:46:53.308+0000] {processor.py:743} INFO - Processing file /opt/airflow/dags/cms_pg/updates.py for tasks to queue
[2023-02-27T14:46:53.310+0000] {logging_mixin.py:137} INFO - [2023-02-27T14:46:53.309+0000] {dagbag.py:538} INFO - Filling up the DagBag from /opt/airflow/dags/cms_pg/updates.py
[2023-02-27T14:46:54.223+0000] {logging_mixin.py:137} INFO - Website is not changed.
[2023-02-27T14:46:54.423+0000] {processor.py:755} WARNING - No viable dags retrieved from /opt/airflow/dags/cms_pg/updates.py
[2023-02-27T14:46:54.448+0000] {processor.py:175} INFO - Processing /opt/airflow/dags/cms_pg/updates.py took 1.161 seconds
[2023-02-27T14:47:24.697+0000] {processor.py:153} INFO - Started process (PID=11142) to work on /opt/airflow/dags/cms_pg/updates.py
[2023-02-27T14:47:24.703+0000] {processor.py:743} INFO - Processing file /opt/airflow/dags/cms_pg/updates.py for tasks to queue
[2023-02-27T14:47:24.706+0000] {logging_mixin.py:137} INFO - [2023-02-27T14:47:24.705+0000] {dagbag.py:538} INFO - Filling up the DagBag from /opt/airflow/dags/cms_pg/updates.py
[2023-02-27T14:47:26.008+0000] {logging_mixin.py:137} INFO - Website is not changed.
[2023-02-27T14:47:26.265+0000] {processor.py:755} WARNING - No viable dags retrieved from /opt/airflow/dags/cms_pg/updates.py
[2023-02-27T14:47:26.283+0000] {processor.py:175} INFO - Processing /opt/airflow/dags/cms_pg/updates.py took 1.599 seconds
[2023-02-27T14:47:56.764+0000] {processor.py:153} INFO - Started process (PID=11174) to work on /opt/airflow/dags/cms_pg/updates.py
[2023-02-27T14:47:56.766+0000] {processor.py:743} INFO - Processing file /opt/airflow/dags/cms_pg/updates.py for tasks to queue
[2023-02-27T14:47:56.767+0000] {logging_mixin.py:137} INFO - [2023-02-27T14:47:56.767+0000] {dagbag.py:538} INFO - Filling up the DagBag from /opt/airflow/dags/cms_pg/updates.py
[2023-02-27T14:47:58.075+0000] {logging_mixin.py:137} INFO - Website is not changed.
[2023-02-27T14:47:58.436+0000] {processor.py:755} WARNING - No viable dags retrieved from /opt/airflow/dags/cms_pg/updates.py
[2023-02-27T14:47:58.482+0000] {processor.py:175} INFO - Processing /opt/airflow/dags/cms_pg/updates.py took 1.728 seconds
[2023-02-27T14:48:28.916+0000] {processor.py:153} INFO - Started process (PID=11218) to work on /opt/airflow/dags/cms_pg/updates.py
[2023-02-27T14:48:28.918+0000] {processor.py:743} INFO - Processing file /opt/airflow/dags/cms_pg/updates.py for tasks to queue
[2023-02-27T14:48:28.920+0000] {logging_mixin.py:137} INFO - [2023-02-27T14:48:28.920+0000] {dagbag.py:538} INFO - Filling up the DagBag from /opt/airflow/dags/cms_pg/updates.py
[2023-02-27T14:48:29.976+0000] {logging_mixin.py:137} INFO - Website is not changed.
[2023-02-27T14:48:30.258+0000] {processor.py:755} WARNING - No viable dags retrieved from /opt/airflow/dags/cms_pg/updates.py
[2023-02-27T14:48:30.287+0000] {processor.py:175} INFO - Processing /opt/airflow/dags/cms_pg/updates.py took 1.378 seconds
[2023-02-27T14:49:00.944+0000] {processor.py:153} INFO - Started process (PID=11248) to work on /opt/airflow/dags/cms_pg/updates.py
[2023-02-27T14:49:00.946+0000] {processor.py:743} INFO - Processing file /opt/airflow/dags/cms_pg/updates.py for tasks to queue
[2023-02-27T14:49:00.950+0000] {logging_mixin.py:137} INFO - [2023-02-27T14:49:00.950+0000] {dagbag.py:538} INFO - Filling up the DagBag from /opt/airflow/dags/cms_pg/updates.py
[2023-02-27T14:49:01.927+0000] {logging_mixin.py:137} INFO - Website is not changed.
[2023-02-27T14:49:02.218+0000] {processor.py:755} WARNING - No viable dags retrieved from /opt/airflow/dags/cms_pg/updates.py
[2023-02-27T14:49:02.251+0000] {processor.py:175} INFO - Processing /opt/airflow/dags/cms_pg/updates.py took 1.313 seconds
[2023-02-27T14:49:32.600+0000] {processor.py:153} INFO - Started process (PID=11292) to work on /opt/airflow/dags/cms_pg/updates.py
[2023-02-27T14:49:32.602+0000] {processor.py:743} INFO - Processing file /opt/airflow/dags/cms_pg/updates.py for tasks to queue
[2023-02-27T14:49:32.603+0000] {logging_mixin.py:137} INFO - [2023-02-27T14:49:32.603+0000] {dagbag.py:538} INFO - Filling up the DagBag from /opt/airflow/dags/cms_pg/updates.py
[2023-02-27T14:49:33.746+0000] {logging_mixin.py:137} INFO - Website is not changed.
[2023-02-27T14:49:34.004+0000] {processor.py:755} WARNING - No viable dags retrieved from /opt/airflow/dags/cms_pg/updates.py
[2023-02-27T14:49:34.040+0000] {processor.py:175} INFO - Processing /opt/airflow/dags/cms_pg/updates.py took 1.445 seconds
[2023-02-27T14:50:04.532+0000] {processor.py:153} INFO - Started process (PID=11335) to work on /opt/airflow/dags/cms_pg/updates.py
[2023-02-27T14:50:04.537+0000] {processor.py:743} INFO - Processing file /opt/airflow/dags/cms_pg/updates.py for tasks to queue
[2023-02-27T14:50:04.539+0000] {logging_mixin.py:137} INFO - [2023-02-27T14:50:04.539+0000] {dagbag.py:538} INFO - Filling up the DagBag from /opt/airflow/dags/cms_pg/updates.py
[2023-02-27T14:50:05.708+0000] {logging_mixin.py:137} INFO - Website is not changed.
[2023-02-27T14:50:05.913+0000] {processor.py:755} WARNING - No viable dags retrieved from /opt/airflow/dags/cms_pg/updates.py
[2023-02-27T14:50:05.932+0000] {processor.py:175} INFO - Processing /opt/airflow/dags/cms_pg/updates.py took 1.410 seconds
[2023-02-27T14:50:36.203+0000] {processor.py:153} INFO - Started process (PID=11366) to work on /opt/airflow/dags/cms_pg/updates.py
[2023-02-27T14:50:36.207+0000] {processor.py:743} INFO - Processing file /opt/airflow/dags/cms_pg/updates.py for tasks to queue
[2023-02-27T14:50:36.210+0000] {logging_mixin.py:137} INFO - [2023-02-27T14:50:36.210+0000] {dagbag.py:538} INFO - Filling up the DagBag from /opt/airflow/dags/cms_pg/updates.py
[2023-02-27T14:50:36.983+0000] {logging_mixin.py:137} INFO - Website is not changed.
[2023-02-27T14:50:37.244+0000] {processor.py:755} WARNING - No viable dags retrieved from /opt/airflow/dags/cms_pg/updates.py
[2023-02-27T14:50:37.261+0000] {processor.py:175} INFO - Processing /opt/airflow/dags/cms_pg/updates.py took 1.069 seconds
[2023-02-27T14:51:07.380+0000] {processor.py:153} INFO - Started process (PID=11409) to work on /opt/airflow/dags/cms_pg/updates.py
[2023-02-27T14:51:07.382+0000] {processor.py:743} INFO - Processing file /opt/airflow/dags/cms_pg/updates.py for tasks to queue
[2023-02-27T14:51:07.384+0000] {logging_mixin.py:137} INFO - [2023-02-27T14:51:07.383+0000] {dagbag.py:538} INFO - Filling up the DagBag from /opt/airflow/dags/cms_pg/updates.py
[2023-02-27T14:51:08.251+0000] {logging_mixin.py:137} INFO - Website is not changed.
[2023-02-27T14:51:08.501+0000] {processor.py:755} WARNING - No viable dags retrieved from /opt/airflow/dags/cms_pg/updates.py
[2023-02-27T14:51:08.521+0000] {processor.py:175} INFO - Processing /opt/airflow/dags/cms_pg/updates.py took 1.146 seconds
[2023-02-27T14:51:38.953+0000] {processor.py:153} INFO - Started process (PID=11448) to work on /opt/airflow/dags/cms_pg/updates.py
[2023-02-27T14:51:38.959+0000] {processor.py:743} INFO - Processing file /opt/airflow/dags/cms_pg/updates.py for tasks to queue
[2023-02-27T14:51:38.964+0000] {logging_mixin.py:137} INFO - [2023-02-27T14:51:38.964+0000] {dagbag.py:538} INFO - Filling up the DagBag from /opt/airflow/dags/cms_pg/updates.py
[2023-02-27T14:51:40.380+0000] {logging_mixin.py:137} INFO - Website is not changed.
[2023-02-27T14:51:41.155+0000] {processor.py:755} WARNING - No viable dags retrieved from /opt/airflow/dags/cms_pg/updates.py
[2023-02-27T14:51:41.209+0000] {processor.py:175} INFO - Processing /opt/airflow/dags/cms_pg/updates.py took 2.264 seconds
[2023-02-27T14:52:11.701+0000] {processor.py:153} INFO - Started process (PID=11482) to work on /opt/airflow/dags/cms_pg/updates.py
[2023-02-27T14:52:11.705+0000] {processor.py:743} INFO - Processing file /opt/airflow/dags/cms_pg/updates.py for tasks to queue
[2023-02-27T14:52:11.708+0000] {logging_mixin.py:137} INFO - [2023-02-27T14:52:11.708+0000] {dagbag.py:538} INFO - Filling up the DagBag from /opt/airflow/dags/cms_pg/updates.py
[2023-02-27T14:52:12.594+0000] {logging_mixin.py:137} INFO - Website is not changed.
[2023-02-27T14:52:12.829+0000] {processor.py:755} WARNING - No viable dags retrieved from /opt/airflow/dags/cms_pg/updates.py
[2023-02-27T14:52:12.858+0000] {processor.py:175} INFO - Processing /opt/airflow/dags/cms_pg/updates.py took 1.177 seconds
[2023-02-27T14:52:43.389+0000] {processor.py:153} INFO - Started process (PID=11526) to work on /opt/airflow/dags/cms_pg/updates.py
[2023-02-27T14:52:43.391+0000] {processor.py:743} INFO - Processing file /opt/airflow/dags/cms_pg/updates.py for tasks to queue
[2023-02-27T14:52:43.393+0000] {logging_mixin.py:137} INFO - [2023-02-27T14:52:43.393+0000] {dagbag.py:538} INFO - Filling up the DagBag from /opt/airflow/dags/cms_pg/updates.py
[2023-02-27T14:52:45.141+0000] {logging_mixin.py:137} INFO - Website is not changed.
[2023-02-27T14:52:45.354+0000] {processor.py:755} WARNING - No viable dags retrieved from /opt/airflow/dags/cms_pg/updates.py
[2023-02-27T14:52:45.385+0000] {processor.py:175} INFO - Processing /opt/airflow/dags/cms_pg/updates.py took 2.003 seconds
[2023-02-27T14:53:15.725+0000] {processor.py:153} INFO - Started process (PID=11557) to work on /opt/airflow/dags/cms_pg/updates.py
[2023-02-27T14:53:15.727+0000] {processor.py:743} INFO - Processing file /opt/airflow/dags/cms_pg/updates.py for tasks to queue
[2023-02-27T14:53:15.729+0000] {logging_mixin.py:137} INFO - [2023-02-27T14:53:15.729+0000] {dagbag.py:538} INFO - Filling up the DagBag from /opt/airflow/dags/cms_pg/updates.py
[2023-02-27T14:53:16.785+0000] {logging_mixin.py:137} INFO - Website is not changed.
[2023-02-27T14:53:17.168+0000] {processor.py:755} WARNING - No viable dags retrieved from /opt/airflow/dags/cms_pg/updates.py
[2023-02-27T14:53:17.221+0000] {processor.py:175} INFO - Processing /opt/airflow/dags/cms_pg/updates.py took 1.502 seconds
[2023-02-27T14:53:48.148+0000] {processor.py:153} INFO - Started process (PID=11600) to work on /opt/airflow/dags/cms_pg/updates.py
[2023-02-27T14:53:48.151+0000] {processor.py:743} INFO - Processing file /opt/airflow/dags/cms_pg/updates.py for tasks to queue
[2023-02-27T14:53:48.152+0000] {logging_mixin.py:137} INFO - [2023-02-27T14:53:48.152+0000] {dagbag.py:538} INFO - Filling up the DagBag from /opt/airflow/dags/cms_pg/updates.py
[2023-02-27T14:53:49.323+0000] {logging_mixin.py:137} INFO - Website is not changed.
[2023-02-27T14:53:49.578+0000] {processor.py:755} WARNING - No viable dags retrieved from /opt/airflow/dags/cms_pg/updates.py
[2023-02-27T14:53:49.600+0000] {processor.py:175} INFO - Processing /opt/airflow/dags/cms_pg/updates.py took 1.468 seconds
[2023-02-27T14:54:19.775+0000] {processor.py:153} INFO - Started process (PID=11645) to work on /opt/airflow/dags/cms_pg/updates.py
[2023-02-27T14:54:19.780+0000] {processor.py:743} INFO - Processing file /opt/airflow/dags/cms_pg/updates.py for tasks to queue
[2023-02-27T14:54:19.784+0000] {logging_mixin.py:137} INFO - [2023-02-27T14:54:19.784+0000] {dagbag.py:538} INFO - Filling up the DagBag from /opt/airflow/dags/cms_pg/updates.py
[2023-02-27T14:54:20.916+0000] {logging_mixin.py:137} INFO - Website is not changed.
[2023-02-27T14:54:21.105+0000] {processor.py:755} WARNING - No viable dags retrieved from /opt/airflow/dags/cms_pg/updates.py
[2023-02-27T14:54:21.120+0000] {processor.py:175} INFO - Processing /opt/airflow/dags/cms_pg/updates.py took 1.362 seconds
[2023-02-27T14:54:51.707+0000] {processor.py:153} INFO - Started process (PID=11676) to work on /opt/airflow/dags/cms_pg/updates.py
[2023-02-27T14:54:51.710+0000] {processor.py:743} INFO - Processing file /opt/airflow/dags/cms_pg/updates.py for tasks to queue
[2023-02-27T14:54:51.713+0000] {logging_mixin.py:137} INFO - [2023-02-27T14:54:51.712+0000] {dagbag.py:538} INFO - Filling up the DagBag from /opt/airflow/dags/cms_pg/updates.py
[2023-02-27T14:54:53.196+0000] {logging_mixin.py:137} INFO - Website is not changed.
[2023-02-27T14:54:53.463+0000] {processor.py:755} WARNING - No viable dags retrieved from /opt/airflow/dags/cms_pg/updates.py
[2023-02-27T14:54:53.676+0000] {processor.py:175} INFO - Processing /opt/airflow/dags/cms_pg/updates.py took 1.984 seconds
[2023-02-27T14:55:24.388+0000] {processor.py:153} INFO - Started process (PID=11719) to work on /opt/airflow/dags/cms_pg/updates.py
[2023-02-27T14:55:24.391+0000] {processor.py:743} INFO - Processing file /opt/airflow/dags/cms_pg/updates.py for tasks to queue
[2023-02-27T14:55:24.393+0000] {logging_mixin.py:137} INFO - [2023-02-27T14:55:24.393+0000] {dagbag.py:538} INFO - Filling up the DagBag from /opt/airflow/dags/cms_pg/updates.py
[2023-02-27T14:55:25.154+0000] {logging_mixin.py:137} INFO - Website is not changed.
[2023-02-27T14:55:25.416+0000] {processor.py:755} WARNING - No viable dags retrieved from /opt/airflow/dags/cms_pg/updates.py
[2023-02-27T14:55:25.434+0000] {processor.py:175} INFO - Processing /opt/airflow/dags/cms_pg/updates.py took 1.051 seconds
[2023-02-27T14:55:55.800+0000] {processor.py:153} INFO - Started process (PID=11763) to work on /opt/airflow/dags/cms_pg/updates.py
[2023-02-27T14:55:55.802+0000] {processor.py:743} INFO - Processing file /opt/airflow/dags/cms_pg/updates.py for tasks to queue
[2023-02-27T14:55:55.804+0000] {logging_mixin.py:137} INFO - [2023-02-27T14:55:55.803+0000] {dagbag.py:538} INFO - Filling up the DagBag from /opt/airflow/dags/cms_pg/updates.py
[2023-02-27T14:55:56.644+0000] {logging_mixin.py:137} INFO - Website is not changed.
[2023-02-27T14:55:56.939+0000] {processor.py:755} WARNING - No viable dags retrieved from /opt/airflow/dags/cms_pg/updates.py
[2023-02-27T14:55:56.994+0000] {processor.py:175} INFO - Processing /opt/airflow/dags/cms_pg/updates.py took 1.200 seconds
[2023-02-27T14:56:27.356+0000] {processor.py:153} INFO - Started process (PID=11794) to work on /opt/airflow/dags/cms_pg/updates.py
[2023-02-27T14:56:27.358+0000] {processor.py:743} INFO - Processing file /opt/airflow/dags/cms_pg/updates.py for tasks to queue
[2023-02-27T14:56:27.359+0000] {logging_mixin.py:137} INFO - [2023-02-27T14:56:27.359+0000] {dagbag.py:538} INFO - Filling up the DagBag from /opt/airflow/dags/cms_pg/updates.py
[2023-02-27T14:56:28.411+0000] {logging_mixin.py:137} INFO - Website is not changed.
[2023-02-27T14:56:28.588+0000] {processor.py:755} WARNING - No viable dags retrieved from /opt/airflow/dags/cms_pg/updates.py
[2023-02-27T14:56:28.602+0000] {processor.py:175} INFO - Processing /opt/airflow/dags/cms_pg/updates.py took 1.253 seconds
[2023-02-27T14:56:58.833+0000] {processor.py:153} INFO - Started process (PID=11836) to work on /opt/airflow/dags/cms_pg/updates.py
[2023-02-27T14:56:58.836+0000] {processor.py:743} INFO - Processing file /opt/airflow/dags/cms_pg/updates.py for tasks to queue
[2023-02-27T14:56:58.837+0000] {logging_mixin.py:137} INFO - [2023-02-27T14:56:58.837+0000] {dagbag.py:538} INFO - Filling up the DagBag from /opt/airflow/dags/cms_pg/updates.py
[2023-02-27T14:56:59.932+0000] {logging_mixin.py:137} INFO - Website is not changed.
[2023-02-27T14:57:00.196+0000] {processor.py:755} WARNING - No viable dags retrieved from /opt/airflow/dags/cms_pg/updates.py
[2023-02-27T14:57:00.213+0000] {processor.py:175} INFO - Processing /opt/airflow/dags/cms_pg/updates.py took 1.385 seconds
[2023-02-27T14:57:30.504+0000] {processor.py:153} INFO - Started process (PID=11882) to work on /opt/airflow/dags/cms_pg/updates.py
[2023-02-27T14:57:30.507+0000] {processor.py:743} INFO - Processing file /opt/airflow/dags/cms_pg/updates.py for tasks to queue
[2023-02-27T14:57:30.509+0000] {logging_mixin.py:137} INFO - [2023-02-27T14:57:30.509+0000] {dagbag.py:538} INFO - Filling up the DagBag from /opt/airflow/dags/cms_pg/updates.py
[2023-02-27T14:57:32.584+0000] {logging_mixin.py:137} INFO - Website is not changed.
[2023-02-27T14:57:32.767+0000] {processor.py:755} WARNING - No viable dags retrieved from /opt/airflow/dags/cms_pg/updates.py
[2023-02-27T14:57:32.783+0000] {processor.py:175} INFO - Processing /opt/airflow/dags/cms_pg/updates.py took 2.285 seconds
[2023-02-27T14:58:03.313+0000] {processor.py:153} INFO - Started process (PID=11915) to work on /opt/airflow/dags/cms_pg/updates.py
[2023-02-27T14:58:03.315+0000] {processor.py:743} INFO - Processing file /opt/airflow/dags/cms_pg/updates.py for tasks to queue
[2023-02-27T14:58:03.316+0000] {logging_mixin.py:137} INFO - [2023-02-27T14:58:03.316+0000] {dagbag.py:538} INFO - Filling up the DagBag from /opt/airflow/dags/cms_pg/updates.py
[2023-02-27T14:58:04.535+0000] {logging_mixin.py:137} INFO - Website is not changed.
[2023-02-27T14:58:04.838+0000] {processor.py:755} WARNING - No viable dags retrieved from /opt/airflow/dags/cms_pg/updates.py
[2023-02-27T14:58:04.873+0000] {processor.py:175} INFO - Processing /opt/airflow/dags/cms_pg/updates.py took 1.569 seconds
[2023-02-27T14:58:35.781+0000] {processor.py:153} INFO - Started process (PID=11957) to work on /opt/airflow/dags/cms_pg/updates.py
[2023-02-27T14:58:35.783+0000] {processor.py:743} INFO - Processing file /opt/airflow/dags/cms_pg/updates.py for tasks to queue
[2023-02-27T14:58:35.786+0000] {logging_mixin.py:137} INFO - [2023-02-27T14:58:35.785+0000] {dagbag.py:538} INFO - Filling up the DagBag from /opt/airflow/dags/cms_pg/updates.py
[2023-02-27T14:58:39.760+0000] {logging_mixin.py:137} INFO - [2023-02-27T14:58:39.556+0000] {dagbag.py:343} ERROR - Failed to import: /opt/airflow/dags/cms_pg/updates.py
Traceback (most recent call last):
  File "/home/airflow/.local/lib/python3.7/site-packages/urllib3/connection.py", line 175, in _new_conn
    (self._dns_host, self.port), self.timeout, **extra_kw
  File "/home/airflow/.local/lib/python3.7/site-packages/urllib3/util/connection.py", line 72, in create_connection
    for res in socket.getaddrinfo(host, port, family, socket.SOCK_STREAM):
  File "/usr/local/lib/python3.7/socket.py", line 752, in getaddrinfo
    for res in _socket.getaddrinfo(host, port, family, type, proto, flags):
socket.gaierror: [Errno -2] Name or service not known

During handling of the above exception, another exception occurred:

Traceback (most recent call last):
  File "/home/airflow/.local/lib/python3.7/site-packages/urllib3/connectionpool.py", line 710, in urlopen
    chunked=chunked,
  File "/home/airflow/.local/lib/python3.7/site-packages/urllib3/connectionpool.py", line 386, in _make_request
    self._validate_conn(conn)
  File "/home/airflow/.local/lib/python3.7/site-packages/urllib3/connectionpool.py", line 1042, in _validate_conn
    conn.connect()
  File "/home/airflow/.local/lib/python3.7/site-packages/urllib3/connection.py", line 358, in connect
    self.sock = conn = self._new_conn()
  File "/home/airflow/.local/lib/python3.7/site-packages/urllib3/connection.py", line 187, in _new_conn
    self, "Failed to establish a new connection: %s" % e
urllib3.exceptions.NewConnectionError: <urllib3.connection.HTTPSConnection object at 0xffff7f91fc90>: Failed to establish a new connection: [Errno -2] Name or service not known

During handling of the above exception, another exception occurred:

Traceback (most recent call last):
  File "/home/airflow/.local/lib/python3.7/site-packages/requests/adapters.py", line 499, in send
    timeout=timeout,
  File "/home/airflow/.local/lib/python3.7/site-packages/urllib3/connectionpool.py", line 788, in urlopen
    method, url, error=e, _pool=self, _stacktrace=sys.exc_info()[2]
  File "/home/airflow/.local/lib/python3.7/site-packages/urllib3/util/retry.py", line 592, in increment
    raise MaxRetryError(_pool, url, error or ResponseError(cause))
urllib3.exceptions.MaxRetryError: HTTPSConnectionPool(host='www.cms.gov', port=443): Max retries exceeded with url: /medicare/medicare-part-b-drug-average-sales-price/2022-asp-drug-pricing-files (Caused by NewConnectionError('<urllib3.connection.HTTPSConnection object at 0xffff7f91fc90>: Failed to establish a new connection: [Errno -2] Name or service not known'))

During handling of the above exception, another exception occurred:

Traceback (most recent call last):
  File "/home/airflow/.local/lib/python3.7/site-packages/airflow/models/dagbag.py", line 339, in parse
    loader.exec_module(new_module)
  File "<frozen importlib._bootstrap_external>", line 728, in exec_module
  File "<frozen importlib._bootstrap>", line 219, in _call_with_frames_removed
  File "/opt/airflow/dags/cms_pg/updates.py", line 9, in <module>
    from cms_pg.download_file import download_file
  File "/opt/airflow/dags/cms_pg/download_file.py", line 16, in <module>
    result = website_changed(web)
  File "/opt/airflow/dags/cms_pg/page_change.py", line 5, in website_changed
    reqs = requests.get(url)
  File "/home/airflow/.local/lib/python3.7/site-packages/requests/api.py", line 73, in get
    return request("get", url, params=params, **kwargs)
  File "/home/airflow/.local/lib/python3.7/site-packages/requests/api.py", line 59, in request
    return session.request(method=method, url=url, **kwargs)
  File "/home/airflow/.local/lib/python3.7/site-packages/requests/sessions.py", line 587, in request
    resp = self.send(prep, **send_kwargs)
  File "/home/airflow/.local/lib/python3.7/site-packages/requests/sessions.py", line 701, in send
    r = adapter.send(request, **kwargs)
  File "/home/airflow/.local/lib/python3.7/site-packages/requests/adapters.py", line 565, in send
    raise ConnectionError(e, request=request)
requests.exceptions.ConnectionError: HTTPSConnectionPool(host='www.cms.gov', port=443): Max retries exceeded with url: /medicare/medicare-part-b-drug-average-sales-price/2022-asp-drug-pricing-files (Caused by NewConnectionError('<urllib3.connection.HTTPSConnection object at 0xffff7f91fc90>: Failed to establish a new connection: [Errno -2] Name or service not known'))
[2023-02-27T14:58:39.778+0000] {processor.py:755} WARNING - No viable dags retrieved from /opt/airflow/dags/cms_pg/updates.py
[2023-02-27T14:58:40.043+0000] {processor.py:175} INFO - Processing /opt/airflow/dags/cms_pg/updates.py took 4.274 seconds
[2023-02-27T15:23:46.646+0000] {processor.py:153} INFO - Started process (PID=11973) to work on /opt/airflow/dags/cms_pg/updates.py
[2023-02-27T15:23:46.668+0000] {processor.py:743} INFO - Processing file /opt/airflow/dags/cms_pg/updates.py for tasks to queue
[2023-02-27T15:23:46.672+0000] {logging_mixin.py:137} INFO - [2023-02-27T15:23:46.672+0000] {dagbag.py:538} INFO - Filling up the DagBag from /opt/airflow/dags/cms_pg/updates.py
[2023-02-27T15:23:48.307+0000] {logging_mixin.py:137} INFO - [2023-02-27T15:23:48.298+0000] {dagbag.py:343} ERROR - Failed to import: /opt/airflow/dags/cms_pg/updates.py
Traceback (most recent call last):
  File "/home/airflow/.local/lib/python3.7/site-packages/urllib3/connection.py", line 175, in _new_conn
    (self._dns_host, self.port), self.timeout, **extra_kw
  File "/home/airflow/.local/lib/python3.7/site-packages/urllib3/util/connection.py", line 72, in create_connection
    for res in socket.getaddrinfo(host, port, family, socket.SOCK_STREAM):
  File "/usr/local/lib/python3.7/socket.py", line 752, in getaddrinfo
    for res in _socket.getaddrinfo(host, port, family, type, proto, flags):
socket.gaierror: [Errno -2] Name or service not known

During handling of the above exception, another exception occurred:

Traceback (most recent call last):
  File "/home/airflow/.local/lib/python3.7/site-packages/urllib3/connectionpool.py", line 710, in urlopen
    chunked=chunked,
  File "/home/airflow/.local/lib/python3.7/site-packages/urllib3/connectionpool.py", line 386, in _make_request
    self._validate_conn(conn)
  File "/home/airflow/.local/lib/python3.7/site-packages/urllib3/connectionpool.py", line 1042, in _validate_conn
    conn.connect()
  File "/home/airflow/.local/lib/python3.7/site-packages/urllib3/connection.py", line 358, in connect
    self.sock = conn = self._new_conn()
  File "/home/airflow/.local/lib/python3.7/site-packages/urllib3/connection.py", line 187, in _new_conn
    self, "Failed to establish a new connection: %s" % e
urllib3.exceptions.NewConnectionError: <urllib3.connection.HTTPSConnection object at 0xffff7f91fa90>: Failed to establish a new connection: [Errno -2] Name or service not known

During handling of the above exception, another exception occurred:

Traceback (most recent call last):
  File "/home/airflow/.local/lib/python3.7/site-packages/requests/adapters.py", line 499, in send
    timeout=timeout,
  File "/home/airflow/.local/lib/python3.7/site-packages/urllib3/connectionpool.py", line 788, in urlopen
    method, url, error=e, _pool=self, _stacktrace=sys.exc_info()[2]
  File "/home/airflow/.local/lib/python3.7/site-packages/urllib3/util/retry.py", line 592, in increment
    raise MaxRetryError(_pool, url, error or ResponseError(cause))
urllib3.exceptions.MaxRetryError: HTTPSConnectionPool(host='www.cms.gov', port=443): Max retries exceeded with url: /medicare/medicare-part-b-drug-average-sales-price/2022-asp-drug-pricing-files (Caused by NewConnectionError('<urllib3.connection.HTTPSConnection object at 0xffff7f91fa90>: Failed to establish a new connection: [Errno -2] Name or service not known'))

During handling of the above exception, another exception occurred:

Traceback (most recent call last):
  File "/home/airflow/.local/lib/python3.7/site-packages/airflow/models/dagbag.py", line 339, in parse
    loader.exec_module(new_module)
  File "<frozen importlib._bootstrap_external>", line 728, in exec_module
  File "<frozen importlib._bootstrap>", line 219, in _call_with_frames_removed
  File "/opt/airflow/dags/cms_pg/updates.py", line 9, in <module>
    from cms_pg.download_file import download_file
  File "/opt/airflow/dags/cms_pg/download_file.py", line 16, in <module>
    result = website_changed(web)
  File "/opt/airflow/dags/cms_pg/page_change.py", line 5, in website_changed
    reqs = requests.get(url)
  File "/home/airflow/.local/lib/python3.7/site-packages/requests/api.py", line 73, in get
    return request("get", url, params=params, **kwargs)
  File "/home/airflow/.local/lib/python3.7/site-packages/requests/api.py", line 59, in request
    return session.request(method=method, url=url, **kwargs)
  File "/home/airflow/.local/lib/python3.7/site-packages/requests/sessions.py", line 587, in request
    resp = self.send(prep, **send_kwargs)
  File "/home/airflow/.local/lib/python3.7/site-packages/requests/sessions.py", line 701, in send
    r = adapter.send(request, **kwargs)
  File "/home/airflow/.local/lib/python3.7/site-packages/requests/adapters.py", line 565, in send
    raise ConnectionError(e, request=request)
requests.exceptions.ConnectionError: HTTPSConnectionPool(host='www.cms.gov', port=443): Max retries exceeded with url: /medicare/medicare-part-b-drug-average-sales-price/2022-asp-drug-pricing-files (Caused by NewConnectionError('<urllib3.connection.HTTPSConnection object at 0xffff7f91fa90>: Failed to establish a new connection: [Errno -2] Name or service not known'))
[2023-02-27T15:23:48.310+0000] {processor.py:755} WARNING - No viable dags retrieved from /opt/airflow/dags/cms_pg/updates.py
[2023-02-27T15:23:48.374+0000] {processor.py:175} INFO - Processing /opt/airflow/dags/cms_pg/updates.py took 1.740 seconds
[2023-02-27T15:24:19.510+0000] {processor.py:153} INFO - Started process (PID=12003) to work on /opt/airflow/dags/cms_pg/updates.py
[2023-02-27T15:24:19.517+0000] {processor.py:743} INFO - Processing file /opt/airflow/dags/cms_pg/updates.py for tasks to queue
[2023-02-27T15:24:19.528+0000] {logging_mixin.py:137} INFO - [2023-02-27T15:24:19.527+0000] {dagbag.py:538} INFO - Filling up the DagBag from /opt/airflow/dags/cms_pg/updates.py
[2023-02-27T15:24:38.139+0000] {logging_mixin.py:137} INFO - Website is not changed.
[2023-02-27T15:24:38.866+0000] {processor.py:755} WARNING - No viable dags retrieved from /opt/airflow/dags/cms_pg/updates.py
[2023-02-27T15:24:38.980+0000] {processor.py:175} INFO - Processing /opt/airflow/dags/cms_pg/updates.py took 19.486 seconds
[2023-02-27T15:31:48.540+0000] {processor.py:153} INFO - Started process (PID=12032) to work on /opt/airflow/dags/cms_pg/updates.py
[2023-02-27T15:31:48.546+0000] {processor.py:743} INFO - Processing file /opt/airflow/dags/cms_pg/updates.py for tasks to queue
[2023-02-27T15:31:48.549+0000] {logging_mixin.py:137} INFO - [2023-02-27T15:31:48.549+0000] {dagbag.py:538} INFO - Filling up the DagBag from /opt/airflow/dags/cms_pg/updates.py
[2023-02-27T15:31:51.505+0000] {logging_mixin.py:137} INFO - Website is not changed.
[2023-02-27T15:31:52.845+0000] {processor.py:755} WARNING - No viable dags retrieved from /opt/airflow/dags/cms_pg/updates.py
[2023-02-27T15:31:52.913+0000] {processor.py:175} INFO - Processing /opt/airflow/dags/cms_pg/updates.py took 4.403 seconds
[2023-02-27T15:32:23.448+0000] {processor.py:153} INFO - Started process (PID=12063) to work on /opt/airflow/dags/cms_pg/updates.py
[2023-02-27T15:32:23.460+0000] {processor.py:743} INFO - Processing file /opt/airflow/dags/cms_pg/updates.py for tasks to queue
[2023-02-27T15:32:23.467+0000] {logging_mixin.py:137} INFO - [2023-02-27T15:32:23.467+0000] {dagbag.py:538} INFO - Filling up the DagBag from /opt/airflow/dags/cms_pg/updates.py
[2023-02-27T15:32:25.414+0000] {logging_mixin.py:137} INFO - Website is not changed.
[2023-02-27T15:32:25.795+0000] {processor.py:755} WARNING - No viable dags retrieved from /opt/airflow/dags/cms_pg/updates.py
[2023-02-27T15:32:25.834+0000] {processor.py:175} INFO - Processing /opt/airflow/dags/cms_pg/updates.py took 2.396 seconds
[2023-02-27T15:32:56.286+0000] {processor.py:153} INFO - Started process (PID=12107) to work on /opt/airflow/dags/cms_pg/updates.py
[2023-02-27T15:32:56.288+0000] {processor.py:743} INFO - Processing file /opt/airflow/dags/cms_pg/updates.py for tasks to queue
[2023-02-27T15:32:56.290+0000] {logging_mixin.py:137} INFO - [2023-02-27T15:32:56.290+0000] {dagbag.py:538} INFO - Filling up the DagBag from /opt/airflow/dags/cms_pg/updates.py
[2023-02-27T15:32:57.305+0000] {logging_mixin.py:137} INFO - Website is not changed.
[2023-02-27T15:32:57.638+0000] {processor.py:755} WARNING - No viable dags retrieved from /opt/airflow/dags/cms_pg/updates.py
[2023-02-27T15:32:57.678+0000] {processor.py:175} INFO - Processing /opt/airflow/dags/cms_pg/updates.py took 1.398 seconds
[2023-02-27T15:33:28.234+0000] {processor.py:153} INFO - Started process (PID=12152) to work on /opt/airflow/dags/cms_pg/updates.py
[2023-02-27T15:33:28.238+0000] {processor.py:743} INFO - Processing file /opt/airflow/dags/cms_pg/updates.py for tasks to queue
[2023-02-27T15:33:28.241+0000] {logging_mixin.py:137} INFO - [2023-02-27T15:33:28.240+0000] {dagbag.py:538} INFO - Filling up the DagBag from /opt/airflow/dags/cms_pg/updates.py
[2023-02-27T15:33:29.317+0000] {logging_mixin.py:137} INFO - Website is not changed.
[2023-02-27T15:33:29.671+0000] {processor.py:755} WARNING - No viable dags retrieved from /opt/airflow/dags/cms_pg/updates.py
[2023-02-27T15:33:29.703+0000] {processor.py:175} INFO - Processing /opt/airflow/dags/cms_pg/updates.py took 1.479 seconds
[2023-02-27T15:34:00.109+0000] {processor.py:153} INFO - Started process (PID=12183) to work on /opt/airflow/dags/cms_pg/updates.py
[2023-02-27T15:34:00.111+0000] {processor.py:743} INFO - Processing file /opt/airflow/dags/cms_pg/updates.py for tasks to queue
[2023-02-27T15:34:00.112+0000] {logging_mixin.py:137} INFO - [2023-02-27T15:34:00.112+0000] {dagbag.py:538} INFO - Filling up the DagBag from /opt/airflow/dags/cms_pg/updates.py
[2023-02-27T15:34:00.990+0000] {logging_mixin.py:137} INFO - Website is not changed.
[2023-02-27T15:34:01.266+0000] {processor.py:755} WARNING - No viable dags retrieved from /opt/airflow/dags/cms_pg/updates.py
[2023-02-27T15:34:01.285+0000] {processor.py:175} INFO - Processing /opt/airflow/dags/cms_pg/updates.py took 1.184 seconds
[2023-02-27T15:34:31.688+0000] {processor.py:153} INFO - Started process (PID=12228) to work on /opt/airflow/dags/cms_pg/updates.py
[2023-02-27T15:34:31.692+0000] {processor.py:743} INFO - Processing file /opt/airflow/dags/cms_pg/updates.py for tasks to queue
[2023-02-27T15:34:31.693+0000] {logging_mixin.py:137} INFO - [2023-02-27T15:34:31.693+0000] {dagbag.py:538} INFO - Filling up the DagBag from /opt/airflow/dags/cms_pg/updates.py
[2023-02-27T15:34:32.454+0000] {logging_mixin.py:137} INFO - Website is not changed.
[2023-02-27T15:34:32.709+0000] {processor.py:755} WARNING - No viable dags retrieved from /opt/airflow/dags/cms_pg/updates.py
[2023-02-27T15:34:32.731+0000] {processor.py:175} INFO - Processing /opt/airflow/dags/cms_pg/updates.py took 1.064 seconds
[2023-02-27T15:35:03.423+0000] {processor.py:153} INFO - Started process (PID=12267) to work on /opt/airflow/dags/cms_pg/updates.py
[2023-02-27T15:35:03.426+0000] {processor.py:743} INFO - Processing file /opt/airflow/dags/cms_pg/updates.py for tasks to queue
[2023-02-27T15:35:03.427+0000] {logging_mixin.py:137} INFO - [2023-02-27T15:35:03.427+0000] {dagbag.py:538} INFO - Filling up the DagBag from /opt/airflow/dags/cms_pg/updates.py
[2023-02-27T15:35:04.175+0000] {logging_mixin.py:137} INFO - Website is not changed.
[2023-02-27T15:35:04.869+0000] {processor.py:755} WARNING - No viable dags retrieved from /opt/airflow/dags/cms_pg/updates.py
[2023-02-27T15:35:04.893+0000] {processor.py:175} INFO - Processing /opt/airflow/dags/cms_pg/updates.py took 1.478 seconds
[2023-02-27T15:35:35.258+0000] {processor.py:153} INFO - Started process (PID=12302) to work on /opt/airflow/dags/cms_pg/updates.py
[2023-02-27T15:35:35.260+0000] {processor.py:743} INFO - Processing file /opt/airflow/dags/cms_pg/updates.py for tasks to queue
[2023-02-27T15:35:35.262+0000] {logging_mixin.py:137} INFO - [2023-02-27T15:35:35.262+0000] {dagbag.py:538} INFO - Filling up the DagBag from /opt/airflow/dags/cms_pg/updates.py
[2023-02-27T15:35:36.704+0000] {logging_mixin.py:137} INFO - Website is not changed.
[2023-02-27T15:35:37.040+0000] {processor.py:755} WARNING - No viable dags retrieved from /opt/airflow/dags/cms_pg/updates.py
[2023-02-27T15:35:37.074+0000] {processor.py:175} INFO - Processing /opt/airflow/dags/cms_pg/updates.py took 1.822 seconds
[2023-02-27T15:36:07.456+0000] {processor.py:153} INFO - Started process (PID=12346) to work on /opt/airflow/dags/cms_pg/updates.py
[2023-02-27T15:36:07.458+0000] {processor.py:743} INFO - Processing file /opt/airflow/dags/cms_pg/updates.py for tasks to queue
[2023-02-27T15:36:07.461+0000] {logging_mixin.py:137} INFO - [2023-02-27T15:36:07.461+0000] {dagbag.py:538} INFO - Filling up the DagBag from /opt/airflow/dags/cms_pg/updates.py
[2023-02-27T15:36:08.547+0000] {logging_mixin.py:137} INFO - Website is not changed.
[2023-02-27T15:36:08.944+0000] {processor.py:755} WARNING - No viable dags retrieved from /opt/airflow/dags/cms_pg/updates.py
[2023-02-27T15:36:08.989+0000] {processor.py:175} INFO - Processing /opt/airflow/dags/cms_pg/updates.py took 1.540 seconds
[2023-02-27T15:36:39.549+0000] {processor.py:153} INFO - Started process (PID=12389) to work on /opt/airflow/dags/cms_pg/updates.py
[2023-02-27T15:36:39.551+0000] {processor.py:743} INFO - Processing file /opt/airflow/dags/cms_pg/updates.py for tasks to queue
[2023-02-27T15:36:39.553+0000] {logging_mixin.py:137} INFO - [2023-02-27T15:36:39.553+0000] {dagbag.py:538} INFO - Filling up the DagBag from /opt/airflow/dags/cms_pg/updates.py
[2023-02-27T15:36:40.601+0000] {logging_mixin.py:137} INFO - Website is not changed.
[2023-02-27T15:36:40.982+0000] {processor.py:755} WARNING - No viable dags retrieved from /opt/airflow/dags/cms_pg/updates.py
[2023-02-27T15:36:41.039+0000] {processor.py:175} INFO - Processing /opt/airflow/dags/cms_pg/updates.py took 1.500 seconds
[2023-02-27T15:37:11.685+0000] {processor.py:153} INFO - Started process (PID=12420) to work on /opt/airflow/dags/cms_pg/updates.py
[2023-02-27T15:37:11.693+0000] {processor.py:743} INFO - Processing file /opt/airflow/dags/cms_pg/updates.py for tasks to queue
[2023-02-27T15:37:11.700+0000] {logging_mixin.py:137} INFO - [2023-02-27T15:37:11.699+0000] {dagbag.py:538} INFO - Filling up the DagBag from /opt/airflow/dags/cms_pg/updates.py
[2023-02-27T15:37:13.256+0000] {logging_mixin.py:137} INFO - Website is not changed.
[2023-02-27T15:37:13.551+0000] {processor.py:755} WARNING - No viable dags retrieved from /opt/airflow/dags/cms_pg/updates.py
[2023-02-27T15:37:13.583+0000] {processor.py:175} INFO - Processing /opt/airflow/dags/cms_pg/updates.py took 1.913 seconds
[2023-02-27T15:37:44.008+0000] {processor.py:153} INFO - Started process (PID=12465) to work on /opt/airflow/dags/cms_pg/updates.py
[2023-02-27T15:37:44.010+0000] {processor.py:743} INFO - Processing file /opt/airflow/dags/cms_pg/updates.py for tasks to queue
[2023-02-27T15:37:44.014+0000] {logging_mixin.py:137} INFO - [2023-02-27T15:37:44.013+0000] {dagbag.py:538} INFO - Filling up the DagBag from /opt/airflow/dags/cms_pg/updates.py
[2023-02-27T15:37:44.728+0000] {logging_mixin.py:137} INFO - Website is not changed.
[2023-02-27T15:37:44.967+0000] {processor.py:755} WARNING - No viable dags retrieved from /opt/airflow/dags/cms_pg/updates.py
[2023-02-27T15:37:44.984+0000] {processor.py:175} INFO - Processing /opt/airflow/dags/cms_pg/updates.py took 0.981 seconds
[2023-02-27T15:38:15.325+0000] {processor.py:153} INFO - Started process (PID=12509) to work on /opt/airflow/dags/cms_pg/updates.py
[2023-02-27T15:38:15.328+0000] {processor.py:743} INFO - Processing file /opt/airflow/dags/cms_pg/updates.py for tasks to queue
[2023-02-27T15:38:15.331+0000] {logging_mixin.py:137} INFO - [2023-02-27T15:38:15.330+0000] {dagbag.py:538} INFO - Filling up the DagBag from /opt/airflow/dags/cms_pg/updates.py
[2023-02-27T15:38:16.653+0000] {logging_mixin.py:137} INFO - Website is not changed.
[2023-02-27T15:38:16.866+0000] {processor.py:755} WARNING - No viable dags retrieved from /opt/airflow/dags/cms_pg/updates.py
[2023-02-27T15:38:16.883+0000] {processor.py:175} INFO - Processing /opt/airflow/dags/cms_pg/updates.py took 1.565 seconds
[2023-02-27T15:38:47.180+0000] {processor.py:153} INFO - Started process (PID=12540) to work on /opt/airflow/dags/cms_pg/updates.py
[2023-02-27T15:38:47.182+0000] {processor.py:743} INFO - Processing file /opt/airflow/dags/cms_pg/updates.py for tasks to queue
[2023-02-27T15:38:47.183+0000] {logging_mixin.py:137} INFO - [2023-02-27T15:38:47.183+0000] {dagbag.py:538} INFO - Filling up the DagBag from /opt/airflow/dags/cms_pg/updates.py
[2023-02-27T15:38:48.419+0000] {logging_mixin.py:137} INFO - Website is not changed.
[2023-02-27T15:38:48.656+0000] {processor.py:755} WARNING - No viable dags retrieved from /opt/airflow/dags/cms_pg/updates.py
[2023-02-27T15:38:48.672+0000] {processor.py:175} INFO - Processing /opt/airflow/dags/cms_pg/updates.py took 1.497 seconds
[2023-02-27T15:39:18.964+0000] {processor.py:153} INFO - Started process (PID=12584) to work on /opt/airflow/dags/cms_pg/updates.py
[2023-02-27T15:39:18.967+0000] {processor.py:743} INFO - Processing file /opt/airflow/dags/cms_pg/updates.py for tasks to queue
[2023-02-27T15:39:18.970+0000] {logging_mixin.py:137} INFO - [2023-02-27T15:39:18.970+0000] {dagbag.py:538} INFO - Filling up the DagBag from /opt/airflow/dags/cms_pg/updates.py
[2023-02-27T15:39:19.891+0000] {logging_mixin.py:137} INFO - Website is not changed.
[2023-02-27T15:39:20.098+0000] {processor.py:755} WARNING - No viable dags retrieved from /opt/airflow/dags/cms_pg/updates.py
[2023-02-27T15:39:20.118+0000] {processor.py:175} INFO - Processing /opt/airflow/dags/cms_pg/updates.py took 1.159 seconds
[2023-02-27T15:39:50.475+0000] {processor.py:153} INFO - Started process (PID=12628) to work on /opt/airflow/dags/cms_pg/updates.py
[2023-02-27T15:39:50.479+0000] {processor.py:743} INFO - Processing file /opt/airflow/dags/cms_pg/updates.py for tasks to queue
[2023-02-27T15:39:50.480+0000] {logging_mixin.py:137} INFO - [2023-02-27T15:39:50.480+0000] {dagbag.py:538} INFO - Filling up the DagBag from /opt/airflow/dags/cms_pg/updates.py
[2023-02-27T15:39:51.498+0000] {logging_mixin.py:137} INFO - Website is not changed.
[2023-02-27T15:39:51.752+0000] {processor.py:755} WARNING - No viable dags retrieved from /opt/airflow/dags/cms_pg/updates.py
[2023-02-27T15:39:51.772+0000] {processor.py:175} INFO - Processing /opt/airflow/dags/cms_pg/updates.py took 1.303 seconds
[2023-02-27T15:40:22.173+0000] {processor.py:153} INFO - Started process (PID=12659) to work on /opt/airflow/dags/cms_pg/updates.py
[2023-02-27T15:40:22.175+0000] {processor.py:743} INFO - Processing file /opt/airflow/dags/cms_pg/updates.py for tasks to queue
[2023-02-27T15:40:22.176+0000] {logging_mixin.py:137} INFO - [2023-02-27T15:40:22.176+0000] {dagbag.py:538} INFO - Filling up the DagBag from /opt/airflow/dags/cms_pg/updates.py
[2023-02-27T15:40:23.046+0000] {logging_mixin.py:137} INFO - Website is not changed.
[2023-02-27T15:40:23.289+0000] {processor.py:755} WARNING - No viable dags retrieved from /opt/airflow/dags/cms_pg/updates.py
[2023-02-27T15:40:23.313+0000] {processor.py:175} INFO - Processing /opt/airflow/dags/cms_pg/updates.py took 1.152 seconds
[2023-02-27T15:40:53.741+0000] {processor.py:153} INFO - Started process (PID=12702) to work on /opt/airflow/dags/cms_pg/updates.py
[2023-02-27T15:40:53.745+0000] {processor.py:743} INFO - Processing file /opt/airflow/dags/cms_pg/updates.py for tasks to queue
[2023-02-27T15:40:53.746+0000] {logging_mixin.py:137} INFO - [2023-02-27T15:40:53.746+0000] {dagbag.py:538} INFO - Filling up the DagBag from /opt/airflow/dags/cms_pg/updates.py
[2023-02-27T15:40:54.798+0000] {logging_mixin.py:137} INFO - Website is not changed.
[2023-02-27T15:40:54.972+0000] {processor.py:755} WARNING - No viable dags retrieved from /opt/airflow/dags/cms_pg/updates.py
[2023-02-27T15:40:54.983+0000] {processor.py:175} INFO - Processing /opt/airflow/dags/cms_pg/updates.py took 1.247 seconds
[2023-02-27T15:41:25.321+0000] {processor.py:153} INFO - Started process (PID=12746) to work on /opt/airflow/dags/cms_pg/updates.py
[2023-02-27T15:41:25.326+0000] {processor.py:743} INFO - Processing file /opt/airflow/dags/cms_pg/updates.py for tasks to queue
[2023-02-27T15:41:25.329+0000] {logging_mixin.py:137} INFO - [2023-02-27T15:41:25.329+0000] {dagbag.py:538} INFO - Filling up the DagBag from /opt/airflow/dags/cms_pg/updates.py
[2023-02-27T15:41:26.840+0000] {logging_mixin.py:137} INFO - Website is not changed.
[2023-02-27T15:41:27.197+0000] {processor.py:755} WARNING - No viable dags retrieved from /opt/airflow/dags/cms_pg/updates.py
[2023-02-27T15:41:27.221+0000] {processor.py:175} INFO - Processing /opt/airflow/dags/cms_pg/updates.py took 1.904 seconds
[2023-02-27T15:41:57.638+0000] {processor.py:153} INFO - Started process (PID=12775) to work on /opt/airflow/dags/cms_pg/updates.py
[2023-02-27T15:41:57.641+0000] {processor.py:743} INFO - Processing file /opt/airflow/dags/cms_pg/updates.py for tasks to queue
[2023-02-27T15:41:57.644+0000] {logging_mixin.py:137} INFO - [2023-02-27T15:41:57.643+0000] {dagbag.py:538} INFO - Filling up the DagBag from /opt/airflow/dags/cms_pg/updates.py
[2023-02-27T15:41:58.772+0000] {logging_mixin.py:137} INFO - Website is not changed.
[2023-02-27T15:41:58.934+0000] {processor.py:755} WARNING - No viable dags retrieved from /opt/airflow/dags/cms_pg/updates.py
[2023-02-27T15:41:58.945+0000] {processor.py:175} INFO - Processing /opt/airflow/dags/cms_pg/updates.py took 1.321 seconds
[2023-02-27T15:42:29.238+0000] {processor.py:153} INFO - Started process (PID=12820) to work on /opt/airflow/dags/cms_pg/updates.py
[2023-02-27T15:42:29.240+0000] {processor.py:743} INFO - Processing file /opt/airflow/dags/cms_pg/updates.py for tasks to queue
[2023-02-27T15:42:29.241+0000] {logging_mixin.py:137} INFO - [2023-02-27T15:42:29.241+0000] {dagbag.py:538} INFO - Filling up the DagBag from /opt/airflow/dags/cms_pg/updates.py
[2023-02-27T15:42:29.736+0000] {logging_mixin.py:137} INFO - Website is not changed.
[2023-02-27T15:42:29.898+0000] {processor.py:755} WARNING - No viable dags retrieved from /opt/airflow/dags/cms_pg/updates.py
[2023-02-27T15:42:29.915+0000] {processor.py:175} INFO - Processing /opt/airflow/dags/cms_pg/updates.py took 0.682 seconds
[2023-02-27T15:43:00.180+0000] {processor.py:153} INFO - Started process (PID=12849) to work on /opt/airflow/dags/cms_pg/updates.py
[2023-02-27T15:43:00.183+0000] {processor.py:743} INFO - Processing file /opt/airflow/dags/cms_pg/updates.py for tasks to queue
[2023-02-27T15:43:00.185+0000] {logging_mixin.py:137} INFO - [2023-02-27T15:43:00.184+0000] {dagbag.py:538} INFO - Filling up the DagBag from /opt/airflow/dags/cms_pg/updates.py
[2023-02-27T15:43:01.304+0000] {logging_mixin.py:137} INFO - Website is not changed.
[2023-02-27T15:43:01.804+0000] {processor.py:755} WARNING - No viable dags retrieved from /opt/airflow/dags/cms_pg/updates.py
[2023-02-27T15:43:01.903+0000] {processor.py:175} INFO - Processing /opt/airflow/dags/cms_pg/updates.py took 1.732 seconds
[2023-02-27T15:43:32.687+0000] {processor.py:153} INFO - Started process (PID=12894) to work on /opt/airflow/dags/cms_pg/updates.py
[2023-02-27T15:43:32.689+0000] {processor.py:743} INFO - Processing file /opt/airflow/dags/cms_pg/updates.py for tasks to queue
[2023-02-27T15:43:32.690+0000] {logging_mixin.py:137} INFO - [2023-02-27T15:43:32.690+0000] {dagbag.py:538} INFO - Filling up the DagBag from /opt/airflow/dags/cms_pg/updates.py
[2023-02-27T15:43:33.656+0000] {logging_mixin.py:137} INFO - Website is not changed.
[2023-02-27T15:43:33.931+0000] {processor.py:755} WARNING - No viable dags retrieved from /opt/airflow/dags/cms_pg/updates.py
[2023-02-27T15:43:33.964+0000] {processor.py:175} INFO - Processing /opt/airflow/dags/cms_pg/updates.py took 1.284 seconds
[2023-02-27T15:44:04.385+0000] {processor.py:153} INFO - Started process (PID=12938) to work on /opt/airflow/dags/cms_pg/updates.py
[2023-02-27T15:44:04.388+0000] {processor.py:743} INFO - Processing file /opt/airflow/dags/cms_pg/updates.py for tasks to queue
[2023-02-27T15:44:04.389+0000] {logging_mixin.py:137} INFO - [2023-02-27T15:44:04.389+0000] {dagbag.py:538} INFO - Filling up the DagBag from /opt/airflow/dags/cms_pg/updates.py
[2023-02-27T15:44:05.413+0000] {logging_mixin.py:137} INFO - Website is not changed.
[2023-02-27T15:44:05.658+0000] {processor.py:755} WARNING - No viable dags retrieved from /opt/airflow/dags/cms_pg/updates.py
[2023-02-27T15:44:05.676+0000] {processor.py:175} INFO - Processing /opt/airflow/dags/cms_pg/updates.py took 1.297 seconds
[2023-02-27T15:44:36.042+0000] {processor.py:153} INFO - Started process (PID=12968) to work on /opt/airflow/dags/cms_pg/updates.py
[2023-02-27T15:44:36.045+0000] {processor.py:743} INFO - Processing file /opt/airflow/dags/cms_pg/updates.py for tasks to queue
[2023-02-27T15:44:36.046+0000] {logging_mixin.py:137} INFO - [2023-02-27T15:44:36.046+0000] {dagbag.py:538} INFO - Filling up the DagBag from /opt/airflow/dags/cms_pg/updates.py
[2023-02-27T15:44:36.872+0000] {logging_mixin.py:137} INFO - Website is not changed.
[2023-02-27T15:44:37.189+0000] {processor.py:755} WARNING - No viable dags retrieved from /opt/airflow/dags/cms_pg/updates.py
[2023-02-27T15:44:37.223+0000] {processor.py:175} INFO - Processing /opt/airflow/dags/cms_pg/updates.py took 1.187 seconds
[2023-02-27T15:45:07.399+0000] {processor.py:153} INFO - Started process (PID=13011) to work on /opt/airflow/dags/cms_pg/updates.py
[2023-02-27T15:45:07.401+0000] {processor.py:743} INFO - Processing file /opt/airflow/dags/cms_pg/updates.py for tasks to queue
[2023-02-27T15:45:07.403+0000] {logging_mixin.py:137} INFO - [2023-02-27T15:45:07.403+0000] {dagbag.py:538} INFO - Filling up the DagBag from /opt/airflow/dags/cms_pg/updates.py
[2023-02-27T15:45:08.117+0000] {logging_mixin.py:137} INFO - Website is not changed.
[2023-02-27T15:45:08.294+0000] {processor.py:755} WARNING - No viable dags retrieved from /opt/airflow/dags/cms_pg/updates.py
[2023-02-27T15:45:08.306+0000] {processor.py:175} INFO - Processing /opt/airflow/dags/cms_pg/updates.py took 0.913 seconds
[2023-02-27T15:45:38.542+0000] {processor.py:153} INFO - Started process (PID=13055) to work on /opt/airflow/dags/cms_pg/updates.py
[2023-02-27T15:45:38.545+0000] {processor.py:743} INFO - Processing file /opt/airflow/dags/cms_pg/updates.py for tasks to queue
[2023-02-27T15:45:38.549+0000] {logging_mixin.py:137} INFO - [2023-02-27T15:45:38.549+0000] {dagbag.py:538} INFO - Filling up the DagBag from /opt/airflow/dags/cms_pg/updates.py
[2023-02-27T15:45:40.224+0000] {logging_mixin.py:137} INFO - Website is not changed.
[2023-02-27T15:45:40.435+0000] {processor.py:755} WARNING - No viable dags retrieved from /opt/airflow/dags/cms_pg/updates.py
[2023-02-27T15:45:40.450+0000] {processor.py:175} INFO - Processing /opt/airflow/dags/cms_pg/updates.py took 1.925 seconds
[2023-02-27T15:46:10.773+0000] {processor.py:153} INFO - Started process (PID=13086) to work on /opt/airflow/dags/cms_pg/updates.py
[2023-02-27T15:46:10.776+0000] {processor.py:743} INFO - Processing file /opt/airflow/dags/cms_pg/updates.py for tasks to queue
[2023-02-27T15:46:10.778+0000] {logging_mixin.py:137} INFO - [2023-02-27T15:46:10.778+0000] {dagbag.py:538} INFO - Filling up the DagBag from /opt/airflow/dags/cms_pg/updates.py
[2023-02-27T15:46:12.254+0000] {logging_mixin.py:137} INFO - Website is not changed.
[2023-02-27T15:46:12.494+0000] {processor.py:755} WARNING - No viable dags retrieved from /opt/airflow/dags/cms_pg/updates.py
[2023-02-27T15:46:12.521+0000] {processor.py:175} INFO - Processing /opt/airflow/dags/cms_pg/updates.py took 1.756 seconds
[2023-02-27T15:46:42.995+0000] {processor.py:153} INFO - Started process (PID=13130) to work on /opt/airflow/dags/cms_pg/updates.py
[2023-02-27T15:46:42.998+0000] {processor.py:743} INFO - Processing file /opt/airflow/dags/cms_pg/updates.py for tasks to queue
[2023-02-27T15:46:42.999+0000] {logging_mixin.py:137} INFO - [2023-02-27T15:46:42.999+0000] {dagbag.py:538} INFO - Filling up the DagBag from /opt/airflow/dags/cms_pg/updates.py
[2023-02-27T15:46:43.970+0000] {logging_mixin.py:137} INFO - Website is not changed.
[2023-02-27T15:46:44.166+0000] {processor.py:755} WARNING - No viable dags retrieved from /opt/airflow/dags/cms_pg/updates.py
[2023-02-27T15:46:44.192+0000] {processor.py:175} INFO - Processing /opt/airflow/dags/cms_pg/updates.py took 1.205 seconds
[2023-02-27T15:47:14.458+0000] {processor.py:153} INFO - Started process (PID=13174) to work on /opt/airflow/dags/cms_pg/updates.py
[2023-02-27T15:47:14.460+0000] {processor.py:743} INFO - Processing file /opt/airflow/dags/cms_pg/updates.py for tasks to queue
[2023-02-27T15:47:14.462+0000] {logging_mixin.py:137} INFO - [2023-02-27T15:47:14.462+0000] {dagbag.py:538} INFO - Filling up the DagBag from /opt/airflow/dags/cms_pg/updates.py
[2023-02-27T15:47:15.463+0000] {logging_mixin.py:137} INFO - Website is not changed.
[2023-02-27T15:47:15.647+0000] {processor.py:755} WARNING - No viable dags retrieved from /opt/airflow/dags/cms_pg/updates.py
[2023-02-27T15:47:15.670+0000] {processor.py:175} INFO - Processing /opt/airflow/dags/cms_pg/updates.py took 1.221 seconds
[2023-02-27T15:47:46.042+0000] {processor.py:153} INFO - Started process (PID=13206) to work on /opt/airflow/dags/cms_pg/updates.py
[2023-02-27T15:47:46.043+0000] {processor.py:743} INFO - Processing file /opt/airflow/dags/cms_pg/updates.py for tasks to queue
[2023-02-27T15:47:46.045+0000] {logging_mixin.py:137} INFO - [2023-02-27T15:47:46.045+0000] {dagbag.py:538} INFO - Filling up the DagBag from /opt/airflow/dags/cms_pg/updates.py
[2023-02-27T15:47:46.953+0000] {logging_mixin.py:137} INFO - Website is not changed.
[2023-02-27T15:47:47.189+0000] {processor.py:755} WARNING - No viable dags retrieved from /opt/airflow/dags/cms_pg/updates.py
[2023-02-27T15:47:47.212+0000] {processor.py:175} INFO - Processing /opt/airflow/dags/cms_pg/updates.py took 1.176 seconds
[2023-02-27T15:48:17.569+0000] {processor.py:153} INFO - Started process (PID=13249) to work on /opt/airflow/dags/cms_pg/updates.py
[2023-02-27T15:48:17.571+0000] {processor.py:743} INFO - Processing file /opt/airflow/dags/cms_pg/updates.py for tasks to queue
[2023-02-27T15:48:17.572+0000] {logging_mixin.py:137} INFO - [2023-02-27T15:48:17.572+0000] {dagbag.py:538} INFO - Filling up the DagBag from /opt/airflow/dags/cms_pg/updates.py
[2023-02-27T15:48:18.487+0000] {logging_mixin.py:137} INFO - Website is not changed.
[2023-02-27T15:48:18.653+0000] {processor.py:755} WARNING - No viable dags retrieved from /opt/airflow/dags/cms_pg/updates.py
[2023-02-27T15:48:18.666+0000] {processor.py:175} INFO - Processing /opt/airflow/dags/cms_pg/updates.py took 1.103 seconds
[2023-02-27T15:48:48.931+0000] {processor.py:153} INFO - Started process (PID=13292) to work on /opt/airflow/dags/cms_pg/updates.py
[2023-02-27T15:48:48.933+0000] {processor.py:743} INFO - Processing file /opt/airflow/dags/cms_pg/updates.py for tasks to queue
[2023-02-27T15:48:48.934+0000] {logging_mixin.py:137} INFO - [2023-02-27T15:48:48.934+0000] {dagbag.py:538} INFO - Filling up the DagBag from /opt/airflow/dags/cms_pg/updates.py
[2023-02-27T15:48:49.777+0000] {logging_mixin.py:137} INFO - Website is not changed.
[2023-02-27T15:48:50.036+0000] {processor.py:755} WARNING - No viable dags retrieved from /opt/airflow/dags/cms_pg/updates.py
[2023-02-27T15:48:50.056+0000] {processor.py:175} INFO - Processing /opt/airflow/dags/cms_pg/updates.py took 1.130 seconds
[2023-02-27T15:49:20.434+0000] {processor.py:153} INFO - Started process (PID=13323) to work on /opt/airflow/dags/cms_pg/updates.py
[2023-02-27T15:49:20.436+0000] {processor.py:743} INFO - Processing file /opt/airflow/dags/cms_pg/updates.py for tasks to queue
[2023-02-27T15:49:20.437+0000] {logging_mixin.py:137} INFO - [2023-02-27T15:49:20.437+0000] {dagbag.py:538} INFO - Filling up the DagBag from /opt/airflow/dags/cms_pg/updates.py
[2023-02-27T15:49:21.041+0000] {logging_mixin.py:137} INFO - Website is not changed.
[2023-02-27T15:49:21.260+0000] {processor.py:755} WARNING - No viable dags retrieved from /opt/airflow/dags/cms_pg/updates.py
[2023-02-27T15:49:21.275+0000] {processor.py:175} INFO - Processing /opt/airflow/dags/cms_pg/updates.py took 0.846 seconds
[2023-02-27T15:49:51.881+0000] {processor.py:153} INFO - Started process (PID=13366) to work on /opt/airflow/dags/cms_pg/updates.py
[2023-02-27T15:49:51.884+0000] {processor.py:743} INFO - Processing file /opt/airflow/dags/cms_pg/updates.py for tasks to queue
[2023-02-27T15:49:51.885+0000] {logging_mixin.py:137} INFO - [2023-02-27T15:49:51.885+0000] {dagbag.py:538} INFO - Filling up the DagBag from /opt/airflow/dags/cms_pg/updates.py
[2023-02-27T15:49:52.862+0000] {logging_mixin.py:137} INFO - Website is not changed.
[2023-02-27T15:49:53.034+0000] {processor.py:755} WARNING - No viable dags retrieved from /opt/airflow/dags/cms_pg/updates.py
[2023-02-27T15:49:53.046+0000] {processor.py:175} INFO - Processing /opt/airflow/dags/cms_pg/updates.py took 1.170 seconds
[2023-02-27T15:50:23.641+0000] {processor.py:153} INFO - Started process (PID=13408) to work on /opt/airflow/dags/cms_pg/updates.py
[2023-02-27T15:50:23.644+0000] {processor.py:743} INFO - Processing file /opt/airflow/dags/cms_pg/updates.py for tasks to queue
[2023-02-27T15:50:23.647+0000] {logging_mixin.py:137} INFO - [2023-02-27T15:50:23.647+0000] {dagbag.py:538} INFO - Filling up the DagBag from /opt/airflow/dags/cms_pg/updates.py
[2023-02-27T15:50:26.011+0000] {logging_mixin.py:137} INFO - Website is not changed.
[2023-02-27T15:50:26.158+0000] {processor.py:755} WARNING - No viable dags retrieved from /opt/airflow/dags/cms_pg/updates.py
[2023-02-27T15:50:26.175+0000] {processor.py:175} INFO - Processing /opt/airflow/dags/cms_pg/updates.py took 2.547 seconds
[2023-02-27T15:50:56.560+0000] {processor.py:153} INFO - Started process (PID=13438) to work on /opt/airflow/dags/cms_pg/updates.py
[2023-02-27T15:50:56.567+0000] {processor.py:743} INFO - Processing file /opt/airflow/dags/cms_pg/updates.py for tasks to queue
[2023-02-27T15:50:56.570+0000] {logging_mixin.py:137} INFO - [2023-02-27T15:50:56.570+0000] {dagbag.py:538} INFO - Filling up the DagBag from /opt/airflow/dags/cms_pg/updates.py
[2023-02-27T15:50:57.361+0000] {logging_mixin.py:137} INFO - Website is not changed.
[2023-02-27T15:50:57.554+0000] {processor.py:755} WARNING - No viable dags retrieved from /opt/airflow/dags/cms_pg/updates.py
[2023-02-27T15:50:57.573+0000] {processor.py:175} INFO - Processing /opt/airflow/dags/cms_pg/updates.py took 1.025 seconds
[2023-02-27T15:51:27.920+0000] {processor.py:153} INFO - Started process (PID=13483) to work on /opt/airflow/dags/cms_pg/updates.py
[2023-02-27T15:51:27.923+0000] {processor.py:743} INFO - Processing file /opt/airflow/dags/cms_pg/updates.py for tasks to queue
[2023-02-27T15:51:27.924+0000] {logging_mixin.py:137} INFO - [2023-02-27T15:51:27.924+0000] {dagbag.py:538} INFO - Filling up the DagBag from /opt/airflow/dags/cms_pg/updates.py
[2023-02-27T15:51:28.727+0000] {logging_mixin.py:137} INFO - Website is not changed.
[2023-02-27T15:51:28.927+0000] {processor.py:755} WARNING - No viable dags retrieved from /opt/airflow/dags/cms_pg/updates.py
[2023-02-27T15:51:28.941+0000] {processor.py:175} INFO - Processing /opt/airflow/dags/cms_pg/updates.py took 1.029 seconds
[2023-02-27T15:51:59.594+0000] {processor.py:153} INFO - Started process (PID=13528) to work on /opt/airflow/dags/cms_pg/updates.py
[2023-02-27T15:51:59.597+0000] {processor.py:743} INFO - Processing file /opt/airflow/dags/cms_pg/updates.py for tasks to queue
[2023-02-27T15:51:59.599+0000] {logging_mixin.py:137} INFO - [2023-02-27T15:51:59.599+0000] {dagbag.py:538} INFO - Filling up the DagBag from /opt/airflow/dags/cms_pg/updates.py
[2023-02-27T15:52:00.762+0000] {logging_mixin.py:137} INFO - Website is not changed.
[2023-02-27T15:52:00.946+0000] {processor.py:755} WARNING - No viable dags retrieved from /opt/airflow/dags/cms_pg/updates.py
[2023-02-27T15:52:00.968+0000] {processor.py:175} INFO - Processing /opt/airflow/dags/cms_pg/updates.py took 1.381 seconds
[2023-02-27T15:52:31.373+0000] {processor.py:153} INFO - Started process (PID=13559) to work on /opt/airflow/dags/cms_pg/updates.py
[2023-02-27T15:52:31.376+0000] {processor.py:743} INFO - Processing file /opt/airflow/dags/cms_pg/updates.py for tasks to queue
[2023-02-27T15:52:31.377+0000] {logging_mixin.py:137} INFO - [2023-02-27T15:52:31.377+0000] {dagbag.py:538} INFO - Filling up the DagBag from /opt/airflow/dags/cms_pg/updates.py
[2023-02-27T15:52:32.190+0000] {logging_mixin.py:137} INFO - Website is not changed.
[2023-02-27T15:52:32.413+0000] {processor.py:755} WARNING - No viable dags retrieved from /opt/airflow/dags/cms_pg/updates.py
[2023-02-27T15:52:32.443+0000] {processor.py:175} INFO - Processing /opt/airflow/dags/cms_pg/updates.py took 1.076 seconds
[2023-02-27T15:53:02.844+0000] {processor.py:153} INFO - Started process (PID=13603) to work on /opt/airflow/dags/cms_pg/updates.py
[2023-02-27T15:53:02.847+0000] {processor.py:743} INFO - Processing file /opt/airflow/dags/cms_pg/updates.py for tasks to queue
[2023-02-27T15:53:02.848+0000] {logging_mixin.py:137} INFO - [2023-02-27T15:53:02.848+0000] {dagbag.py:538} INFO - Filling up the DagBag from /opt/airflow/dags/cms_pg/updates.py
[2023-02-27T15:53:03.702+0000] {logging_mixin.py:137} INFO - Website is not changed.
[2023-02-27T15:53:03.888+0000] {processor.py:755} WARNING - No viable dags retrieved from /opt/airflow/dags/cms_pg/updates.py
[2023-02-27T15:53:03.903+0000] {processor.py:175} INFO - Processing /opt/airflow/dags/cms_pg/updates.py took 1.064 seconds
[2023-02-27T15:53:34.354+0000] {processor.py:153} INFO - Started process (PID=13650) to work on /opt/airflow/dags/cms_pg/updates.py
[2023-02-27T15:53:34.357+0000] {processor.py:743} INFO - Processing file /opt/airflow/dags/cms_pg/updates.py for tasks to queue
[2023-02-27T15:53:34.359+0000] {logging_mixin.py:137} INFO - [2023-02-27T15:53:34.359+0000] {dagbag.py:538} INFO - Filling up the DagBag from /opt/airflow/dags/cms_pg/updates.py
[2023-02-27T15:53:35.148+0000] {logging_mixin.py:137} INFO - Website is not changed.
[2023-02-27T15:53:35.316+0000] {processor.py:755} WARNING - No viable dags retrieved from /opt/airflow/dags/cms_pg/updates.py
[2023-02-27T15:53:35.331+0000] {processor.py:175} INFO - Processing /opt/airflow/dags/cms_pg/updates.py took 0.996 seconds
[2023-02-27T15:54:05.735+0000] {processor.py:153} INFO - Started process (PID=13681) to work on /opt/airflow/dags/cms_pg/updates.py
[2023-02-27T15:54:05.737+0000] {processor.py:743} INFO - Processing file /opt/airflow/dags/cms_pg/updates.py for tasks to queue
[2023-02-27T15:54:05.738+0000] {logging_mixin.py:137} INFO - [2023-02-27T15:54:05.738+0000] {dagbag.py:538} INFO - Filling up the DagBag from /opt/airflow/dags/cms_pg/updates.py
[2023-02-27T15:54:06.527+0000] {logging_mixin.py:137} INFO - Website is not changed.
[2023-02-27T15:54:06.701+0000] {processor.py:755} WARNING - No viable dags retrieved from /opt/airflow/dags/cms_pg/updates.py
[2023-02-27T15:54:06.715+0000] {processor.py:175} INFO - Processing /opt/airflow/dags/cms_pg/updates.py took 0.987 seconds
[2023-02-27T15:54:37.204+0000] {processor.py:153} INFO - Started process (PID=13725) to work on /opt/airflow/dags/cms_pg/updates.py
[2023-02-27T15:54:37.207+0000] {processor.py:743} INFO - Processing file /opt/airflow/dags/cms_pg/updates.py for tasks to queue
[2023-02-27T15:54:37.209+0000] {logging_mixin.py:137} INFO - [2023-02-27T15:54:37.209+0000] {dagbag.py:538} INFO - Filling up the DagBag from /opt/airflow/dags/cms_pg/updates.py
[2023-02-27T15:54:38.642+0000] {logging_mixin.py:137} INFO - Website is not changed.
[2023-02-27T15:54:38.966+0000] {processor.py:755} WARNING - No viable dags retrieved from /opt/airflow/dags/cms_pg/updates.py
[2023-02-27T15:54:39.032+0000] {processor.py:175} INFO - Processing /opt/airflow/dags/cms_pg/updates.py took 1.836 seconds
[2023-02-27T15:55:09.528+0000] {processor.py:153} INFO - Started process (PID=13769) to work on /opt/airflow/dags/cms_pg/updates.py
[2023-02-27T15:55:09.533+0000] {processor.py:743} INFO - Processing file /opt/airflow/dags/cms_pg/updates.py for tasks to queue
[2023-02-27T15:55:09.543+0000] {logging_mixin.py:137} INFO - [2023-02-27T15:55:09.543+0000] {dagbag.py:538} INFO - Filling up the DagBag from /opt/airflow/dags/cms_pg/updates.py
[2023-02-27T15:55:10.185+0000] {logging_mixin.py:137} INFO - Website is not changed.
[2023-02-27T15:55:10.364+0000] {processor.py:755} WARNING - No viable dags retrieved from /opt/airflow/dags/cms_pg/updates.py
[2023-02-27T15:55:10.382+0000] {processor.py:175} INFO - Processing /opt/airflow/dags/cms_pg/updates.py took 0.878 seconds
[2023-02-27T15:55:40.831+0000] {processor.py:153} INFO - Started process (PID=13800) to work on /opt/airflow/dags/cms_pg/updates.py
[2023-02-27T15:55:40.835+0000] {processor.py:743} INFO - Processing file /opt/airflow/dags/cms_pg/updates.py for tasks to queue
[2023-02-27T15:55:40.839+0000] {logging_mixin.py:137} INFO - [2023-02-27T15:55:40.839+0000] {dagbag.py:538} INFO - Filling up the DagBag from /opt/airflow/dags/cms_pg/updates.py
[2023-02-27T15:55:41.683+0000] {logging_mixin.py:137} INFO - Website is not changed.
[2023-02-27T15:55:41.902+0000] {processor.py:755} WARNING - No viable dags retrieved from /opt/airflow/dags/cms_pg/updates.py
[2023-02-27T15:55:41.916+0000] {processor.py:175} INFO - Processing /opt/airflow/dags/cms_pg/updates.py took 1.094 seconds
[2023-02-27T15:56:12.374+0000] {processor.py:153} INFO - Started process (PID=13844) to work on /opt/airflow/dags/cms_pg/updates.py
[2023-02-27T15:56:12.376+0000] {processor.py:743} INFO - Processing file /opt/airflow/dags/cms_pg/updates.py for tasks to queue
[2023-02-27T15:56:12.378+0000] {logging_mixin.py:137} INFO - [2023-02-27T15:56:12.377+0000] {dagbag.py:538} INFO - Filling up the DagBag from /opt/airflow/dags/cms_pg/updates.py
[2023-02-27T15:56:13.330+0000] {logging_mixin.py:137} INFO - Website is not changed.
[2023-02-27T15:56:13.583+0000] {processor.py:755} WARNING - No viable dags retrieved from /opt/airflow/dags/cms_pg/updates.py
[2023-02-27T15:56:13.639+0000] {processor.py:175} INFO - Processing /opt/airflow/dags/cms_pg/updates.py took 1.272 seconds
[2023-02-27T15:56:44.103+0000] {processor.py:153} INFO - Started process (PID=13888) to work on /opt/airflow/dags/cms_pg/updates.py
[2023-02-27T15:56:44.105+0000] {processor.py:743} INFO - Processing file /opt/airflow/dags/cms_pg/updates.py for tasks to queue
[2023-02-27T15:56:44.107+0000] {logging_mixin.py:137} INFO - [2023-02-27T15:56:44.106+0000] {dagbag.py:538} INFO - Filling up the DagBag from /opt/airflow/dags/cms_pg/updates.py
[2023-02-27T15:56:45.019+0000] {logging_mixin.py:137} INFO - Website is not changed.
[2023-02-27T15:56:45.213+0000] {processor.py:755} WARNING - No viable dags retrieved from /opt/airflow/dags/cms_pg/updates.py
[2023-02-27T15:56:45.229+0000] {processor.py:175} INFO - Processing /opt/airflow/dags/cms_pg/updates.py took 1.136 seconds
[2023-02-27T15:57:15.639+0000] {processor.py:153} INFO - Started process (PID=13920) to work on /opt/airflow/dags/cms_pg/updates.py
[2023-02-27T15:57:15.641+0000] {processor.py:743} INFO - Processing file /opt/airflow/dags/cms_pg/updates.py for tasks to queue
[2023-02-27T15:57:15.643+0000] {logging_mixin.py:137} INFO - [2023-02-27T15:57:15.642+0000] {dagbag.py:538} INFO - Filling up the DagBag from /opt/airflow/dags/cms_pg/updates.py
[2023-02-27T15:57:16.368+0000] {logging_mixin.py:137} INFO - Website is not changed.
[2023-02-27T15:57:16.613+0000] {processor.py:755} WARNING - No viable dags retrieved from /opt/airflow/dags/cms_pg/updates.py
[2023-02-27T15:57:16.646+0000] {processor.py:175} INFO - Processing /opt/airflow/dags/cms_pg/updates.py took 1.013 seconds
[2023-02-27T15:57:47.042+0000] {processor.py:153} INFO - Started process (PID=13964) to work on /opt/airflow/dags/cms_pg/updates.py
[2023-02-27T15:57:47.045+0000] {processor.py:743} INFO - Processing file /opt/airflow/dags/cms_pg/updates.py for tasks to queue
[2023-02-27T15:57:47.046+0000] {logging_mixin.py:137} INFO - [2023-02-27T15:57:47.046+0000] {dagbag.py:538} INFO - Filling up the DagBag from /opt/airflow/dags/cms_pg/updates.py
[2023-02-27T15:57:47.876+0000] {logging_mixin.py:137} INFO - Website is not changed.
[2023-02-27T15:57:48.080+0000] {processor.py:755} WARNING - No viable dags retrieved from /opt/airflow/dags/cms_pg/updates.py
[2023-02-27T15:57:48.098+0000] {processor.py:175} INFO - Processing /opt/airflow/dags/cms_pg/updates.py took 1.063 seconds
[2023-02-27T15:58:18.579+0000] {processor.py:153} INFO - Started process (PID=14004) to work on /opt/airflow/dags/cms_pg/updates.py
[2023-02-27T15:58:18.581+0000] {processor.py:743} INFO - Processing file /opt/airflow/dags/cms_pg/updates.py for tasks to queue
[2023-02-27T15:58:18.583+0000] {logging_mixin.py:137} INFO - [2023-02-27T15:58:18.582+0000] {dagbag.py:538} INFO - Filling up the DagBag from /opt/airflow/dags/cms_pg/updates.py
[2023-02-27T15:58:19.570+0000] {logging_mixin.py:137} INFO - Website is not changed.
[2023-02-27T15:58:20.705+0000] {processor.py:755} WARNING - No viable dags retrieved from /opt/airflow/dags/cms_pg/updates.py
[2023-02-27T15:58:20.758+0000] {processor.py:175} INFO - Processing /opt/airflow/dags/cms_pg/updates.py took 2.184 seconds
[2023-02-27T15:58:51.092+0000] {processor.py:153} INFO - Started process (PID=14039) to work on /opt/airflow/dags/cms_pg/updates.py
[2023-02-27T15:58:51.096+0000] {processor.py:743} INFO - Processing file /opt/airflow/dags/cms_pg/updates.py for tasks to queue
[2023-02-27T15:58:51.100+0000] {logging_mixin.py:137} INFO - [2023-02-27T15:58:51.099+0000] {dagbag.py:538} INFO - Filling up the DagBag from /opt/airflow/dags/cms_pg/updates.py
[2023-02-27T15:58:51.920+0000] {logging_mixin.py:137} INFO - Website is not changed.
[2023-02-27T15:58:52.113+0000] {processor.py:755} WARNING - No viable dags retrieved from /opt/airflow/dags/cms_pg/updates.py
[2023-02-27T15:58:52.127+0000] {processor.py:175} INFO - Processing /opt/airflow/dags/cms_pg/updates.py took 1.046 seconds
[2023-02-27T15:59:22.459+0000] {processor.py:153} INFO - Started process (PID=14081) to work on /opt/airflow/dags/cms_pg/updates.py
[2023-02-27T15:59:22.461+0000] {processor.py:743} INFO - Processing file /opt/airflow/dags/cms_pg/updates.py for tasks to queue
[2023-02-27T15:59:22.462+0000] {logging_mixin.py:137} INFO - [2023-02-27T15:59:22.462+0000] {dagbag.py:538} INFO - Filling up the DagBag from /opt/airflow/dags/cms_pg/updates.py
[2023-02-27T15:59:23.369+0000] {logging_mixin.py:137} INFO - Website is not changed.
[2023-02-27T15:59:23.532+0000] {processor.py:755} WARNING - No viable dags retrieved from /opt/airflow/dags/cms_pg/updates.py
[2023-02-27T15:59:23.547+0000] {processor.py:175} INFO - Processing /opt/airflow/dags/cms_pg/updates.py took 1.096 seconds
[2023-02-27T15:59:53.911+0000] {processor.py:153} INFO - Started process (PID=14112) to work on /opt/airflow/dags/cms_pg/updates.py
[2023-02-27T15:59:53.913+0000] {processor.py:743} INFO - Processing file /opt/airflow/dags/cms_pg/updates.py for tasks to queue
[2023-02-27T15:59:53.914+0000] {logging_mixin.py:137} INFO - [2023-02-27T15:59:53.914+0000] {dagbag.py:538} INFO - Filling up the DagBag from /opt/airflow/dags/cms_pg/updates.py
[2023-02-27T15:59:54.981+0000] {logging_mixin.py:137} INFO - Website is not changed.
[2023-02-27T15:59:55.192+0000] {processor.py:755} WARNING - No viable dags retrieved from /opt/airflow/dags/cms_pg/updates.py
[2023-02-27T15:59:55.214+0000] {processor.py:175} INFO - Processing /opt/airflow/dags/cms_pg/updates.py took 1.308 seconds
[2023-02-27T16:00:25.505+0000] {processor.py:153} INFO - Started process (PID=14155) to work on /opt/airflow/dags/cms_pg/updates.py
[2023-02-27T16:00:25.508+0000] {processor.py:743} INFO - Processing file /opt/airflow/dags/cms_pg/updates.py for tasks to queue
[2023-02-27T16:00:25.509+0000] {logging_mixin.py:137} INFO - [2023-02-27T16:00:25.509+0000] {dagbag.py:538} INFO - Filling up the DagBag from /opt/airflow/dags/cms_pg/updates.py
[2023-02-27T16:00:26.286+0000] {logging_mixin.py:137} INFO - Website is not changed.
[2023-02-27T16:00:26.481+0000] {processor.py:755} WARNING - No viable dags retrieved from /opt/airflow/dags/cms_pg/updates.py
[2023-02-27T16:00:26.497+0000] {processor.py:175} INFO - Processing /opt/airflow/dags/cms_pg/updates.py took 0.997 seconds
[2023-02-27T16:00:57.231+0000] {processor.py:153} INFO - Started process (PID=14200) to work on /opt/airflow/dags/cms_pg/updates.py
[2023-02-27T16:00:57.233+0000] {processor.py:743} INFO - Processing file /opt/airflow/dags/cms_pg/updates.py for tasks to queue
[2023-02-27T16:00:57.234+0000] {logging_mixin.py:137} INFO - [2023-02-27T16:00:57.234+0000] {dagbag.py:538} INFO - Filling up the DagBag from /opt/airflow/dags/cms_pg/updates.py
[2023-02-27T16:00:58.188+0000] {logging_mixin.py:137} INFO - Website is not changed.
[2023-02-27T16:00:58.436+0000] {processor.py:755} WARNING - No viable dags retrieved from /opt/airflow/dags/cms_pg/updates.py
[2023-02-27T16:00:58.462+0000] {processor.py:175} INFO - Processing /opt/airflow/dags/cms_pg/updates.py took 1.237 seconds
[2023-02-27T16:01:28.825+0000] {processor.py:153} INFO - Started process (PID=14231) to work on /opt/airflow/dags/cms_pg/updates.py
[2023-02-27T16:01:28.827+0000] {processor.py:743} INFO - Processing file /opt/airflow/dags/cms_pg/updates.py for tasks to queue
[2023-02-27T16:01:28.828+0000] {logging_mixin.py:137} INFO - [2023-02-27T16:01:28.828+0000] {dagbag.py:538} INFO - Filling up the DagBag from /opt/airflow/dags/cms_pg/updates.py
[2023-02-27T16:01:29.728+0000] {logging_mixin.py:137} INFO - Website is not changed.
[2023-02-27T16:01:29.906+0000] {processor.py:755} WARNING - No viable dags retrieved from /opt/airflow/dags/cms_pg/updates.py
[2023-02-27T16:01:29.919+0000] {processor.py:175} INFO - Processing /opt/airflow/dags/cms_pg/updates.py took 1.101 seconds
[2023-02-27T16:02:00.060+0000] {processor.py:153} INFO - Started process (PID=14276) to work on /opt/airflow/dags/cms_pg/updates.py
[2023-02-27T16:02:00.065+0000] {processor.py:743} INFO - Processing file /opt/airflow/dags/cms_pg/updates.py for tasks to queue
[2023-02-27T16:02:00.068+0000] {logging_mixin.py:137} INFO - [2023-02-27T16:02:00.068+0000] {dagbag.py:538} INFO - Filling up the DagBag from /opt/airflow/dags/cms_pg/updates.py
[2023-02-27T16:02:00.963+0000] {logging_mixin.py:137} INFO - Website is not changed.
[2023-02-27T16:02:01.173+0000] {processor.py:755} WARNING - No viable dags retrieved from /opt/airflow/dags/cms_pg/updates.py
[2023-02-27T16:02:01.195+0000] {processor.py:175} INFO - Processing /opt/airflow/dags/cms_pg/updates.py took 1.152 seconds
[2023-02-27T16:02:31.585+0000] {processor.py:153} INFO - Started process (PID=14306) to work on /opt/airflow/dags/cms_pg/updates.py
[2023-02-27T16:02:31.591+0000] {processor.py:743} INFO - Processing file /opt/airflow/dags/cms_pg/updates.py for tasks to queue
[2023-02-27T16:02:31.593+0000] {logging_mixin.py:137} INFO - [2023-02-27T16:02:31.593+0000] {dagbag.py:538} INFO - Filling up the DagBag from /opt/airflow/dags/cms_pg/updates.py
[2023-02-27T16:02:32.578+0000] {logging_mixin.py:137} INFO - Website is not changed.
[2023-02-27T16:02:32.829+0000] {processor.py:755} WARNING - No viable dags retrieved from /opt/airflow/dags/cms_pg/updates.py
[2023-02-27T16:02:32.848+0000] {processor.py:175} INFO - Processing /opt/airflow/dags/cms_pg/updates.py took 1.271 seconds
[2023-02-27T16:03:03.213+0000] {processor.py:153} INFO - Started process (PID=14351) to work on /opt/airflow/dags/cms_pg/updates.py
[2023-02-27T16:03:03.216+0000] {processor.py:743} INFO - Processing file /opt/airflow/dags/cms_pg/updates.py for tasks to queue
[2023-02-27T16:03:03.219+0000] {logging_mixin.py:137} INFO - [2023-02-27T16:03:03.218+0000] {dagbag.py:538} INFO - Filling up the DagBag from /opt/airflow/dags/cms_pg/updates.py
[2023-02-27T16:03:04.046+0000] {logging_mixin.py:137} INFO - Website is not changed.
[2023-02-27T16:03:04.239+0000] {processor.py:755} WARNING - No viable dags retrieved from /opt/airflow/dags/cms_pg/updates.py
[2023-02-27T16:03:04.252+0000] {processor.py:175} INFO - Processing /opt/airflow/dags/cms_pg/updates.py took 1.045 seconds
[2023-02-27T16:03:34.574+0000] {processor.py:153} INFO - Started process (PID=14395) to work on /opt/airflow/dags/cms_pg/updates.py
[2023-02-27T16:03:34.576+0000] {processor.py:743} INFO - Processing file /opt/airflow/dags/cms_pg/updates.py for tasks to queue
[2023-02-27T16:03:34.578+0000] {logging_mixin.py:137} INFO - [2023-02-27T16:03:34.578+0000] {dagbag.py:538} INFO - Filling up the DagBag from /opt/airflow/dags/cms_pg/updates.py
[2023-02-27T16:03:35.370+0000] {logging_mixin.py:137} INFO - Website is not changed.
[2023-02-27T16:03:35.563+0000] {processor.py:755} WARNING - No viable dags retrieved from /opt/airflow/dags/cms_pg/updates.py
[2023-02-27T16:03:35.576+0000] {processor.py:175} INFO - Processing /opt/airflow/dags/cms_pg/updates.py took 1.009 seconds
[2023-02-27T16:04:05.907+0000] {processor.py:153} INFO - Started process (PID=14427) to work on /opt/airflow/dags/cms_pg/updates.py
[2023-02-27T16:04:05.909+0000] {processor.py:743} INFO - Processing file /opt/airflow/dags/cms_pg/updates.py for tasks to queue
[2023-02-27T16:04:05.910+0000] {logging_mixin.py:137} INFO - [2023-02-27T16:04:05.910+0000] {dagbag.py:538} INFO - Filling up the DagBag from /opt/airflow/dags/cms_pg/updates.py
[2023-02-27T16:04:06.777+0000] {logging_mixin.py:137} INFO - Website is not changed.
[2023-02-27T16:04:06.996+0000] {processor.py:755} WARNING - No viable dags retrieved from /opt/airflow/dags/cms_pg/updates.py
[2023-02-27T16:04:07.011+0000] {processor.py:175} INFO - Processing /opt/airflow/dags/cms_pg/updates.py took 1.114 seconds
[2023-02-27T16:04:37.392+0000] {processor.py:153} INFO - Started process (PID=14471) to work on /opt/airflow/dags/cms_pg/updates.py
[2023-02-27T16:04:37.395+0000] {processor.py:743} INFO - Processing file /opt/airflow/dags/cms_pg/updates.py for tasks to queue
[2023-02-27T16:04:37.397+0000] {logging_mixin.py:137} INFO - [2023-02-27T16:04:37.396+0000] {dagbag.py:538} INFO - Filling up the DagBag from /opt/airflow/dags/cms_pg/updates.py
[2023-02-27T16:04:38.211+0000] {logging_mixin.py:137} INFO - Website is not changed.
[2023-02-27T16:04:38.399+0000] {processor.py:755} WARNING - No viable dags retrieved from /opt/airflow/dags/cms_pg/updates.py
[2023-02-27T16:04:38.410+0000] {processor.py:175} INFO - Processing /opt/airflow/dags/cms_pg/updates.py took 1.026 seconds
[2023-02-27T16:05:09.577+0000] {processor.py:153} INFO - Started process (PID=14513) to work on /opt/airflow/dags/cms_pg/updates.py
[2023-02-27T16:05:09.581+0000] {processor.py:743} INFO - Processing file /opt/airflow/dags/cms_pg/updates.py for tasks to queue
[2023-02-27T16:05:09.586+0000] {logging_mixin.py:137} INFO - [2023-02-27T16:05:09.585+0000] {dagbag.py:538} INFO - Filling up the DagBag from /opt/airflow/dags/cms_pg/updates.py
[2023-02-27T16:05:10.454+0000] {logging_mixin.py:137} INFO - Website is not changed.
[2023-02-27T16:05:10.658+0000] {processor.py:755} WARNING - No viable dags retrieved from /opt/airflow/dags/cms_pg/updates.py
[2023-02-27T16:05:10.675+0000] {processor.py:175} INFO - Processing /opt/airflow/dags/cms_pg/updates.py took 1.118 seconds
[2023-02-27T16:05:40.932+0000] {processor.py:153} INFO - Started process (PID=14548) to work on /opt/airflow/dags/cms_pg/updates.py
[2023-02-27T16:05:40.934+0000] {processor.py:743} INFO - Processing file /opt/airflow/dags/cms_pg/updates.py for tasks to queue
[2023-02-27T16:05:40.935+0000] {logging_mixin.py:137} INFO - [2023-02-27T16:05:40.935+0000] {dagbag.py:538} INFO - Filling up the DagBag from /opt/airflow/dags/cms_pg/updates.py
[2023-02-27T16:05:41.549+0000] {logging_mixin.py:137} INFO - Website is not changed.
[2023-02-27T16:05:41.896+0000] {processor.py:755} WARNING - No viable dags retrieved from /opt/airflow/dags/cms_pg/updates.py
[2023-02-27T16:05:41.938+0000] {processor.py:175} INFO - Processing /opt/airflow/dags/cms_pg/updates.py took 1.009 seconds
[2023-02-27T16:06:12.313+0000] {processor.py:153} INFO - Started process (PID=14592) to work on /opt/airflow/dags/cms_pg/updates.py
[2023-02-27T16:06:12.314+0000] {processor.py:743} INFO - Processing file /opt/airflow/dags/cms_pg/updates.py for tasks to queue
[2023-02-27T16:06:12.315+0000] {logging_mixin.py:137} INFO - [2023-02-27T16:06:12.315+0000] {dagbag.py:538} INFO - Filling up the DagBag from /opt/airflow/dags/cms_pg/updates.py
[2023-02-27T16:06:13.493+0000] {logging_mixin.py:137} INFO - Website is not changed.
[2023-02-27T16:06:13.696+0000] {processor.py:755} WARNING - No viable dags retrieved from /opt/airflow/dags/cms_pg/updates.py
[2023-02-27T16:06:13.710+0000] {processor.py:175} INFO - Processing /opt/airflow/dags/cms_pg/updates.py took 1.402 seconds
[2023-02-27T16:06:43.863+0000] {processor.py:153} INFO - Started process (PID=14623) to work on /opt/airflow/dags/cms_pg/updates.py
[2023-02-27T16:06:43.866+0000] {processor.py:743} INFO - Processing file /opt/airflow/dags/cms_pg/updates.py for tasks to queue
[2023-02-27T16:06:43.867+0000] {logging_mixin.py:137} INFO - [2023-02-27T16:06:43.867+0000] {dagbag.py:538} INFO - Filling up the DagBag from /opt/airflow/dags/cms_pg/updates.py
[2023-02-27T16:06:44.429+0000] {logging_mixin.py:137} INFO - Website is not changed.
[2023-02-27T16:06:44.691+0000] {processor.py:755} WARNING - No viable dags retrieved from /opt/airflow/dags/cms_pg/updates.py
[2023-02-27T16:06:44.708+0000] {processor.py:175} INFO - Processing /opt/airflow/dags/cms_pg/updates.py took 0.848 seconds
[2023-02-27T16:07:15.214+0000] {processor.py:153} INFO - Started process (PID=14666) to work on /opt/airflow/dags/cms_pg/updates.py
[2023-02-27T16:07:15.216+0000] {processor.py:743} INFO - Processing file /opt/airflow/dags/cms_pg/updates.py for tasks to queue
[2023-02-27T16:07:15.218+0000] {logging_mixin.py:137} INFO - [2023-02-27T16:07:15.218+0000] {dagbag.py:538} INFO - Filling up the DagBag from /opt/airflow/dags/cms_pg/updates.py
[2023-02-27T16:07:15.553+0000] {logging_mixin.py:137} INFO - Website is not changed.
[2023-02-27T16:07:15.772+0000] {processor.py:755} WARNING - No viable dags retrieved from /opt/airflow/dags/cms_pg/updates.py
[2023-02-27T16:07:15.785+0000] {processor.py:175} INFO - Processing /opt/airflow/dags/cms_pg/updates.py took 0.574 seconds
[2023-02-27T16:07:46.124+0000] {processor.py:153} INFO - Started process (PID=14709) to work on /opt/airflow/dags/cms_pg/updates.py
[2023-02-27T16:07:46.127+0000] {processor.py:743} INFO - Processing file /opt/airflow/dags/cms_pg/updates.py for tasks to queue
[2023-02-27T16:07:46.128+0000] {logging_mixin.py:137} INFO - [2023-02-27T16:07:46.128+0000] {dagbag.py:538} INFO - Filling up the DagBag from /opt/airflow/dags/cms_pg/updates.py
[2023-02-27T16:07:46.812+0000] {logging_mixin.py:137} INFO - Website is not changed.
[2023-02-27T16:07:47.110+0000] {processor.py:755} WARNING - No viable dags retrieved from /opt/airflow/dags/cms_pg/updates.py
[2023-02-27T16:07:47.126+0000] {processor.py:175} INFO - Processing /opt/airflow/dags/cms_pg/updates.py took 1.010 seconds
[2023-02-27T16:08:17.862+0000] {processor.py:153} INFO - Started process (PID=14739) to work on /opt/airflow/dags/cms_pg/updates.py
[2023-02-27T16:08:17.864+0000] {processor.py:743} INFO - Processing file /opt/airflow/dags/cms_pg/updates.py for tasks to queue
[2023-02-27T16:08:17.864+0000] {logging_mixin.py:137} INFO - [2023-02-27T16:08:17.864+0000] {dagbag.py:538} INFO - Filling up the DagBag from /opt/airflow/dags/cms_pg/updates.py
[2023-02-27T16:08:18.409+0000] {logging_mixin.py:137} INFO - Website is not changed.
[2023-02-27T16:08:18.869+0000] {processor.py:755} WARNING - No viable dags retrieved from /opt/airflow/dags/cms_pg/updates.py
[2023-02-27T16:08:18.895+0000] {processor.py:175} INFO - Processing /opt/airflow/dags/cms_pg/updates.py took 1.036 seconds
[2023-02-27T16:08:49.328+0000] {processor.py:153} INFO - Started process (PID=14783) to work on /opt/airflow/dags/cms_pg/updates.py
[2023-02-27T16:08:49.331+0000] {processor.py:743} INFO - Processing file /opt/airflow/dags/cms_pg/updates.py for tasks to queue
[2023-02-27T16:08:49.332+0000] {logging_mixin.py:137} INFO - [2023-02-27T16:08:49.332+0000] {dagbag.py:538} INFO - Filling up the DagBag from /opt/airflow/dags/cms_pg/updates.py
[2023-02-27T16:08:49.893+0000] {logging_mixin.py:137} INFO - Website is not changed.
[2023-02-27T16:08:50.134+0000] {processor.py:755} WARNING - No viable dags retrieved from /opt/airflow/dags/cms_pg/updates.py
[2023-02-27T16:08:50.152+0000] {processor.py:175} INFO - Processing /opt/airflow/dags/cms_pg/updates.py took 0.827 seconds
[2023-02-27T16:09:20.418+0000] {processor.py:153} INFO - Started process (PID=14814) to work on /opt/airflow/dags/cms_pg/updates.py
[2023-02-27T16:09:20.428+0000] {processor.py:743} INFO - Processing file /opt/airflow/dags/cms_pg/updates.py for tasks to queue
[2023-02-27T16:09:20.432+0000] {logging_mixin.py:137} INFO - [2023-02-27T16:09:20.432+0000] {dagbag.py:538} INFO - Filling up the DagBag from /opt/airflow/dags/cms_pg/updates.py
[2023-02-27T16:09:21.347+0000] {logging_mixin.py:137} INFO - Website is not changed.
[2023-02-27T16:09:21.587+0000] {processor.py:755} WARNING - No viable dags retrieved from /opt/airflow/dags/cms_pg/updates.py
[2023-02-27T16:09:21.608+0000] {processor.py:175} INFO - Processing /opt/airflow/dags/cms_pg/updates.py took 1.202 seconds
[2023-02-27T16:09:51.872+0000] {processor.py:153} INFO - Started process (PID=14857) to work on /opt/airflow/dags/cms_pg/updates.py
[2023-02-27T16:09:51.875+0000] {processor.py:743} INFO - Processing file /opt/airflow/dags/cms_pg/updates.py for tasks to queue
[2023-02-27T16:09:51.877+0000] {logging_mixin.py:137} INFO - [2023-02-27T16:09:51.877+0000] {dagbag.py:538} INFO - Filling up the DagBag from /opt/airflow/dags/cms_pg/updates.py
[2023-02-27T16:09:53.669+0000] {logging_mixin.py:137} INFO - Website is not changed.
[2023-02-27T16:09:53.883+0000] {processor.py:755} WARNING - No viable dags retrieved from /opt/airflow/dags/cms_pg/updates.py
[2023-02-27T16:09:53.897+0000] {processor.py:175} INFO - Processing /opt/airflow/dags/cms_pg/updates.py took 2.035 seconds
[2023-02-27T16:10:24.369+0000] {processor.py:153} INFO - Started process (PID=14902) to work on /opt/airflow/dags/cms_pg/updates.py
[2023-02-27T16:10:24.371+0000] {processor.py:743} INFO - Processing file /opt/airflow/dags/cms_pg/updates.py for tasks to queue
[2023-02-27T16:10:24.372+0000] {logging_mixin.py:137} INFO - [2023-02-27T16:10:24.372+0000] {dagbag.py:538} INFO - Filling up the DagBag from /opt/airflow/dags/cms_pg/updates.py
[2023-02-27T16:10:24.732+0000] {logging_mixin.py:137} INFO - Website is not changed.
[2023-02-27T16:10:24.984+0000] {processor.py:755} WARNING - No viable dags retrieved from /opt/airflow/dags/cms_pg/updates.py
[2023-02-27T16:10:25.008+0000] {processor.py:175} INFO - Processing /opt/airflow/dags/cms_pg/updates.py took 0.644 seconds
[2023-02-27T16:10:55.336+0000] {processor.py:153} INFO - Started process (PID=14933) to work on /opt/airflow/dags/cms_pg/updates.py
[2023-02-27T16:10:55.338+0000] {processor.py:743} INFO - Processing file /opt/airflow/dags/cms_pg/updates.py for tasks to queue
[2023-02-27T16:10:55.339+0000] {logging_mixin.py:137} INFO - [2023-02-27T16:10:55.339+0000] {dagbag.py:538} INFO - Filling up the DagBag from /opt/airflow/dags/cms_pg/updates.py
[2023-02-27T16:10:56.908+0000] {logging_mixin.py:137} INFO - Website is not changed.
[2023-02-27T16:10:57.092+0000] {processor.py:755} WARNING - No viable dags retrieved from /opt/airflow/dags/cms_pg/updates.py
[2023-02-27T16:10:57.103+0000] {processor.py:175} INFO - Processing /opt/airflow/dags/cms_pg/updates.py took 1.774 seconds
[2023-02-27T16:11:27.301+0000] {processor.py:153} INFO - Started process (PID=14977) to work on /opt/airflow/dags/cms_pg/updates.py
[2023-02-27T16:11:27.303+0000] {processor.py:743} INFO - Processing file /opt/airflow/dags/cms_pg/updates.py for tasks to queue
[2023-02-27T16:11:27.304+0000] {logging_mixin.py:137} INFO - [2023-02-27T16:11:27.304+0000] {dagbag.py:538} INFO - Filling up the DagBag from /opt/airflow/dags/cms_pg/updates.py
[2023-02-27T16:11:27.685+0000] {logging_mixin.py:137} INFO - Website is not changed.
[2023-02-27T16:11:27.882+0000] {processor.py:755} WARNING - No viable dags retrieved from /opt/airflow/dags/cms_pg/updates.py
[2023-02-27T16:11:27.894+0000] {processor.py:175} INFO - Processing /opt/airflow/dags/cms_pg/updates.py took 0.597 seconds
[2023-02-27T16:11:58.245+0000] {processor.py:153} INFO - Started process (PID=15020) to work on /opt/airflow/dags/cms_pg/updates.py
[2023-02-27T16:11:58.247+0000] {processor.py:743} INFO - Processing file /opt/airflow/dags/cms_pg/updates.py for tasks to queue
[2023-02-27T16:11:58.249+0000] {logging_mixin.py:137} INFO - [2023-02-27T16:11:58.248+0000] {dagbag.py:538} INFO - Filling up the DagBag from /opt/airflow/dags/cms_pg/updates.py
[2023-02-27T16:12:00.070+0000] {logging_mixin.py:137} INFO - Website is not changed.
[2023-02-27T16:12:00.309+0000] {processor.py:755} WARNING - No viable dags retrieved from /opt/airflow/dags/cms_pg/updates.py
[2023-02-27T16:12:00.322+0000] {processor.py:175} INFO - Processing /opt/airflow/dags/cms_pg/updates.py took 2.083 seconds
[2023-02-27T16:12:30.570+0000] {processor.py:153} INFO - Started process (PID=15050) to work on /opt/airflow/dags/cms_pg/updates.py
[2023-02-27T16:12:30.572+0000] {processor.py:743} INFO - Processing file /opt/airflow/dags/cms_pg/updates.py for tasks to queue
[2023-02-27T16:12:30.573+0000] {logging_mixin.py:137} INFO - [2023-02-27T16:12:30.573+0000] {dagbag.py:538} INFO - Filling up the DagBag from /opt/airflow/dags/cms_pg/updates.py
[2023-02-27T16:12:31.189+0000] {logging_mixin.py:137} INFO - Website is not changed.
[2023-02-27T16:12:31.379+0000] {processor.py:755} WARNING - No viable dags retrieved from /opt/airflow/dags/cms_pg/updates.py
[2023-02-27T16:12:31.391+0000] {processor.py:175} INFO - Processing /opt/airflow/dags/cms_pg/updates.py took 0.826 seconds
[2023-02-27T16:13:01.794+0000] {processor.py:153} INFO - Started process (PID=15094) to work on /opt/airflow/dags/cms_pg/updates.py
[2023-02-27T16:13:01.797+0000] {processor.py:743} INFO - Processing file /opt/airflow/dags/cms_pg/updates.py for tasks to queue
[2023-02-27T16:13:01.800+0000] {logging_mixin.py:137} INFO - [2023-02-27T16:13:01.799+0000] {dagbag.py:538} INFO - Filling up the DagBag from /opt/airflow/dags/cms_pg/updates.py
[2023-02-27T16:13:02.939+0000] {logging_mixin.py:137} INFO - Website is not changed.
[2023-02-27T16:13:03.178+0000] {processor.py:755} WARNING - No viable dags retrieved from /opt/airflow/dags/cms_pg/updates.py
[2023-02-27T16:13:03.189+0000] {processor.py:175} INFO - Processing /opt/airflow/dags/cms_pg/updates.py took 1.414 seconds
[2023-02-27T16:13:33.460+0000] {processor.py:153} INFO - Started process (PID=15138) to work on /opt/airflow/dags/cms_pg/updates.py
[2023-02-27T16:13:33.473+0000] {processor.py:743} INFO - Processing file /opt/airflow/dags/cms_pg/updates.py for tasks to queue
[2023-02-27T16:13:33.476+0000] {logging_mixin.py:137} INFO - [2023-02-27T16:13:33.476+0000] {dagbag.py:538} INFO - Filling up the DagBag from /opt/airflow/dags/cms_pg/updates.py
[2023-02-27T16:13:34.767+0000] {logging_mixin.py:137} INFO - Website is not changed.
[2023-02-27T16:13:34.939+0000] {processor.py:755} WARNING - No viable dags retrieved from /opt/airflow/dags/cms_pg/updates.py
[2023-02-27T16:13:34.949+0000] {processor.py:175} INFO - Processing /opt/airflow/dags/cms_pg/updates.py took 1.497 seconds
[2023-02-27T16:14:05.519+0000] {processor.py:153} INFO - Started process (PID=15170) to work on /opt/airflow/dags/cms_pg/updates.py
[2023-02-27T16:14:05.521+0000] {processor.py:743} INFO - Processing file /opt/airflow/dags/cms_pg/updates.py for tasks to queue
[2023-02-27T16:14:05.523+0000] {logging_mixin.py:137} INFO - [2023-02-27T16:14:05.522+0000] {dagbag.py:538} INFO - Filling up the DagBag from /opt/airflow/dags/cms_pg/updates.py
[2023-02-27T16:14:05.950+0000] {logging_mixin.py:137} INFO - Website is not changed.
[2023-02-27T16:14:06.148+0000] {processor.py:755} WARNING - No viable dags retrieved from /opt/airflow/dags/cms_pg/updates.py
[2023-02-27T16:14:06.160+0000] {processor.py:175} INFO - Processing /opt/airflow/dags/cms_pg/updates.py took 0.644 seconds
[2023-02-27T16:14:36.366+0000] {processor.py:153} INFO - Started process (PID=15212) to work on /opt/airflow/dags/cms_pg/updates.py
[2023-02-27T16:14:36.369+0000] {processor.py:743} INFO - Processing file /opt/airflow/dags/cms_pg/updates.py for tasks to queue
[2023-02-27T16:14:36.370+0000] {logging_mixin.py:137} INFO - [2023-02-27T16:14:36.370+0000] {dagbag.py:538} INFO - Filling up the DagBag from /opt/airflow/dags/cms_pg/updates.py
[2023-02-27T16:14:37.836+0000] {logging_mixin.py:137} INFO - Website is not changed.
[2023-02-27T16:14:38.047+0000] {processor.py:755} WARNING - No viable dags retrieved from /opt/airflow/dags/cms_pg/updates.py
[2023-02-27T16:14:38.060+0000] {processor.py:175} INFO - Processing /opt/airflow/dags/cms_pg/updates.py took 1.700 seconds
[2023-02-27T16:15:08.348+0000] {processor.py:153} INFO - Started process (PID=15243) to work on /opt/airflow/dags/cms_pg/updates.py
[2023-02-27T16:15:08.351+0000] {processor.py:743} INFO - Processing file /opt/airflow/dags/cms_pg/updates.py for tasks to queue
[2023-02-27T16:15:08.353+0000] {logging_mixin.py:137} INFO - [2023-02-27T16:15:08.353+0000] {dagbag.py:538} INFO - Filling up the DagBag from /opt/airflow/dags/cms_pg/updates.py
[2023-02-27T16:15:08.950+0000] {logging_mixin.py:137} INFO - Website is not changed.
[2023-02-27T16:15:09.296+0000] {processor.py:755} WARNING - No viable dags retrieved from /opt/airflow/dags/cms_pg/updates.py
[2023-02-27T16:15:09.315+0000] {processor.py:175} INFO - Processing /opt/airflow/dags/cms_pg/updates.py took 0.971 seconds
[2023-02-27T16:15:39.795+0000] {processor.py:153} INFO - Started process (PID=15287) to work on /opt/airflow/dags/cms_pg/updates.py
[2023-02-27T16:15:39.797+0000] {processor.py:743} INFO - Processing file /opt/airflow/dags/cms_pg/updates.py for tasks to queue
[2023-02-27T16:15:39.798+0000] {logging_mixin.py:137} INFO - [2023-02-27T16:15:39.798+0000] {dagbag.py:538} INFO - Filling up the DagBag from /opt/airflow/dags/cms_pg/updates.py
[2023-02-27T16:15:40.380+0000] {logging_mixin.py:137} INFO - Website is not changed.
[2023-02-27T16:15:40.582+0000] {processor.py:755} WARNING - No viable dags retrieved from /opt/airflow/dags/cms_pg/updates.py
[2023-02-27T16:15:40.597+0000] {processor.py:175} INFO - Processing /opt/airflow/dags/cms_pg/updates.py took 0.805 seconds
[2023-02-27T16:16:10.967+0000] {processor.py:153} INFO - Started process (PID=15331) to work on /opt/airflow/dags/cms_pg/updates.py
[2023-02-27T16:16:10.969+0000] {processor.py:743} INFO - Processing file /opt/airflow/dags/cms_pg/updates.py for tasks to queue
[2023-02-27T16:16:10.970+0000] {logging_mixin.py:137} INFO - [2023-02-27T16:16:10.970+0000] {dagbag.py:538} INFO - Filling up the DagBag from /opt/airflow/dags/cms_pg/updates.py
[2023-02-27T16:16:11.338+0000] {logging_mixin.py:137} INFO - Website is not changed.
[2023-02-27T16:16:11.558+0000] {processor.py:755} WARNING - No viable dags retrieved from /opt/airflow/dags/cms_pg/updates.py
[2023-02-27T16:16:11.570+0000] {processor.py:175} INFO - Processing /opt/airflow/dags/cms_pg/updates.py took 0.607 seconds
[2023-02-27T16:16:41.995+0000] {processor.py:153} INFO - Started process (PID=15361) to work on /opt/airflow/dags/cms_pg/updates.py
[2023-02-27T16:16:41.999+0000] {processor.py:743} INFO - Processing file /opt/airflow/dags/cms_pg/updates.py for tasks to queue
[2023-02-27T16:16:42.001+0000] {logging_mixin.py:137} INFO - [2023-02-27T16:16:42.001+0000] {dagbag.py:538} INFO - Filling up the DagBag from /opt/airflow/dags/cms_pg/updates.py
[2023-02-27T16:16:42.872+0000] {logging_mixin.py:137} INFO - Website is not changed.
[2023-02-27T16:16:43.076+0000] {processor.py:755} WARNING - No viable dags retrieved from /opt/airflow/dags/cms_pg/updates.py
[2023-02-27T16:16:43.092+0000] {processor.py:175} INFO - Processing /opt/airflow/dags/cms_pg/updates.py took 1.114 seconds
[2023-02-27T16:17:13.459+0000] {processor.py:153} INFO - Started process (PID=15406) to work on /opt/airflow/dags/cms_pg/updates.py
[2023-02-27T16:17:13.462+0000] {processor.py:743} INFO - Processing file /opt/airflow/dags/cms_pg/updates.py for tasks to queue
[2023-02-27T16:17:13.464+0000] {logging_mixin.py:137} INFO - [2023-02-27T16:17:13.464+0000] {dagbag.py:538} INFO - Filling up the DagBag from /opt/airflow/dags/cms_pg/updates.py
[2023-02-27T16:17:14.579+0000] {logging_mixin.py:137} INFO - Website is not changed.
[2023-02-27T16:17:14.766+0000] {processor.py:755} WARNING - No viable dags retrieved from /opt/airflow/dags/cms_pg/updates.py
[2023-02-27T16:17:14.776+0000] {processor.py:175} INFO - Processing /opt/airflow/dags/cms_pg/updates.py took 1.326 seconds
[2023-02-27T16:17:44.919+0000] {processor.py:153} INFO - Started process (PID=15447) to work on /opt/airflow/dags/cms_pg/updates.py
[2023-02-27T16:17:44.922+0000] {processor.py:743} INFO - Processing file /opt/airflow/dags/cms_pg/updates.py for tasks to queue
[2023-02-27T16:17:44.924+0000] {logging_mixin.py:137} INFO - [2023-02-27T16:17:44.924+0000] {dagbag.py:538} INFO - Filling up the DagBag from /opt/airflow/dags/cms_pg/updates.py
[2023-02-27T16:17:45.642+0000] {logging_mixin.py:137} INFO - Website is not changed.
[2023-02-27T16:17:45.873+0000] {processor.py:755} WARNING - No viable dags retrieved from /opt/airflow/dags/cms_pg/updates.py
[2023-02-27T16:17:45.885+0000] {processor.py:175} INFO - Processing /opt/airflow/dags/cms_pg/updates.py took 0.976 seconds
[2023-02-27T16:18:16.163+0000] {processor.py:153} INFO - Started process (PID=15481) to work on /opt/airflow/dags/cms_pg/updates.py
[2023-02-27T16:18:16.165+0000] {processor.py:743} INFO - Processing file /opt/airflow/dags/cms_pg/updates.py for tasks to queue
[2023-02-27T16:18:16.172+0000] {logging_mixin.py:137} INFO - [2023-02-27T16:18:16.167+0000] {dagbag.py:538} INFO - Filling up the DagBag from /opt/airflow/dags/cms_pg/updates.py
[2023-02-27T16:18:17.248+0000] {logging_mixin.py:137} INFO - Website is not changed.
[2023-02-27T16:18:17.449+0000] {processor.py:755} WARNING - No viable dags retrieved from /opt/airflow/dags/cms_pg/updates.py
[2023-02-27T16:18:17.461+0000] {processor.py:175} INFO - Processing /opt/airflow/dags/cms_pg/updates.py took 1.305 seconds
[2023-02-27T16:18:47.724+0000] {processor.py:153} INFO - Started process (PID=15526) to work on /opt/airflow/dags/cms_pg/updates.py
[2023-02-27T16:18:47.727+0000] {processor.py:743} INFO - Processing file /opt/airflow/dags/cms_pg/updates.py for tasks to queue
[2023-02-27T16:18:47.728+0000] {logging_mixin.py:137} INFO - [2023-02-27T16:18:47.728+0000] {dagbag.py:538} INFO - Filling up the DagBag from /opt/airflow/dags/cms_pg/updates.py
[2023-02-27T16:18:48.692+0000] {logging_mixin.py:137} INFO - Website is not changed.
[2023-02-27T16:18:48.912+0000] {processor.py:755} WARNING - No viable dags retrieved from /opt/airflow/dags/cms_pg/updates.py
[2023-02-27T16:18:48.925+0000] {processor.py:175} INFO - Processing /opt/airflow/dags/cms_pg/updates.py took 1.206 seconds
[2023-02-27T16:19:19.256+0000] {processor.py:153} INFO - Started process (PID=15566) to work on /opt/airflow/dags/cms_pg/updates.py
[2023-02-27T16:19:19.259+0000] {processor.py:743} INFO - Processing file /opt/airflow/dags/cms_pg/updates.py for tasks to queue
[2023-02-27T16:19:19.261+0000] {logging_mixin.py:137} INFO - [2023-02-27T16:19:19.261+0000] {dagbag.py:538} INFO - Filling up the DagBag from /opt/airflow/dags/cms_pg/updates.py
[2023-02-27T16:19:20.223+0000] {logging_mixin.py:137} INFO - Website is not changed.
[2023-02-27T16:19:20.535+0000] {processor.py:755} WARNING - No viable dags retrieved from /opt/airflow/dags/cms_pg/updates.py
[2023-02-27T16:19:20.548+0000] {processor.py:175} INFO - Processing /opt/airflow/dags/cms_pg/updates.py took 1.299 seconds
[2023-02-27T16:19:50.712+0000] {processor.py:153} INFO - Started process (PID=15601) to work on /opt/airflow/dags/cms_pg/updates.py
[2023-02-27T16:19:50.716+0000] {processor.py:743} INFO - Processing file /opt/airflow/dags/cms_pg/updates.py for tasks to queue
[2023-02-27T16:19:50.719+0000] {logging_mixin.py:137} INFO - [2023-02-27T16:19:50.718+0000] {dagbag.py:538} INFO - Filling up the DagBag from /opt/airflow/dags/cms_pg/updates.py
[2023-02-27T16:19:51.446+0000] {logging_mixin.py:137} INFO - Website is not changed.
[2023-02-27T16:19:51.652+0000] {processor.py:755} WARNING - No viable dags retrieved from /opt/airflow/dags/cms_pg/updates.py
[2023-02-27T16:19:51.666+0000] {processor.py:175} INFO - Processing /opt/airflow/dags/cms_pg/updates.py took 0.967 seconds
[2023-02-27T16:20:21.880+0000] {processor.py:153} INFO - Started process (PID=15646) to work on /opt/airflow/dags/cms_pg/updates.py
[2023-02-27T16:20:21.883+0000] {processor.py:743} INFO - Processing file /opt/airflow/dags/cms_pg/updates.py for tasks to queue
[2023-02-27T16:20:21.884+0000] {logging_mixin.py:137} INFO - [2023-02-27T16:20:21.884+0000] {dagbag.py:538} INFO - Filling up the DagBag from /opt/airflow/dags/cms_pg/updates.py
[2023-02-27T16:20:23.039+0000] {logging_mixin.py:137} INFO - Website is not changed.
[2023-02-27T16:20:23.254+0000] {processor.py:755} WARNING - No viable dags retrieved from /opt/airflow/dags/cms_pg/updates.py
[2023-02-27T16:20:23.273+0000] {processor.py:175} INFO - Processing /opt/airflow/dags/cms_pg/updates.py took 1.398 seconds
[2023-02-27T16:20:53.592+0000] {processor.py:153} INFO - Started process (PID=15677) to work on /opt/airflow/dags/cms_pg/updates.py
[2023-02-27T16:20:53.595+0000] {processor.py:743} INFO - Processing file /opt/airflow/dags/cms_pg/updates.py for tasks to queue
[2023-02-27T16:20:53.596+0000] {logging_mixin.py:137} INFO - [2023-02-27T16:20:53.596+0000] {dagbag.py:538} INFO - Filling up the DagBag from /opt/airflow/dags/cms_pg/updates.py
[2023-02-27T16:20:54.327+0000] {logging_mixin.py:137} INFO - Website is not changed.
[2023-02-27T16:20:54.564+0000] {processor.py:755} WARNING - No viable dags retrieved from /opt/airflow/dags/cms_pg/updates.py
[2023-02-27T16:20:54.576+0000] {processor.py:175} INFO - Processing /opt/airflow/dags/cms_pg/updates.py took 0.990 seconds
[2023-02-27T16:21:24.868+0000] {processor.py:153} INFO - Started process (PID=15722) to work on /opt/airflow/dags/cms_pg/updates.py
[2023-02-27T16:21:24.870+0000] {processor.py:743} INFO - Processing file /opt/airflow/dags/cms_pg/updates.py for tasks to queue
[2023-02-27T16:21:24.871+0000] {logging_mixin.py:137} INFO - [2023-02-27T16:21:24.871+0000] {dagbag.py:538} INFO - Filling up the DagBag from /opt/airflow/dags/cms_pg/updates.py
[2023-02-27T16:21:25.996+0000] {logging_mixin.py:137} INFO - Website is not changed.
[2023-02-27T16:21:26.174+0000] {processor.py:755} WARNING - No viable dags retrieved from /opt/airflow/dags/cms_pg/updates.py
[2023-02-27T16:21:26.185+0000] {processor.py:175} INFO - Processing /opt/airflow/dags/cms_pg/updates.py took 1.324 seconds
[2023-02-27T16:21:56.497+0000] {processor.py:153} INFO - Started process (PID=15766) to work on /opt/airflow/dags/cms_pg/updates.py
[2023-02-27T16:21:56.499+0000] {processor.py:743} INFO - Processing file /opt/airflow/dags/cms_pg/updates.py for tasks to queue
[2023-02-27T16:21:56.501+0000] {logging_mixin.py:137} INFO - [2023-02-27T16:21:56.501+0000] {dagbag.py:538} INFO - Filling up the DagBag from /opt/airflow/dags/cms_pg/updates.py
[2023-02-27T16:21:57.215+0000] {logging_mixin.py:137} INFO - Website is not changed.
[2023-02-27T16:21:57.395+0000] {processor.py:755} WARNING - No viable dags retrieved from /opt/airflow/dags/cms_pg/updates.py
[2023-02-27T16:21:57.406+0000] {processor.py:175} INFO - Processing /opt/airflow/dags/cms_pg/updates.py took 0.914 seconds
[2023-02-27T16:22:27.738+0000] {processor.py:153} INFO - Started process (PID=15797) to work on /opt/airflow/dags/cms_pg/updates.py
[2023-02-27T16:22:27.740+0000] {processor.py:743} INFO - Processing file /opt/airflow/dags/cms_pg/updates.py for tasks to queue
[2023-02-27T16:22:27.741+0000] {logging_mixin.py:137} INFO - [2023-02-27T16:22:27.741+0000] {dagbag.py:538} INFO - Filling up the DagBag from /opt/airflow/dags/cms_pg/updates.py
[2023-02-27T16:22:28.509+0000] {logging_mixin.py:137} INFO - Website is not changed.
[2023-02-27T16:22:28.670+0000] {processor.py:755} WARNING - No viable dags retrieved from /opt/airflow/dags/cms_pg/updates.py
[2023-02-27T16:22:28.680+0000] {processor.py:175} INFO - Processing /opt/airflow/dags/cms_pg/updates.py took 0.948 seconds
[2023-02-27T16:22:59.045+0000] {processor.py:153} INFO - Started process (PID=15841) to work on /opt/airflow/dags/cms_pg/updates.py
[2023-02-27T16:22:59.048+0000] {processor.py:743} INFO - Processing file /opt/airflow/dags/cms_pg/updates.py for tasks to queue
[2023-02-27T16:22:59.050+0000] {logging_mixin.py:137} INFO - [2023-02-27T16:22:59.049+0000] {dagbag.py:538} INFO - Filling up the DagBag from /opt/airflow/dags/cms_pg/updates.py
[2023-02-27T16:22:59.697+0000] {logging_mixin.py:137} INFO - Website is not changed.
[2023-02-27T16:22:59.884+0000] {processor.py:755} WARNING - No viable dags retrieved from /opt/airflow/dags/cms_pg/updates.py
[2023-02-27T16:22:59.895+0000] {processor.py:175} INFO - Processing /opt/airflow/dags/cms_pg/updates.py took 0.857 seconds
[2023-02-27T16:23:29.953+0000] {processor.py:153} INFO - Started process (PID=15878) to work on /opt/airflow/dags/cms_pg/updates.py
[2023-02-27T16:23:29.955+0000] {processor.py:743} INFO - Processing file /opt/airflow/dags/cms_pg/updates.py for tasks to queue
[2023-02-27T16:23:29.956+0000] {logging_mixin.py:137} INFO - [2023-02-27T16:23:29.956+0000] {dagbag.py:538} INFO - Filling up the DagBag from /opt/airflow/dags/cms_pg/updates.py
[2023-02-27T16:23:30.792+0000] {logging_mixin.py:137} INFO - Website is not changed.
[2023-02-27T16:23:31.416+0000] {processor.py:755} WARNING - No viable dags retrieved from /opt/airflow/dags/cms_pg/updates.py
[2023-02-27T16:23:31.427+0000] {processor.py:175} INFO - Processing /opt/airflow/dags/cms_pg/updates.py took 1.480 seconds
[2023-02-27T16:24:02.186+0000] {processor.py:153} INFO - Started process (PID=15916) to work on /opt/airflow/dags/cms_pg/updates.py
[2023-02-27T16:24:02.188+0000] {processor.py:743} INFO - Processing file /opt/airflow/dags/cms_pg/updates.py for tasks to queue
[2023-02-27T16:24:02.189+0000] {logging_mixin.py:137} INFO - [2023-02-27T16:24:02.189+0000] {dagbag.py:538} INFO - Filling up the DagBag from /opt/airflow/dags/cms_pg/updates.py
[2023-02-27T16:24:02.529+0000] {logging_mixin.py:137} INFO - Website is not changed.
[2023-02-27T16:24:02.808+0000] {processor.py:755} WARNING - No viable dags retrieved from /opt/airflow/dags/cms_pg/updates.py
[2023-02-27T16:24:02.822+0000] {processor.py:175} INFO - Processing /opt/airflow/dags/cms_pg/updates.py took 0.639 seconds
[2023-02-27T16:24:33.558+0000] {processor.py:153} INFO - Started process (PID=15960) to work on /opt/airflow/dags/cms_pg/updates.py
[2023-02-27T16:24:33.560+0000] {processor.py:743} INFO - Processing file /opt/airflow/dags/cms_pg/updates.py for tasks to queue
[2023-02-27T16:24:33.561+0000] {logging_mixin.py:137} INFO - [2023-02-27T16:24:33.561+0000] {dagbag.py:538} INFO - Filling up the DagBag from /opt/airflow/dags/cms_pg/updates.py
[2023-02-27T16:24:34.059+0000] {logging_mixin.py:137} INFO - Website is not changed.
[2023-02-27T16:24:34.259+0000] {processor.py:755} WARNING - No viable dags retrieved from /opt/airflow/dags/cms_pg/updates.py
[2023-02-27T16:24:34.272+0000] {processor.py:175} INFO - Processing /opt/airflow/dags/cms_pg/updates.py took 0.717 seconds
[2023-02-27T16:25:04.775+0000] {processor.py:153} INFO - Started process (PID=15991) to work on /opt/airflow/dags/cms_pg/updates.py
[2023-02-27T16:25:04.779+0000] {processor.py:743} INFO - Processing file /opt/airflow/dags/cms_pg/updates.py for tasks to queue
[2023-02-27T16:25:04.781+0000] {logging_mixin.py:137} INFO - [2023-02-27T16:25:04.781+0000] {dagbag.py:538} INFO - Filling up the DagBag from /opt/airflow/dags/cms_pg/updates.py
[2023-02-27T16:25:05.413+0000] {logging_mixin.py:137} INFO - Website is not changed.
[2023-02-27T16:25:05.687+0000] {processor.py:755} WARNING - No viable dags retrieved from /opt/airflow/dags/cms_pg/updates.py
[2023-02-27T16:25:05.719+0000] {processor.py:175} INFO - Processing /opt/airflow/dags/cms_pg/updates.py took 0.948 seconds
[2023-02-27T16:25:36.032+0000] {processor.py:153} INFO - Started process (PID=16035) to work on /opt/airflow/dags/cms_pg/updates.py
[2023-02-27T16:25:36.035+0000] {processor.py:743} INFO - Processing file /opt/airflow/dags/cms_pg/updates.py for tasks to queue
[2023-02-27T16:25:36.036+0000] {logging_mixin.py:137} INFO - [2023-02-27T16:25:36.036+0000] {dagbag.py:538} INFO - Filling up the DagBag from /opt/airflow/dags/cms_pg/updates.py
[2023-02-27T16:25:36.469+0000] {logging_mixin.py:137} INFO - Website is not changed.
[2023-02-27T16:25:36.720+0000] {processor.py:755} WARNING - No viable dags retrieved from /opt/airflow/dags/cms_pg/updates.py
[2023-02-27T16:25:36.737+0000] {processor.py:175} INFO - Processing /opt/airflow/dags/cms_pg/updates.py took 0.712 seconds
[2023-02-27T16:26:06.880+0000] {processor.py:153} INFO - Started process (PID=16075) to work on /opt/airflow/dags/cms_pg/updates.py
[2023-02-27T16:26:06.885+0000] {processor.py:743} INFO - Processing file /opt/airflow/dags/cms_pg/updates.py for tasks to queue
[2023-02-27T16:26:06.887+0000] {logging_mixin.py:137} INFO - [2023-02-27T16:26:06.887+0000] {dagbag.py:538} INFO - Filling up the DagBag from /opt/airflow/dags/cms_pg/updates.py
[2023-02-27T16:26:07.390+0000] {logging_mixin.py:137} INFO - Website is not changed.
[2023-02-27T16:26:07.604+0000] {processor.py:755} WARNING - No viable dags retrieved from /opt/airflow/dags/cms_pg/updates.py
[2023-02-27T16:26:07.617+0000] {processor.py:175} INFO - Processing /opt/airflow/dags/cms_pg/updates.py took 0.744 seconds
