[2023-02-19T00:55:41.320+0000] {processor.py:153} INFO - Started process (PID=18008) to work on /opt/airflow/dags/cms_pg/updates.py
[2023-02-19T00:55:41.331+0000] {processor.py:743} INFO - Processing file /opt/airflow/dags/cms_pg/updates.py for tasks to queue
[2023-02-19T00:55:41.337+0000] {logging_mixin.py:137} INFO - [2023-02-19T00:55:41.337+0000] {dagbag.py:538} INFO - Filling up the DagBag from /opt/airflow/dags/cms_pg/updates.py
[2023-02-19T00:55:42.584+0000] {logging_mixin.py:137} INFO - Website is changed. Links: True
[2023-02-19T00:55:44.357+0000] {processor.py:755} WARNING - No viable dags retrieved from /opt/airflow/dags/cms_pg/updates.py
[2023-02-19T00:55:44.383+0000] {processor.py:175} INFO - Processing /opt/airflow/dags/cms_pg/updates.py took 3.085 seconds
[2023-02-19T02:17:03.807+0000] {processor.py:153} INFO - Started process (PID=18039) to work on /opt/airflow/dags/cms_pg/updates.py
[2023-02-19T02:17:03.810+0000] {processor.py:743} INFO - Processing file /opt/airflow/dags/cms_pg/updates.py for tasks to queue
[2023-02-19T02:17:03.811+0000] {logging_mixin.py:137} INFO - [2023-02-19T02:17:03.811+0000] {dagbag.py:538} INFO - Filling up the DagBag from /opt/airflow/dags/cms_pg/updates.py
[2023-02-19T02:17:05.904+0000] {logging_mixin.py:137} INFO - Website is changed. Links: True
[2023-02-19T02:17:06.596+0000] {processor.py:755} WARNING - No viable dags retrieved from /opt/airflow/dags/cms_pg/updates.py
[2023-02-19T02:17:06.624+0000] {processor.py:175} INFO - Processing /opt/airflow/dags/cms_pg/updates.py took 2.829 seconds
[2023-02-19T03:24:34.405+0000] {processor.py:153} INFO - Started process (PID=18070) to work on /opt/airflow/dags/cms_pg/updates.py
[2023-02-19T03:24:34.411+0000] {processor.py:743} INFO - Processing file /opt/airflow/dags/cms_pg/updates.py for tasks to queue
[2023-02-19T03:24:34.426+0000] {logging_mixin.py:137} INFO - [2023-02-19T03:24:34.425+0000] {dagbag.py:538} INFO - Filling up the DagBag from /opt/airflow/dags/cms_pg/updates.py
[2023-02-19T03:24:37.405+0000] {logging_mixin.py:137} INFO - Website is changed. Links: True
[2023-02-19T03:24:38.386+0000] {processor.py:755} WARNING - No viable dags retrieved from /opt/airflow/dags/cms_pg/updates.py
[2023-02-19T03:24:38.408+0000] {processor.py:175} INFO - Processing /opt/airflow/dags/cms_pg/updates.py took 4.022 seconds
[2023-02-19T04:30:34.324+0000] {processor.py:153} INFO - Started process (PID=18115) to work on /opt/airflow/dags/cms_pg/updates.py
[2023-02-19T04:30:34.326+0000] {processor.py:743} INFO - Processing file /opt/airflow/dags/cms_pg/updates.py for tasks to queue
[2023-02-19T04:30:34.329+0000] {logging_mixin.py:137} INFO - [2023-02-19T04:30:34.328+0000] {dagbag.py:538} INFO - Filling up the DagBag from /opt/airflow/dags/cms_pg/updates.py
[2023-02-19T04:30:39.567+0000] {logging_mixin.py:137} INFO - Website is changed. Links: True
[2023-02-19T04:30:39.954+0000] {processor.py:755} WARNING - No viable dags retrieved from /opt/airflow/dags/cms_pg/updates.py
[2023-02-19T04:30:39.992+0000] {processor.py:175} INFO - Processing /opt/airflow/dags/cms_pg/updates.py took 5.679 seconds
[2023-02-19T05:35:07.768+0000] {processor.py:153} INFO - Started process (PID=18146) to work on /opt/airflow/dags/cms_pg/updates.py
[2023-02-19T05:35:07.781+0000] {processor.py:743} INFO - Processing file /opt/airflow/dags/cms_pg/updates.py for tasks to queue
[2023-02-19T05:35:07.785+0000] {logging_mixin.py:137} INFO - [2023-02-19T05:35:07.784+0000] {dagbag.py:538} INFO - Filling up the DagBag from /opt/airflow/dags/cms_pg/updates.py
[2023-02-19T05:35:11.800+0000] {logging_mixin.py:137} INFO - Website is changed. Links: True
[2023-02-19T05:35:12.108+0000] {processor.py:755} WARNING - No viable dags retrieved from /opt/airflow/dags/cms_pg/updates.py
[2023-02-19T05:35:12.140+0000] {processor.py:175} INFO - Processing /opt/airflow/dags/cms_pg/updates.py took 4.427 seconds
[2023-02-19T06:44:06.419+0000] {processor.py:153} INFO - Started process (PID=18177) to work on /opt/airflow/dags/cms_pg/updates.py
[2023-02-19T06:44:06.428+0000] {processor.py:743} INFO - Processing file /opt/airflow/dags/cms_pg/updates.py for tasks to queue
[2023-02-19T06:44:06.440+0000] {logging_mixin.py:137} INFO - [2023-02-19T06:44:06.439+0000] {dagbag.py:538} INFO - Filling up the DagBag from /opt/airflow/dags/cms_pg/updates.py
[2023-02-19T06:44:08.400+0000] {logging_mixin.py:137} INFO - Website is changed. Links: True
[2023-02-19T06:44:09.214+0000] {processor.py:755} WARNING - No viable dags retrieved from /opt/airflow/dags/cms_pg/updates.py
[2023-02-19T06:44:09.279+0000] {processor.py:175} INFO - Processing /opt/airflow/dags/cms_pg/updates.py took 2.897 seconds
[2023-02-19T07:44:34.043+0000] {processor.py:153} INFO - Started process (PID=18221) to work on /opt/airflow/dags/cms_pg/updates.py
[2023-02-19T07:44:34.044+0000] {processor.py:743} INFO - Processing file /opt/airflow/dags/cms_pg/updates.py for tasks to queue
[2023-02-19T07:44:34.046+0000] {logging_mixin.py:137} INFO - [2023-02-19T07:44:34.046+0000] {dagbag.py:538} INFO - Filling up the DagBag from /opt/airflow/dags/cms_pg/updates.py
[2023-02-19T07:44:35.531+0000] {logging_mixin.py:137} INFO - Website is changed. Links: True
[2023-02-19T07:44:37.403+0000] {processor.py:755} WARNING - No viable dags retrieved from /opt/airflow/dags/cms_pg/updates.py
[2023-02-19T07:44:37.439+0000] {processor.py:175} INFO - Processing /opt/airflow/dags/cms_pg/updates.py took 3.402 seconds
[2023-02-19T08:48:19.335+0000] {processor.py:153} INFO - Started process (PID=18252) to work on /opt/airflow/dags/cms_pg/updates.py
[2023-02-19T08:48:19.339+0000] {processor.py:743} INFO - Processing file /opt/airflow/dags/cms_pg/updates.py for tasks to queue
[2023-02-19T08:48:19.344+0000] {logging_mixin.py:137} INFO - [2023-02-19T08:48:19.343+0000] {dagbag.py:538} INFO - Filling up the DagBag from /opt/airflow/dags/cms_pg/updates.py
[2023-02-19T08:48:21.358+0000] {logging_mixin.py:137} INFO - Website is changed. Links: True
[2023-02-19T08:48:21.691+0000] {processor.py:755} WARNING - No viable dags retrieved from /opt/airflow/dags/cms_pg/updates.py
[2023-02-19T08:48:21.717+0000] {processor.py:175} INFO - Processing /opt/airflow/dags/cms_pg/updates.py took 2.398 seconds
[2023-02-19T10:09:28.409+0000] {processor.py:153} INFO - Started process (PID=18285) to work on /opt/airflow/dags/cms_pg/updates.py
[2023-02-19T10:09:28.416+0000] {processor.py:743} INFO - Processing file /opt/airflow/dags/cms_pg/updates.py for tasks to queue
[2023-02-19T10:09:28.419+0000] {logging_mixin.py:137} INFO - [2023-02-19T10:09:28.419+0000] {dagbag.py:538} INFO - Filling up the DagBag from /opt/airflow/dags/cms_pg/updates.py
[2023-02-19T10:09:30.510+0000] {logging_mixin.py:137} INFO - Website is changed. Links: True
[2023-02-19T10:09:30.752+0000] {processor.py:755} WARNING - No viable dags retrieved from /opt/airflow/dags/cms_pg/updates.py
[2023-02-19T10:09:30.803+0000] {processor.py:175} INFO - Processing /opt/airflow/dags/cms_pg/updates.py took 2.423 seconds
[2023-02-19T11:16:51.826+0000] {processor.py:153} INFO - Started process (PID=18330) to work on /opt/airflow/dags/cms_pg/updates.py
[2023-02-19T11:16:51.831+0000] {processor.py:743} INFO - Processing file /opt/airflow/dags/cms_pg/updates.py for tasks to queue
[2023-02-19T11:16:51.834+0000] {logging_mixin.py:137} INFO - [2023-02-19T11:16:51.833+0000] {dagbag.py:538} INFO - Filling up the DagBag from /opt/airflow/dags/cms_pg/updates.py
[2023-02-19T11:16:53.810+0000] {logging_mixin.py:137} INFO - Website is changed. Links: True
[2023-02-19T11:16:54.043+0000] {processor.py:755} WARNING - No viable dags retrieved from /opt/airflow/dags/cms_pg/updates.py
[2023-02-19T11:16:54.060+0000] {processor.py:175} INFO - Processing /opt/airflow/dags/cms_pg/updates.py took 2.278 seconds
[2023-02-19T12:26:15.864+0000] {processor.py:153} INFO - Started process (PID=18361) to work on /opt/airflow/dags/cms_pg/updates.py
[2023-02-19T12:26:15.866+0000] {processor.py:743} INFO - Processing file /opt/airflow/dags/cms_pg/updates.py for tasks to queue
[2023-02-19T12:26:15.868+0000] {logging_mixin.py:137} INFO - [2023-02-19T12:26:15.868+0000] {dagbag.py:538} INFO - Filling up the DagBag from /opt/airflow/dags/cms_pg/updates.py
[2023-02-19T12:26:16.464+0000] {logging_mixin.py:137} INFO - Write in empty file.
[2023-02-19T12:26:18.806+0000] {processor.py:755} WARNING - No viable dags retrieved from /opt/airflow/dags/cms_pg/updates.py
[2023-02-19T12:26:18.839+0000] {processor.py:175} INFO - Processing /opt/airflow/dags/cms_pg/updates.py took 2.981 seconds
[2023-02-19T13:32:28.818+0000] {processor.py:153} INFO - Started process (PID=18392) to work on /opt/airflow/dags/cms_pg/updates.py
[2023-02-19T13:32:28.821+0000] {processor.py:743} INFO - Processing file /opt/airflow/dags/cms_pg/updates.py for tasks to queue
[2023-02-19T13:32:28.825+0000] {logging_mixin.py:137} INFO - [2023-02-19T13:32:28.824+0000] {dagbag.py:538} INFO - Filling up the DagBag from /opt/airflow/dags/cms_pg/updates.py
[2023-02-19T13:32:31.672+0000] {logging_mixin.py:137} INFO - [2023-02-19T13:32:31.451+0000] {dagbag.py:343} ERROR - Failed to import: /opt/airflow/dags/cms_pg/updates.py
Traceback (most recent call last):
  File "/home/airflow/.local/lib/python3.7/site-packages/urllib3/connectionpool.py", line 710, in urlopen
    chunked=chunked,
  File "/home/airflow/.local/lib/python3.7/site-packages/urllib3/connectionpool.py", line 386, in _make_request
    self._validate_conn(conn)
  File "/home/airflow/.local/lib/python3.7/site-packages/urllib3/connectionpool.py", line 1042, in _validate_conn
    conn.connect()
  File "/home/airflow/.local/lib/python3.7/site-packages/urllib3/connection.py", line 424, in connect
    tls_in_tls=tls_in_tls,
  File "/home/airflow/.local/lib/python3.7/site-packages/urllib3/util/ssl_.py", line 450, in ssl_wrap_socket
    sock, context, tls_in_tls, server_hostname=server_hostname
  File "/home/airflow/.local/lib/python3.7/site-packages/urllib3/util/ssl_.py", line 493, in _ssl_wrap_socket_impl
    return ssl_context.wrap_socket(sock, server_hostname=server_hostname)
  File "/usr/local/lib/python3.7/ssl.py", line 423, in wrap_socket
    session=session
  File "/usr/local/lib/python3.7/ssl.py", line 870, in _create
    self.do_handshake()
  File "/usr/local/lib/python3.7/ssl.py", line 1139, in do_handshake
    self._sslobj.do_handshake()
OSError: [Errno 0] Error

During handling of the above exception, another exception occurred:

Traceback (most recent call last):
  File "/home/airflow/.local/lib/python3.7/site-packages/requests/adapters.py", line 499, in send
    timeout=timeout,
  File "/home/airflow/.local/lib/python3.7/site-packages/urllib3/connectionpool.py", line 788, in urlopen
    method, url, error=e, _pool=self, _stacktrace=sys.exc_info()[2]
  File "/home/airflow/.local/lib/python3.7/site-packages/urllib3/util/retry.py", line 550, in increment
    raise six.reraise(type(error), error, _stacktrace)
  File "/home/airflow/.local/lib/python3.7/site-packages/urllib3/packages/six.py", line 769, in reraise
    raise value.with_traceback(tb)
  File "/home/airflow/.local/lib/python3.7/site-packages/urllib3/connectionpool.py", line 710, in urlopen
    chunked=chunked,
  File "/home/airflow/.local/lib/python3.7/site-packages/urllib3/connectionpool.py", line 386, in _make_request
    self._validate_conn(conn)
  File "/home/airflow/.local/lib/python3.7/site-packages/urllib3/connectionpool.py", line 1042, in _validate_conn
    conn.connect()
  File "/home/airflow/.local/lib/python3.7/site-packages/urllib3/connection.py", line 424, in connect
    tls_in_tls=tls_in_tls,
  File "/home/airflow/.local/lib/python3.7/site-packages/urllib3/util/ssl_.py", line 450, in ssl_wrap_socket
    sock, context, tls_in_tls, server_hostname=server_hostname
  File "/home/airflow/.local/lib/python3.7/site-packages/urllib3/util/ssl_.py", line 493, in _ssl_wrap_socket_impl
    return ssl_context.wrap_socket(sock, server_hostname=server_hostname)
  File "/usr/local/lib/python3.7/ssl.py", line 423, in wrap_socket
    session=session
  File "/usr/local/lib/python3.7/ssl.py", line 870, in _create
    self.do_handshake()
  File "/usr/local/lib/python3.7/ssl.py", line 1139, in do_handshake
    self._sslobj.do_handshake()
urllib3.exceptions.ProtocolError: ('Connection aborted.', OSError(0, 'Error'))

During handling of the above exception, another exception occurred:

Traceback (most recent call last):
  File "/home/airflow/.local/lib/python3.7/site-packages/airflow/models/dagbag.py", line 339, in parse
    loader.exec_module(new_module)
  File "<frozen importlib._bootstrap_external>", line 728, in exec_module
  File "<frozen importlib._bootstrap>", line 219, in _call_with_frames_removed
  File "/opt/airflow/dags/cms_pg/updates.py", line 9, in <module>
    from cms_pg.download_file import download_file
  File "/opt/airflow/dags/cms_pg/download_file.py", line 16, in <module>
    result = website_changed(web)
  File "/opt/airflow/dags/cms_pg/page_change.py", line 5, in website_changed
    reqs = requests.get(url)
  File "/home/airflow/.local/lib/python3.7/site-packages/requests/api.py", line 73, in get
    return request("get", url, params=params, **kwargs)
  File "/home/airflow/.local/lib/python3.7/site-packages/requests/api.py", line 59, in request
    return session.request(method=method, url=url, **kwargs)
  File "/home/airflow/.local/lib/python3.7/site-packages/requests/sessions.py", line 587, in request
    resp = self.send(prep, **send_kwargs)
  File "/home/airflow/.local/lib/python3.7/site-packages/requests/sessions.py", line 701, in send
    r = adapter.send(request, **kwargs)
  File "/home/airflow/.local/lib/python3.7/site-packages/requests/adapters.py", line 547, in send
    raise ConnectionError(err, request=request)
requests.exceptions.ConnectionError: ('Connection aborted.', OSError(0, 'Error'))
[2023-02-19T13:32:31.703+0000] {processor.py:755} WARNING - No viable dags retrieved from /opt/airflow/dags/cms_pg/updates.py
[2023-02-19T13:32:31.916+0000] {processor.py:175} INFO - Processing /opt/airflow/dags/cms_pg/updates.py took 3.122 seconds
[2023-02-19T14:40:43.749+0000] {processor.py:153} INFO - Started process (PID=18435) to work on /opt/airflow/dags/cms_pg/updates.py
[2023-02-19T14:40:43.751+0000] {processor.py:743} INFO - Processing file /opt/airflow/dags/cms_pg/updates.py for tasks to queue
[2023-02-19T14:40:43.753+0000] {logging_mixin.py:137} INFO - [2023-02-19T14:40:43.753+0000] {dagbag.py:538} INFO - Filling up the DagBag from /opt/airflow/dags/cms_pg/updates.py
[2023-02-19T14:40:44.966+0000] {logging_mixin.py:137} INFO - Website is changed. Links: True
[2023-02-19T14:40:45.146+0000] {processor.py:755} WARNING - No viable dags retrieved from /opt/airflow/dags/cms_pg/updates.py
[2023-02-19T14:40:45.170+0000] {processor.py:175} INFO - Processing /opt/airflow/dags/cms_pg/updates.py took 1.432 seconds
[2023-02-19T15:49:42.392+0000] {processor.py:153} INFO - Started process (PID=18466) to work on /opt/airflow/dags/cms_pg/updates.py
[2023-02-19T15:49:42.396+0000] {processor.py:743} INFO - Processing file /opt/airflow/dags/cms_pg/updates.py for tasks to queue
[2023-02-19T15:49:42.401+0000] {logging_mixin.py:137} INFO - [2023-02-19T15:49:42.401+0000] {dagbag.py:538} INFO - Filling up the DagBag from /opt/airflow/dags/cms_pg/updates.py
[2023-02-19T15:49:43.844+0000] {logging_mixin.py:137} INFO - Website is changed. Links: True
[2023-02-19T15:49:44.084+0000] {processor.py:755} WARNING - No viable dags retrieved from /opt/airflow/dags/cms_pg/updates.py
[2023-02-19T15:49:44.103+0000] {processor.py:175} INFO - Processing /opt/airflow/dags/cms_pg/updates.py took 1.737 seconds
[2023-02-19T16:46:20.244+0000] {processor.py:153} INFO - Started process (PID=18498) to work on /opt/airflow/dags/cms_pg/updates.py
[2023-02-19T16:46:20.248+0000] {processor.py:743} INFO - Processing file /opt/airflow/dags/cms_pg/updates.py for tasks to queue
[2023-02-19T16:46:20.253+0000] {logging_mixin.py:137} INFO - [2023-02-19T16:46:20.252+0000] {dagbag.py:538} INFO - Filling up the DagBag from /opt/airflow/dags/cms_pg/updates.py
[2023-02-19T16:46:25.738+0000] {logging_mixin.py:137} INFO - Website is changed. Links: True
[2023-02-19T16:46:26.763+0000] {processor.py:755} WARNING - No viable dags retrieved from /opt/airflow/dags/cms_pg/updates.py
[2023-02-19T16:46:26.902+0000] {processor.py:175} INFO - Processing /opt/airflow/dags/cms_pg/updates.py took 6.674 seconds
[2023-02-19T17:34:34.243+0000] {processor.py:153} INFO - Started process (PID=18534) to work on /opt/airflow/dags/cms_pg/updates.py
[2023-02-19T17:34:34.249+0000] {processor.py:743} INFO - Processing file /opt/airflow/dags/cms_pg/updates.py for tasks to queue
[2023-02-19T17:34:34.250+0000] {logging_mixin.py:137} INFO - [2023-02-19T17:34:34.250+0000] {dagbag.py:538} INFO - Filling up the DagBag from /opt/airflow/dags/cms_pg/updates.py
[2023-02-19T17:34:35.600+0000] {logging_mixin.py:137} INFO - Website is changed. Links: True
[2023-02-19T17:34:36.865+0000] {processor.py:755} WARNING - No viable dags retrieved from /opt/airflow/dags/cms_pg/updates.py
[2023-02-19T17:34:36.943+0000] {processor.py:175} INFO - Processing /opt/airflow/dags/cms_pg/updates.py took 2.743 seconds
[2023-02-19T18:38:28.552+0000] {processor.py:153} INFO - Started process (PID=18571) to work on /opt/airflow/dags/cms_pg/updates.py
[2023-02-19T18:38:28.556+0000] {processor.py:743} INFO - Processing file /opt/airflow/dags/cms_pg/updates.py for tasks to queue
[2023-02-19T18:38:28.561+0000] {logging_mixin.py:137} INFO - [2023-02-19T18:38:28.560+0000] {dagbag.py:538} INFO - Filling up the DagBag from /opt/airflow/dags/cms_pg/updates.py
[2023-02-19T18:38:30.236+0000] {logging_mixin.py:137} INFO - Write in empty file.
[2023-02-19T18:38:31.040+0000] {processor.py:755} WARNING - No viable dags retrieved from /opt/airflow/dags/cms_pg/updates.py
[2023-02-19T18:38:31.064+0000] {processor.py:175} INFO - Processing /opt/airflow/dags/cms_pg/updates.py took 2.521 seconds
[2023-02-19T19:28:57.553+0000] {processor.py:153} INFO - Started process (PID=18602) to work on /opt/airflow/dags/cms_pg/updates.py
[2023-02-19T19:28:57.568+0000] {processor.py:743} INFO - Processing file /opt/airflow/dags/cms_pg/updates.py for tasks to queue
[2023-02-19T19:28:57.571+0000] {logging_mixin.py:137} INFO - [2023-02-19T19:28:57.571+0000] {dagbag.py:538} INFO - Filling up the DagBag from /opt/airflow/dags/cms_pg/updates.py
[2023-02-19T19:29:01.036+0000] {logging_mixin.py:137} INFO - Website is changed. Links: True
[2023-02-19T19:29:01.225+0000] {processor.py:755} WARNING - No viable dags retrieved from /opt/airflow/dags/cms_pg/updates.py
[2023-02-19T19:29:01.246+0000] {processor.py:175} INFO - Processing /opt/airflow/dags/cms_pg/updates.py took 3.718 seconds
[2023-02-19T20:36:10.512+0000] {processor.py:153} INFO - Started process (PID=18639) to work on /opt/airflow/dags/cms_pg/updates.py
[2023-02-19T20:36:10.524+0000] {processor.py:743} INFO - Processing file /opt/airflow/dags/cms_pg/updates.py for tasks to queue
[2023-02-19T20:36:10.535+0000] {logging_mixin.py:137} INFO - [2023-02-19T20:36:10.529+0000] {dagbag.py:538} INFO - Filling up the DagBag from /opt/airflow/dags/cms_pg/updates.py
[2023-02-19T20:36:13.031+0000] {logging_mixin.py:137} INFO - Website is changed. Links: True
[2023-02-19T20:36:13.316+0000] {processor.py:755} WARNING - No viable dags retrieved from /opt/airflow/dags/cms_pg/updates.py
[2023-02-19T20:36:13.343+0000] {processor.py:175} INFO - Processing /opt/airflow/dags/cms_pg/updates.py took 2.880 seconds
[2023-02-19T21:58:34.983+0000] {processor.py:153} INFO - Started process (PID=18676) to work on /opt/airflow/dags/cms_pg/updates.py
[2023-02-19T21:58:34.988+0000] {processor.py:743} INFO - Processing file /opt/airflow/dags/cms_pg/updates.py for tasks to queue
[2023-02-19T21:58:34.992+0000] {logging_mixin.py:137} INFO - [2023-02-19T21:58:34.991+0000] {dagbag.py:538} INFO - Filling up the DagBag from /opt/airflow/dags/cms_pg/updates.py
[2023-02-19T21:58:37.067+0000] {logging_mixin.py:137} INFO - Website is changed. Links: True
[2023-02-19T21:58:37.335+0000] {processor.py:755} WARNING - No viable dags retrieved from /opt/airflow/dags/cms_pg/updates.py
[2023-02-19T21:58:37.357+0000] {processor.py:175} INFO - Processing /opt/airflow/dags/cms_pg/updates.py took 2.386 seconds
[2023-02-19T23:01:17.249+0000] {processor.py:153} INFO - Started process (PID=18707) to work on /opt/airflow/dags/cms_pg/updates.py
[2023-02-19T23:01:17.258+0000] {processor.py:743} INFO - Processing file /opt/airflow/dags/cms_pg/updates.py for tasks to queue
[2023-02-19T23:01:17.259+0000] {logging_mixin.py:137} INFO - [2023-02-19T23:01:17.259+0000] {dagbag.py:538} INFO - Filling up the DagBag from /opt/airflow/dags/cms_pg/updates.py
[2023-02-19T23:01:17.845+0000] {logging_mixin.py:137} INFO - Website is changed. Links: True
[2023-02-19T23:01:18.398+0000] {processor.py:755} WARNING - No viable dags retrieved from /opt/airflow/dags/cms_pg/updates.py
[2023-02-19T23:01:18.417+0000] {processor.py:175} INFO - Processing /opt/airflow/dags/cms_pg/updates.py took 1.189 seconds
[2023-02-19T23:51:14.979+0000] {processor.py:153} INFO - Started process (PID=18751) to work on /opt/airflow/dags/cms_pg/updates.py
[2023-02-19T23:51:14.981+0000] {processor.py:743} INFO - Processing file /opt/airflow/dags/cms_pg/updates.py for tasks to queue
[2023-02-19T23:51:14.985+0000] {logging_mixin.py:137} INFO - [2023-02-19T23:51:14.984+0000] {dagbag.py:538} INFO - Filling up the DagBag from /opt/airflow/dags/cms_pg/updates.py
[2023-02-19T23:51:15.564+0000] {logging_mixin.py:137} INFO - Website is changed. Links: True
[2023-02-19T23:51:18.629+0000] {processor.py:755} WARNING - No viable dags retrieved from /opt/airflow/dags/cms_pg/updates.py
[2023-02-19T23:51:19.137+0000] {processor.py:175} INFO - Processing /opt/airflow/dags/cms_pg/updates.py took 4.165 seconds
