[2023-02-19T00:55:41.330+0000] {processor.py:153} INFO - Started process (PID=18009) to work on /opt/airflow/dags/cms_upd.py
[2023-02-19T00:55:41.336+0000] {processor.py:743} INFO - Processing file /opt/airflow/dags/cms_upd.py for tasks to queue
[2023-02-19T00:55:41.338+0000] {logging_mixin.py:137} INFO - [2023-02-19T00:55:41.338+0000] {dagbag.py:538} INFO - Filling up the DagBag from /opt/airflow/dags/cms_upd.py
[2023-02-19T00:55:42.643+0000] {logging_mixin.py:137} INFO - Website is changed. Links: True
[2023-02-19T00:55:44.501+0000] {processor.py:753} INFO - DAG(s) dict_keys(['cms_asp_noc']) retrieved from /opt/airflow/dags/cms_upd.py
[2023-02-19T00:55:44.599+0000] {logging_mixin.py:137} INFO - [2023-02-19T00:55:44.598+0000] {dag.py:2690} INFO - Sync 1 DAGs
[2023-02-19T00:55:44.636+0000] {logging_mixin.py:137} INFO - [2023-02-19T00:55:44.635+0000] {dag.py:3441} INFO - Setting next_dagrun for cms_asp_noc to 2023-02-19T00:00:00+00:00, run_after=2023-02-20T00:00:00+00:00
[2023-02-19T00:55:44.659+0000] {processor.py:175} INFO - Processing /opt/airflow/dags/cms_upd.py took 3.376 seconds
[2023-02-19T02:17:03.809+0000] {processor.py:153} INFO - Started process (PID=18040) to work on /opt/airflow/dags/cms_upd.py
[2023-02-19T02:17:03.810+0000] {processor.py:743} INFO - Processing file /opt/airflow/dags/cms_upd.py for tasks to queue
[2023-02-19T02:17:03.812+0000] {logging_mixin.py:137} INFO - [2023-02-19T02:17:03.812+0000] {dagbag.py:538} INFO - Filling up the DagBag from /opt/airflow/dags/cms_upd.py
[2023-02-19T02:17:06.306+0000] {logging_mixin.py:137} INFO - Website is changed. Links: True
[2023-02-19T02:17:06.673+0000] {processor.py:753} INFO - DAG(s) dict_keys(['cms_asp_noc']) retrieved from /opt/airflow/dags/cms_upd.py
[2023-02-19T02:17:06.700+0000] {logging_mixin.py:137} INFO - [2023-02-19T02:17:06.700+0000] {dag.py:2690} INFO - Sync 1 DAGs
[2023-02-19T02:17:06.739+0000] {logging_mixin.py:137} INFO - [2023-02-19T02:17:06.739+0000] {dag.py:3441} INFO - Setting next_dagrun for cms_asp_noc to 2023-02-19T00:00:00+00:00, run_after=2023-02-20T00:00:00+00:00
[2023-02-19T02:17:06.755+0000] {processor.py:175} INFO - Processing /opt/airflow/dags/cms_upd.py took 2.951 seconds
[2023-02-19T03:24:34.468+0000] {processor.py:153} INFO - Started process (PID=18073) to work on /opt/airflow/dags/cms_upd.py
[2023-02-19T03:24:34.478+0000] {processor.py:743} INFO - Processing file /opt/airflow/dags/cms_upd.py for tasks to queue
[2023-02-19T03:24:34.483+0000] {logging_mixin.py:137} INFO - [2023-02-19T03:24:34.483+0000] {dagbag.py:538} INFO - Filling up the DagBag from /opt/airflow/dags/cms_upd.py
[2023-02-19T03:24:37.429+0000] {logging_mixin.py:137} INFO - Website is changed. Links: True
[2023-02-19T03:24:38.480+0000] {processor.py:753} INFO - DAG(s) dict_keys(['cms_asp_noc']) retrieved from /opt/airflow/dags/cms_upd.py
[2023-02-19T03:24:38.511+0000] {logging_mixin.py:137} INFO - [2023-02-19T03:24:38.510+0000] {dag.py:2690} INFO - Sync 1 DAGs
[2023-02-19T03:24:38.536+0000] {logging_mixin.py:137} INFO - [2023-02-19T03:24:38.536+0000] {dag.py:3441} INFO - Setting next_dagrun for cms_asp_noc to 2023-02-19T00:00:00+00:00, run_after=2023-02-20T00:00:00+00:00
[2023-02-19T03:24:38.550+0000] {processor.py:175} INFO - Processing /opt/airflow/dags/cms_upd.py took 4.106 seconds
[2023-02-19T04:30:34.329+0000] {processor.py:153} INFO - Started process (PID=18116) to work on /opt/airflow/dags/cms_upd.py
[2023-02-19T04:30:34.331+0000] {processor.py:743} INFO - Processing file /opt/airflow/dags/cms_upd.py for tasks to queue
[2023-02-19T04:30:34.333+0000] {logging_mixin.py:137} INFO - [2023-02-19T04:30:34.332+0000] {dagbag.py:538} INFO - Filling up the DagBag from /opt/airflow/dags/cms_upd.py
[2023-02-19T04:30:39.563+0000] {logging_mixin.py:137} INFO - Website is changed. Links: True
[2023-02-19T04:30:40.082+0000] {processor.py:753} INFO - DAG(s) dict_keys(['cms_asp_noc']) retrieved from /opt/airflow/dags/cms_upd.py
[2023-02-19T04:30:40.130+0000] {logging_mixin.py:137} INFO - [2023-02-19T04:30:40.130+0000] {dag.py:2690} INFO - Sync 1 DAGs
[2023-02-19T04:30:40.168+0000] {logging_mixin.py:137} INFO - [2023-02-19T04:30:40.168+0000] {dag.py:3441} INFO - Setting next_dagrun for cms_asp_noc to 2023-02-19T00:00:00+00:00, run_after=2023-02-20T00:00:00+00:00
[2023-02-19T04:30:40.193+0000] {processor.py:175} INFO - Processing /opt/airflow/dags/cms_upd.py took 5.869 seconds
[2023-02-19T05:35:07.880+0000] {processor.py:153} INFO - Started process (PID=18147) to work on /opt/airflow/dags/cms_upd.py
[2023-02-19T05:35:07.894+0000] {processor.py:743} INFO - Processing file /opt/airflow/dags/cms_upd.py for tasks to queue
[2023-02-19T05:35:07.900+0000] {logging_mixin.py:137} INFO - [2023-02-19T05:35:07.900+0000] {dagbag.py:538} INFO - Filling up the DagBag from /opt/airflow/dags/cms_upd.py
[2023-02-19T05:35:11.799+0000] {logging_mixin.py:137} INFO - Website is changed. Links: True
[2023-02-19T05:35:12.188+0000] {processor.py:753} INFO - DAG(s) dict_keys(['cms_asp_noc']) retrieved from /opt/airflow/dags/cms_upd.py
[2023-02-19T05:35:12.226+0000] {logging_mixin.py:137} INFO - [2023-02-19T05:35:12.225+0000] {dag.py:2690} INFO - Sync 1 DAGs
[2023-02-19T05:35:12.249+0000] {logging_mixin.py:137} INFO - [2023-02-19T05:35:12.249+0000] {dag.py:3441} INFO - Setting next_dagrun for cms_asp_noc to 2023-02-19T00:00:00+00:00, run_after=2023-02-20T00:00:00+00:00
[2023-02-19T05:35:12.269+0000] {processor.py:175} INFO - Processing /opt/airflow/dags/cms_upd.py took 4.457 seconds
[2023-02-19T06:44:06.428+0000] {processor.py:153} INFO - Started process (PID=18178) to work on /opt/airflow/dags/cms_upd.py
[2023-02-19T06:44:06.448+0000] {processor.py:743} INFO - Processing file /opt/airflow/dags/cms_upd.py for tasks to queue
[2023-02-19T06:44:06.459+0000] {logging_mixin.py:137} INFO - [2023-02-19T06:44:06.455+0000] {dagbag.py:538} INFO - Filling up the DagBag from /opt/airflow/dags/cms_upd.py
[2023-02-19T06:44:08.403+0000] {logging_mixin.py:137} INFO - Website is changed. Links: True
[2023-02-19T06:44:09.349+0000] {processor.py:753} INFO - DAG(s) dict_keys(['cms_asp_noc']) retrieved from /opt/airflow/dags/cms_upd.py
[2023-02-19T06:44:09.395+0000] {logging_mixin.py:137} INFO - [2023-02-19T06:44:09.394+0000] {dag.py:2690} INFO - Sync 1 DAGs
[2023-02-19T06:44:09.424+0000] {logging_mixin.py:137} INFO - [2023-02-19T06:44:09.424+0000] {dag.py:3441} INFO - Setting next_dagrun for cms_asp_noc to 2023-02-19T00:00:00+00:00, run_after=2023-02-20T00:00:00+00:00
[2023-02-19T06:44:09.449+0000] {processor.py:175} INFO - Processing /opt/airflow/dags/cms_upd.py took 3.038 seconds
[2023-02-19T07:44:34.048+0000] {processor.py:153} INFO - Started process (PID=18222) to work on /opt/airflow/dags/cms_upd.py
[2023-02-19T07:44:34.049+0000] {processor.py:743} INFO - Processing file /opt/airflow/dags/cms_upd.py for tasks to queue
[2023-02-19T07:44:34.050+0000] {logging_mixin.py:137} INFO - [2023-02-19T07:44:34.050+0000] {dagbag.py:538} INFO - Filling up the DagBag from /opt/airflow/dags/cms_upd.py
[2023-02-19T07:44:35.708+0000] {logging_mixin.py:137} INFO - Website is changed. Links: True
[2023-02-19T07:44:37.503+0000] {processor.py:753} INFO - DAG(s) dict_keys(['cms_asp_noc']) retrieved from /opt/airflow/dags/cms_upd.py
[2023-02-19T07:44:37.538+0000] {logging_mixin.py:137} INFO - [2023-02-19T07:44:37.537+0000] {dag.py:2690} INFO - Sync 1 DAGs
[2023-02-19T07:44:37.565+0000] {logging_mixin.py:137} INFO - [2023-02-19T07:44:37.565+0000] {dag.py:3441} INFO - Setting next_dagrun for cms_asp_noc to 2023-02-19T00:00:00+00:00, run_after=2023-02-20T00:00:00+00:00
[2023-02-19T07:44:37.582+0000] {processor.py:175} INFO - Processing /opt/airflow/dags/cms_upd.py took 3.538 seconds
[2023-02-19T08:48:19.351+0000] {processor.py:153} INFO - Started process (PID=18253) to work on /opt/airflow/dags/cms_upd.py
[2023-02-19T08:48:19.353+0000] {processor.py:743} INFO - Processing file /opt/airflow/dags/cms_upd.py for tasks to queue
[2023-02-19T08:48:19.354+0000] {logging_mixin.py:137} INFO - [2023-02-19T08:48:19.354+0000] {dagbag.py:538} INFO - Filling up the DagBag from /opt/airflow/dags/cms_upd.py
[2023-02-19T08:48:21.360+0000] {logging_mixin.py:137} INFO - Website is changed. Links: True
[2023-02-19T08:48:21.771+0000] {processor.py:753} INFO - DAG(s) dict_keys(['cms_asp_noc']) retrieved from /opt/airflow/dags/cms_upd.py
[2023-02-19T08:48:21.804+0000] {logging_mixin.py:137} INFO - [2023-02-19T08:48:21.803+0000] {dag.py:2690} INFO - Sync 1 DAGs
[2023-02-19T08:48:21.825+0000] {logging_mixin.py:137} INFO - [2023-02-19T08:48:21.825+0000] {dag.py:3441} INFO - Setting next_dagrun for cms_asp_noc to 2023-02-19T00:00:00+00:00, run_after=2023-02-20T00:00:00+00:00
[2023-02-19T08:48:21.839+0000] {processor.py:175} INFO - Processing /opt/airflow/dags/cms_upd.py took 2.501 seconds
[2023-02-19T10:09:28.416+0000] {processor.py:153} INFO - Started process (PID=18286) to work on /opt/airflow/dags/cms_upd.py
[2023-02-19T10:09:28.418+0000] {processor.py:743} INFO - Processing file /opt/airflow/dags/cms_upd.py for tasks to queue
[2023-02-19T10:09:28.421+0000] {logging_mixin.py:137} INFO - [2023-02-19T10:09:28.421+0000] {dagbag.py:538} INFO - Filling up the DagBag from /opt/airflow/dags/cms_upd.py
[2023-02-19T10:09:30.524+0000] {logging_mixin.py:137} INFO - Website is changed. Links: True
[2023-02-19T10:09:30.819+0000] {processor.py:753} INFO - DAG(s) dict_keys(['cms_asp_noc']) retrieved from /opt/airflow/dags/cms_upd.py
[2023-02-19T10:09:30.843+0000] {logging_mixin.py:137} INFO - [2023-02-19T10:09:30.843+0000] {dag.py:2690} INFO - Sync 1 DAGs
[2023-02-19T10:09:30.878+0000] {logging_mixin.py:137} INFO - [2023-02-19T10:09:30.878+0000] {dag.py:3441} INFO - Setting next_dagrun for cms_asp_noc to 2023-02-19T00:00:00+00:00, run_after=2023-02-20T00:00:00+00:00
[2023-02-19T10:09:30.894+0000] {processor.py:175} INFO - Processing /opt/airflow/dags/cms_upd.py took 2.491 seconds
[2023-02-19T11:16:51.830+0000] {processor.py:153} INFO - Started process (PID=18331) to work on /opt/airflow/dags/cms_upd.py
[2023-02-19T11:16:51.834+0000] {processor.py:743} INFO - Processing file /opt/airflow/dags/cms_upd.py for tasks to queue
[2023-02-19T11:16:51.836+0000] {logging_mixin.py:137} INFO - [2023-02-19T11:16:51.836+0000] {dagbag.py:538} INFO - Filling up the DagBag from /opt/airflow/dags/cms_upd.py
[2023-02-19T11:16:53.835+0000] {logging_mixin.py:137} INFO - Website is changed. Links: True
[2023-02-19T11:16:54.095+0000] {processor.py:753} INFO - DAG(s) dict_keys(['cms_asp_noc']) retrieved from /opt/airflow/dags/cms_upd.py
[2023-02-19T11:16:54.117+0000] {logging_mixin.py:137} INFO - [2023-02-19T11:16:54.117+0000] {dag.py:2690} INFO - Sync 1 DAGs
[2023-02-19T11:16:54.137+0000] {logging_mixin.py:137} INFO - [2023-02-19T11:16:54.137+0000] {dag.py:3441} INFO - Setting next_dagrun for cms_asp_noc to 2023-02-19T00:00:00+00:00, run_after=2023-02-20T00:00:00+00:00
[2023-02-19T11:16:54.151+0000] {processor.py:175} INFO - Processing /opt/airflow/dags/cms_upd.py took 2.370 seconds
[2023-02-19T12:26:15.867+0000] {processor.py:153} INFO - Started process (PID=18362) to work on /opt/airflow/dags/cms_upd.py
[2023-02-19T12:26:15.868+0000] {processor.py:743} INFO - Processing file /opt/airflow/dags/cms_upd.py for tasks to queue
[2023-02-19T12:26:15.869+0000] {logging_mixin.py:137} INFO - [2023-02-19T12:26:15.869+0000] {dagbag.py:538} INFO - Filling up the DagBag from /opt/airflow/dags/cms_upd.py
[2023-02-19T12:26:16.438+0000] {logging_mixin.py:137} INFO - Website is changed. Links: True
[2023-02-19T12:26:18.899+0000] {processor.py:753} INFO - DAG(s) dict_keys(['cms_asp_noc']) retrieved from /opt/airflow/dags/cms_upd.py
[2023-02-19T12:26:18.933+0000] {logging_mixin.py:137} INFO - [2023-02-19T12:26:18.933+0000] {dag.py:2690} INFO - Sync 1 DAGs
[2023-02-19T12:26:18.956+0000] {logging_mixin.py:137} INFO - [2023-02-19T12:26:18.956+0000] {dag.py:3441} INFO - Setting next_dagrun for cms_asp_noc to 2023-02-19T00:00:00+00:00, run_after=2023-02-20T00:00:00+00:00
[2023-02-19T12:26:18.979+0000] {processor.py:175} INFO - Processing /opt/airflow/dags/cms_upd.py took 3.117 seconds
[2023-02-19T13:32:28.858+0000] {processor.py:153} INFO - Started process (PID=18393) to work on /opt/airflow/dags/cms_upd.py
[2023-02-19T13:32:28.864+0000] {processor.py:743} INFO - Processing file /opt/airflow/dags/cms_upd.py for tasks to queue
[2023-02-19T13:32:28.871+0000] {logging_mixin.py:137} INFO - [2023-02-19T13:32:28.868+0000] {dagbag.py:538} INFO - Filling up the DagBag from /opt/airflow/dags/cms_upd.py
[2023-02-19T13:32:31.674+0000] {logging_mixin.py:137} INFO - [2023-02-19T13:32:31.441+0000] {dagbag.py:343} ERROR - Failed to import: /opt/airflow/dags/cms_upd.py
Traceback (most recent call last):
  File "/home/airflow/.local/lib/python3.7/site-packages/urllib3/connectionpool.py", line 710, in urlopen
    chunked=chunked,
  File "/home/airflow/.local/lib/python3.7/site-packages/urllib3/connectionpool.py", line 386, in _make_request
    self._validate_conn(conn)
  File "/home/airflow/.local/lib/python3.7/site-packages/urllib3/connectionpool.py", line 1042, in _validate_conn
    conn.connect()
  File "/home/airflow/.local/lib/python3.7/site-packages/urllib3/connection.py", line 424, in connect
    tls_in_tls=tls_in_tls,
  File "/home/airflow/.local/lib/python3.7/site-packages/urllib3/util/ssl_.py", line 450, in ssl_wrap_socket
    sock, context, tls_in_tls, server_hostname=server_hostname
  File "/home/airflow/.local/lib/python3.7/site-packages/urllib3/util/ssl_.py", line 493, in _ssl_wrap_socket_impl
    return ssl_context.wrap_socket(sock, server_hostname=server_hostname)
  File "/usr/local/lib/python3.7/ssl.py", line 423, in wrap_socket
    session=session
  File "/usr/local/lib/python3.7/ssl.py", line 870, in _create
    self.do_handshake()
  File "/usr/local/lib/python3.7/ssl.py", line 1139, in do_handshake
    self._sslobj.do_handshake()
OSError: [Errno 0] Error

During handling of the above exception, another exception occurred:

Traceback (most recent call last):
  File "/home/airflow/.local/lib/python3.7/site-packages/requests/adapters.py", line 499, in send
    timeout=timeout,
  File "/home/airflow/.local/lib/python3.7/site-packages/urllib3/connectionpool.py", line 788, in urlopen
    method, url, error=e, _pool=self, _stacktrace=sys.exc_info()[2]
  File "/home/airflow/.local/lib/python3.7/site-packages/urllib3/util/retry.py", line 550, in increment
    raise six.reraise(type(error), error, _stacktrace)
  File "/home/airflow/.local/lib/python3.7/site-packages/urllib3/packages/six.py", line 769, in reraise
    raise value.with_traceback(tb)
  File "/home/airflow/.local/lib/python3.7/site-packages/urllib3/connectionpool.py", line 710, in urlopen
    chunked=chunked,
  File "/home/airflow/.local/lib/python3.7/site-packages/urllib3/connectionpool.py", line 386, in _make_request
    self._validate_conn(conn)
  File "/home/airflow/.local/lib/python3.7/site-packages/urllib3/connectionpool.py", line 1042, in _validate_conn
    conn.connect()
  File "/home/airflow/.local/lib/python3.7/site-packages/urllib3/connection.py", line 424, in connect
    tls_in_tls=tls_in_tls,
  File "/home/airflow/.local/lib/python3.7/site-packages/urllib3/util/ssl_.py", line 450, in ssl_wrap_socket
    sock, context, tls_in_tls, server_hostname=server_hostname
  File "/home/airflow/.local/lib/python3.7/site-packages/urllib3/util/ssl_.py", line 493, in _ssl_wrap_socket_impl
    return ssl_context.wrap_socket(sock, server_hostname=server_hostname)
  File "/usr/local/lib/python3.7/ssl.py", line 423, in wrap_socket
    session=session
  File "/usr/local/lib/python3.7/ssl.py", line 870, in _create
    self.do_handshake()
  File "/usr/local/lib/python3.7/ssl.py", line 1139, in do_handshake
    self._sslobj.do_handshake()
urllib3.exceptions.ProtocolError: ('Connection aborted.', OSError(0, 'Error'))

During handling of the above exception, another exception occurred:

Traceback (most recent call last):
  File "/home/airflow/.local/lib/python3.7/site-packages/airflow/models/dagbag.py", line 339, in parse
    loader.exec_module(new_module)
  File "<frozen importlib._bootstrap_external>", line 728, in exec_module
  File "<frozen importlib._bootstrap>", line 219, in _call_with_frames_removed
  File "/opt/airflow/dags/cms_upd.py", line 12, in <module>
    from cms_pg.download_file import download_file
  File "/opt/airflow/dags/cms_pg/download_file.py", line 16, in <module>
    result = website_changed(web)
  File "/opt/airflow/dags/cms_pg/page_change.py", line 5, in website_changed
    reqs = requests.get(url)
  File "/home/airflow/.local/lib/python3.7/site-packages/requests/api.py", line 73, in get
    return request("get", url, params=params, **kwargs)
  File "/home/airflow/.local/lib/python3.7/site-packages/requests/api.py", line 59, in request
    return session.request(method=method, url=url, **kwargs)
  File "/home/airflow/.local/lib/python3.7/site-packages/requests/sessions.py", line 587, in request
    resp = self.send(prep, **send_kwargs)
  File "/home/airflow/.local/lib/python3.7/site-packages/requests/sessions.py", line 701, in send
    r = adapter.send(request, **kwargs)
  File "/home/airflow/.local/lib/python3.7/site-packages/requests/adapters.py", line 547, in send
    raise ConnectionError(err, request=request)
requests.exceptions.ConnectionError: ('Connection aborted.', OSError(0, 'Error'))
[2023-02-19T13:32:31.701+0000] {processor.py:755} WARNING - No viable dags retrieved from /opt/airflow/dags/cms_upd.py
[2023-02-19T13:32:31.925+0000] {processor.py:175} INFO - Processing /opt/airflow/dags/cms_upd.py took 3.111 seconds
[2023-02-19T14:40:43.749+0000] {processor.py:153} INFO - Started process (PID=18436) to work on /opt/airflow/dags/cms_upd.py
[2023-02-19T14:40:43.752+0000] {processor.py:743} INFO - Processing file /opt/airflow/dags/cms_upd.py for tasks to queue
[2023-02-19T14:40:43.753+0000] {logging_mixin.py:137} INFO - [2023-02-19T14:40:43.753+0000] {dagbag.py:538} INFO - Filling up the DagBag from /opt/airflow/dags/cms_upd.py
[2023-02-19T14:40:44.917+0000] {logging_mixin.py:137} INFO - Website is changed. Links: True
[2023-02-19T14:40:45.209+0000] {processor.py:753} INFO - DAG(s) dict_keys(['cms_asp_noc']) retrieved from /opt/airflow/dags/cms_upd.py
[2023-02-19T14:40:45.266+0000] {logging_mixin.py:137} INFO - [2023-02-19T14:40:45.266+0000] {dag.py:2690} INFO - Sync 1 DAGs
[2023-02-19T14:40:45.284+0000] {logging_mixin.py:137} INFO - [2023-02-19T14:40:45.284+0000] {dag.py:3441} INFO - Setting next_dagrun for cms_asp_noc to 2023-02-19T00:00:00+00:00, run_after=2023-02-20T00:00:00+00:00
[2023-02-19T14:40:45.299+0000] {processor.py:175} INFO - Processing /opt/airflow/dags/cms_upd.py took 1.559 seconds
[2023-02-19T15:49:42.389+0000] {processor.py:153} INFO - Started process (PID=18467) to work on /opt/airflow/dags/cms_upd.py
[2023-02-19T15:49:42.393+0000] {processor.py:743} INFO - Processing file /opt/airflow/dags/cms_upd.py for tasks to queue
[2023-02-19T15:49:42.397+0000] {logging_mixin.py:137} INFO - [2023-02-19T15:49:42.396+0000] {dagbag.py:538} INFO - Filling up the DagBag from /opt/airflow/dags/cms_upd.py
[2023-02-19T15:49:43.816+0000] {logging_mixin.py:137} INFO - Website is changed. Links: True
[2023-02-19T15:49:44.138+0000] {processor.py:753} INFO - DAG(s) dict_keys(['cms_asp_noc']) retrieved from /opt/airflow/dags/cms_upd.py
[2023-02-19T15:49:44.168+0000] {logging_mixin.py:137} INFO - [2023-02-19T15:49:44.168+0000] {dag.py:2690} INFO - Sync 1 DAGs
[2023-02-19T15:49:44.190+0000] {logging_mixin.py:137} INFO - [2023-02-19T15:49:44.190+0000] {dag.py:3441} INFO - Setting next_dagrun for cms_asp_noc to 2023-02-19T00:00:00+00:00, run_after=2023-02-20T00:00:00+00:00
[2023-02-19T15:49:44.203+0000] {processor.py:175} INFO - Processing /opt/airflow/dags/cms_upd.py took 1.821 seconds
[2023-02-19T16:46:20.243+0000] {processor.py:153} INFO - Started process (PID=18499) to work on /opt/airflow/dags/cms_upd.py
[2023-02-19T16:46:20.248+0000] {processor.py:743} INFO - Processing file /opt/airflow/dags/cms_upd.py for tasks to queue
[2023-02-19T16:46:20.253+0000] {logging_mixin.py:137} INFO - [2023-02-19T16:46:20.252+0000] {dagbag.py:538} INFO - Filling up the DagBag from /opt/airflow/dags/cms_upd.py
[2023-02-19T16:46:26.053+0000] {logging_mixin.py:137} INFO - Website is changed. Links: True
[2023-02-19T16:46:26.977+0000] {processor.py:753} INFO - DAG(s) dict_keys(['cms_asp_noc']) retrieved from /opt/airflow/dags/cms_upd.py
[2023-02-19T16:46:27.045+0000] {logging_mixin.py:137} INFO - [2023-02-19T16:46:27.044+0000] {dag.py:2690} INFO - Sync 1 DAGs
[2023-02-19T16:46:27.098+0000] {logging_mixin.py:137} INFO - [2023-02-19T16:46:27.098+0000] {dag.py:3441} INFO - Setting next_dagrun for cms_asp_noc to 2023-02-19T00:00:00+00:00, run_after=2023-02-20T00:00:00+00:00
[2023-02-19T16:46:27.142+0000] {processor.py:175} INFO - Processing /opt/airflow/dags/cms_upd.py took 6.907 seconds
[2023-02-19T17:34:34.259+0000] {processor.py:153} INFO - Started process (PID=18535) to work on /opt/airflow/dags/cms_upd.py
[2023-02-19T17:34:34.285+0000] {processor.py:743} INFO - Processing file /opt/airflow/dags/cms_upd.py for tasks to queue
[2023-02-19T17:34:34.288+0000] {logging_mixin.py:137} INFO - [2023-02-19T17:34:34.287+0000] {dagbag.py:538} INFO - Filling up the DagBag from /opt/airflow/dags/cms_upd.py
[2023-02-19T17:34:35.644+0000] {logging_mixin.py:137} INFO - Website is changed. Links: True
[2023-02-19T17:34:37.025+0000] {processor.py:753} INFO - DAG(s) dict_keys(['cms_asp_noc']) retrieved from /opt/airflow/dags/cms_upd.py
[2023-02-19T17:34:37.072+0000] {logging_mixin.py:137} INFO - [2023-02-19T17:34:37.072+0000] {dag.py:2690} INFO - Sync 1 DAGs
[2023-02-19T17:34:37.118+0000] {logging_mixin.py:137} INFO - [2023-02-19T17:34:37.118+0000] {dag.py:3441} INFO - Setting next_dagrun for cms_asp_noc to 2023-02-19T00:00:00+00:00, run_after=2023-02-20T00:00:00+00:00
[2023-02-19T17:34:37.141+0000] {processor.py:175} INFO - Processing /opt/airflow/dags/cms_upd.py took 2.895 seconds
[2023-02-19T18:38:28.564+0000] {processor.py:153} INFO - Started process (PID=18572) to work on /opt/airflow/dags/cms_upd.py
[2023-02-19T18:38:28.567+0000] {processor.py:743} INFO - Processing file /opt/airflow/dags/cms_upd.py for tasks to queue
[2023-02-19T18:38:28.570+0000] {logging_mixin.py:137} INFO - [2023-02-19T18:38:28.570+0000] {dagbag.py:538} INFO - Filling up the DagBag from /opt/airflow/dags/cms_upd.py
[2023-02-19T18:38:30.095+0000] {logging_mixin.py:137} INFO - Website is changed. Links: True
[2023-02-19T18:38:31.129+0000] {processor.py:753} INFO - DAG(s) dict_keys(['cms_asp_noc']) retrieved from /opt/airflow/dags/cms_upd.py
[2023-02-19T18:38:31.163+0000] {logging_mixin.py:137} INFO - [2023-02-19T18:38:31.162+0000] {dag.py:2690} INFO - Sync 1 DAGs
[2023-02-19T18:38:31.183+0000] {logging_mixin.py:137} INFO - [2023-02-19T18:38:31.183+0000] {dag.py:3441} INFO - Setting next_dagrun for cms_asp_noc to 2023-02-19T00:00:00+00:00, run_after=2023-02-20T00:00:00+00:00
[2023-02-19T18:38:31.198+0000] {processor.py:175} INFO - Processing /opt/airflow/dags/cms_upd.py took 2.645 seconds
[2023-02-19T19:28:57.563+0000] {processor.py:153} INFO - Started process (PID=18603) to work on /opt/airflow/dags/cms_upd.py
[2023-02-19T19:28:57.569+0000] {processor.py:743} INFO - Processing file /opt/airflow/dags/cms_upd.py for tasks to queue
[2023-02-19T19:28:57.573+0000] {logging_mixin.py:137} INFO - [2023-02-19T19:28:57.573+0000] {dagbag.py:538} INFO - Filling up the DagBag from /opt/airflow/dags/cms_upd.py
[2023-02-19T19:29:00.895+0000] {logging_mixin.py:137} INFO - Website is changed. Links: True
[2023-02-19T19:29:01.264+0000] {processor.py:753} INFO - DAG(s) dict_keys(['cms_asp_noc']) retrieved from /opt/airflow/dags/cms_upd.py
[2023-02-19T19:29:01.294+0000] {logging_mixin.py:137} INFO - [2023-02-19T19:29:01.294+0000] {dag.py:2690} INFO - Sync 1 DAGs
[2023-02-19T19:29:01.326+0000] {logging_mixin.py:137} INFO - [2023-02-19T19:29:01.326+0000] {dag.py:3441} INFO - Setting next_dagrun for cms_asp_noc to 2023-02-19T00:00:00+00:00, run_after=2023-02-20T00:00:00+00:00
[2023-02-19T19:29:01.343+0000] {processor.py:175} INFO - Processing /opt/airflow/dags/cms_upd.py took 3.810 seconds
[2023-02-19T20:36:10.549+0000] {processor.py:153} INFO - Started process (PID=18640) to work on /opt/airflow/dags/cms_upd.py
[2023-02-19T20:36:10.553+0000] {processor.py:743} INFO - Processing file /opt/airflow/dags/cms_upd.py for tasks to queue
[2023-02-19T20:36:10.558+0000] {logging_mixin.py:137} INFO - [2023-02-19T20:36:10.557+0000] {dagbag.py:538} INFO - Filling up the DagBag from /opt/airflow/dags/cms_upd.py
[2023-02-19T20:36:13.040+0000] {logging_mixin.py:137} INFO - Write in empty file.
[2023-02-19T20:36:13.386+0000] {processor.py:753} INFO - DAG(s) dict_keys(['cms_asp_noc']) retrieved from /opt/airflow/dags/cms_upd.py
[2023-02-19T20:36:13.416+0000] {logging_mixin.py:137} INFO - [2023-02-19T20:36:13.416+0000] {dag.py:2690} INFO - Sync 1 DAGs
[2023-02-19T20:36:13.442+0000] {logging_mixin.py:137} INFO - [2023-02-19T20:36:13.442+0000] {dag.py:3441} INFO - Setting next_dagrun for cms_asp_noc to 2023-02-19T00:00:00+00:00, run_after=2023-02-20T00:00:00+00:00
[2023-02-19T20:36:13.464+0000] {processor.py:175} INFO - Processing /opt/airflow/dags/cms_upd.py took 2.946 seconds
[2023-02-19T21:58:35.028+0000] {processor.py:153} INFO - Started process (PID=18677) to work on /opt/airflow/dags/cms_upd.py
[2023-02-19T21:58:35.034+0000] {processor.py:743} INFO - Processing file /opt/airflow/dags/cms_upd.py for tasks to queue
[2023-02-19T21:58:35.035+0000] {logging_mixin.py:137} INFO - [2023-02-19T21:58:35.035+0000] {dagbag.py:538} INFO - Filling up the DagBag from /opt/airflow/dags/cms_upd.py
[2023-02-19T21:58:37.071+0000] {logging_mixin.py:137} INFO - Website is changed. Links: True
[2023-02-19T21:58:37.415+0000] {processor.py:753} INFO - DAG(s) dict_keys(['cms_asp_noc']) retrieved from /opt/airflow/dags/cms_upd.py
[2023-02-19T21:58:37.440+0000] {logging_mixin.py:137} INFO - [2023-02-19T21:58:37.440+0000] {dag.py:2690} INFO - Sync 1 DAGs
[2023-02-19T21:58:37.459+0000] {logging_mixin.py:137} INFO - [2023-02-19T21:58:37.459+0000] {dag.py:3441} INFO - Setting next_dagrun for cms_asp_noc to 2023-02-19T00:00:00+00:00, run_after=2023-02-20T00:00:00+00:00
[2023-02-19T21:58:37.474+0000] {processor.py:175} INFO - Processing /opt/airflow/dags/cms_upd.py took 2.466 seconds
[2023-02-19T23:01:17.256+0000] {processor.py:153} INFO - Started process (PID=18708) to work on /opt/airflow/dags/cms_upd.py
[2023-02-19T23:01:17.258+0000] {processor.py:743} INFO - Processing file /opt/airflow/dags/cms_upd.py for tasks to queue
[2023-02-19T23:01:17.262+0000] {logging_mixin.py:137} INFO - [2023-02-19T23:01:17.262+0000] {dagbag.py:538} INFO - Filling up the DagBag from /opt/airflow/dags/cms_upd.py
[2023-02-19T23:01:17.878+0000] {logging_mixin.py:137} INFO - Write in empty file.
[2023-02-19T23:01:18.450+0000] {processor.py:753} INFO - DAG(s) dict_keys(['cms_asp_noc']) retrieved from /opt/airflow/dags/cms_upd.py
[2023-02-19T23:01:18.471+0000] {logging_mixin.py:137} INFO - [2023-02-19T23:01:18.471+0000] {dag.py:2690} INFO - Sync 1 DAGs
[2023-02-19T23:01:18.489+0000] {logging_mixin.py:137} INFO - [2023-02-19T23:01:18.488+0000] {dag.py:3441} INFO - Setting next_dagrun for cms_asp_noc to 2023-02-19T00:00:00+00:00, run_after=2023-02-20T00:00:00+00:00
[2023-02-19T23:01:18.501+0000] {processor.py:175} INFO - Processing /opt/airflow/dags/cms_upd.py took 1.248 seconds
[2023-02-19T23:51:14.982+0000] {processor.py:153} INFO - Started process (PID=18752) to work on /opt/airflow/dags/cms_upd.py
[2023-02-19T23:51:14.984+0000] {processor.py:743} INFO - Processing file /opt/airflow/dags/cms_upd.py for tasks to queue
[2023-02-19T23:51:14.985+0000] {logging_mixin.py:137} INFO - [2023-02-19T23:51:14.985+0000] {dagbag.py:538} INFO - Filling up the DagBag from /opt/airflow/dags/cms_upd.py
[2023-02-19T23:51:15.586+0000] {logging_mixin.py:137} INFO - Write in empty file.
[2023-02-19T23:51:19.710+0000] {processor.py:753} INFO - DAG(s) dict_keys(['cms_asp_noc']) retrieved from /opt/airflow/dags/cms_upd.py
[2023-02-19T23:51:19.773+0000] {logging_mixin.py:137} INFO - [2023-02-19T23:51:19.773+0000] {dag.py:2690} INFO - Sync 1 DAGs
[2023-02-19T23:51:19.801+0000] {logging_mixin.py:137} INFO - [2023-02-19T23:51:19.801+0000] {dag.py:3441} INFO - Setting next_dagrun for cms_asp_noc to 2023-02-19T00:00:00+00:00, run_after=2023-02-20T00:00:00+00:00
[2023-02-19T23:51:19.826+0000] {processor.py:175} INFO - Processing /opt/airflow/dags/cms_upd.py took 4.848 seconds
